06:19:07 **** Build of configuration Debug for project LAB3_Game ****
make -j16 all 
arm-none-eabi-gcc "../Drivers/STM32G4xx_HAL_Driver/Src/stm32g4xx_hal.c" -mcpu=cortex-m4 -std=gnu11 -g3 -DDEBUG -DUSE_HAL_DRIVER -DSTM32G474xx -c -I../Core/Inc -I../Drivers/STM32G4xx_HAL_Driver/Inc -I../Drivers/STM32G4xx_HAL_Driver/Inc/Legacy -I../Drivers/CMSIS/Device/ST/STM32G4xx/Include -I../Drivers/CMSIS/Include -O0 -ffunction-sections -fdata-sections -Wall -fstack-usage -fcyclomatic-complexity -MMD -MP -MF"Drivers/STM32G4xx_HAL_Driver/Src/stm32g4xx_hal.d" -MT"Drivers/STM32G4xx_HAL_Driver/Src/stm32g4xx_hal.o" --specs=nano.specs -mfpu=fpv4-sp-d16 -mfloat-abi=hard -mthumb -o "Drivers/STM32G4xx_HAL_Driver/Src/stm32g4xx_hal.o"
arm-none-eabi-gcc "../Drivers/STM32G4xx_HAL_Driver/Src/stm32g4xx_hal_cortex.c" -mcpu=cortex-m4 -std=gnu11 -g3 -DDEBUG -DUSE_HAL_DRIVER -DSTM32G474xx -c -I../Core/Inc -I../Drivers/STM32G4xx_HAL_Driver/Inc -I../Drivers/STM32G4xx_HAL_Driver/Inc/Legacy -I../Drivers/CMSIS/Device/ST/STM32G4xx/Include -I../Drivers/CMSIS/Include -O0 -ffunction-sections -fdata-sections -Wall -fstack-usage -fcyclomatic-complexity -MMD -MP -MF"Drivers/STM32G4xx_HAL_Driver/Src/stm32g4xx_hal_cortex.d" -MT"Drivers/STM32G4xx_HAL_Driver/Src/stm32g4xx_hal_cortex.o" --specs=nano.specs -mfpu=fpv4-sp-d16 -mfloat-abi=hard -mthumb -o "Drivers/STM32G4xx_HAL_Driver/Src/stm32g4xx_hal_cortex.o"
arm-none-eabi-gcc "../Drivers/STM32G4xx_HAL_Driver/Src/stm32g4xx_hal_dma.c" -mcpu=cortex-m4 -std=gnu11 -g3 -DDEBUG -DUSE_HAL_DRIVER -DSTM32G474xx -c -I../Core/Inc -I../Drivers/STM32G4xx_HAL_Driver/Inc -I../Drivers/STM32G4xx_HAL_Driver/Inc/Legacy -I../Drivers/CMSIS/Device/ST/STM32G4xx/Include -I../Drivers/CMSIS/Include -O0 -ffunction-sections -fdata-sections -Wall -fstack-usage -fcyclomatic-complexity -MMD -MP -MF"Drivers/STM32G4xx_HAL_Driver/Src/stm32g4xx_hal_dma.d" -MT"Drivers/STM32G4xx_HAL_Driver/Src/stm32g4xx_hal_dma.o" --specs=nano.specs -mfpu=fpv4-sp-d16 -mfloat-abi=hard -mthumb -o "Drivers/STM32G4xx_HAL_Driver/Src/stm32g4xx_hal_dma.o"
arm-none-eabi-gcc "../Drivers/STM32G4xx_HAL_Driver/Src/stm32g4xx_hal_dma_ex.c" -mcpu=cortex-m4 -std=gnu11 -g3 -DDEBUG -DUSE_HAL_DRIVER -DSTM32G474xx -c -I../Core/Inc -I../Drivers/STM32G4xx_HAL_Driver/Inc -I../Drivers/STM32G4xx_HAL_Driver/Inc/Legacy -I../Drivers/CMSIS/Device/ST/STM32G4xx/Include -I../Drivers/CMSIS/Include -O0 -ffunction-sections -fdata-sections -Wall -fstack-usage -fcyclomatic-complexity -MMD -MP -MF"Drivers/STM32G4xx_HAL_Driver/Src/stm32g4xx_hal_dma_ex.d" -MT"Drivers/STM32G4xx_HAL_Driver/Src/stm32g4xx_hal_dma_ex.o" --specs=nano.specs -mfpu=fpv4-sp-d16 -mfloat-abi=hard -mthumb -o "Drivers/STM32G4xx_HAL_Driver/Src/stm32g4xx_hal_dma_ex.o"
arm-none-eabi-gcc "../Drivers/STM32G4xx_HAL_Driver/Src/stm32g4xx_hal_exti.c" -mcpu=cortex-m4 -std=gnu11 -g3 -DDEBUG -DUSE_HAL_DRIVER -DSTM32G474xx -c -I../Core/Inc -I../Drivers/STM32G4xx_HAL_Driver/Inc -I../Drivers/STM32G4xx_HAL_Driver/Inc/Legacy -I../Drivers/CMSIS/Device/ST/STM32G4xx/Include -I../Drivers/CMSIS/Include -O0 -ffunction-sections -fdata-sections -Wall -fstack-usage -fcyclomatic-complexity -MMD -MP -MF"Drivers/STM32G4xx_HAL_Driver/Src/stm32g4xx_hal_exti.d" -MT"Drivers/STM32G4xx_HAL_Driver/Src/stm32g4xx_hal_exti.o" --specs=nano.specs -mfpu=fpv4-sp-d16 -mfloat-abi=hard -mthumb -o "Drivers/STM32G4xx_HAL_Driver/Src/stm32g4xx_hal_exti.o"
arm-none-eabi-gcc "../Drivers/STM32G4xx_HAL_Driver/Src/stm32g4xx_hal_flash.c" -mcpu=cortex-m4 -std=gnu11 -g3 -DDEBUG -DUSE_HAL_DRIVER -DSTM32G474xx -c -I../Core/Inc -I../Drivers/STM32G4xx_HAL_Driver/Inc -I../Drivers/STM32G4xx_HAL_Driver/Inc/Legacy -I../Drivers/CMSIS/Device/ST/STM32G4xx/Include -I../Drivers/CMSIS/Include -O0 -ffunction-sections -fdata-sections -Wall -fstack-usage -fcyclomatic-complexity -MMD -MP -MF"Drivers/STM32G4xx_HAL_Driver/Src/stm32g4xx_hal_flash.d" -MT"Drivers/STM32G4xx_HAL_Driver/Src/stm32g4xx_hal_flash.o" --specs=nano.specs -mfpu=fpv4-sp-d16 -mfloat-abi=hard -mthumb -o "Drivers/STM32G4xx_HAL_Driver/Src/stm32g4xx_hal_flash.o"
arm-none-eabi-gcc "../Drivers/STM32G4xx_HAL_Driver/Src/stm32g4xx_hal_flash_ex.c" -mcpu=cortex-m4 -std=gnu11 -g3 -DDEBUG -DUSE_HAL_DRIVER -DSTM32G474xx -c -I../Core/Inc -I../Drivers/STM32G4xx_HAL_Driver/Inc -I../Drivers/STM32G4xx_HAL_Driver/Inc/Legacy -I../Drivers/CMSIS/Device/ST/STM32G4xx/Include -I../Drivers/CMSIS/Include -O0 -ffunction-sections -fdata-sections -Wall -fstack-usage -fcyclomatic-complexity -MMD -MP -MF"Drivers/STM32G4xx_HAL_Driver/Src/stm32g4xx_hal_flash_ex.d" -MT"Drivers/STM32G4xx_HAL_Driver/Src/stm32g4xx_hal_flash_ex.o" --specs=nano.specs -mfpu=fpv4-sp-d16 -mfloat-abi=hard -mthumb -o "Drivers/STM32G4xx_HAL_Driver/Src/stm32g4xx_hal_flash_ex.o"
arm-none-eabi-gcc "../Drivers/STM32G4xx_HAL_Driver/Src/stm32g4xx_hal_flash_ramfunc.c" -mcpu=cortex-m4 -std=gnu11 -g3 -DDEBUG -DUSE_HAL_DRIVER -DSTM32G474xx -c -I../Core/Inc -I../Drivers/STM32G4xx_HAL_Driver/Inc -I../Drivers/STM32G4xx_HAL_Driver/Inc/Legacy -I../Drivers/CMSIS/Device/ST/STM32G4xx/Include -I../Drivers/CMSIS/Include -O0 -ffunction-sections -fdata-sections -Wall -fstack-usage -fcyclomatic-complexity -MMD -MP -MF"Drivers/STM32G4xx_HAL_Driver/Src/stm32g4xx_hal_flash_ramfunc.d" -MT"Drivers/STM32G4xx_HAL_Driver/Src/stm32g4xx_hal_flash_ramfunc.o" --specs=nano.specs -mfpu=fpv4-sp-d16 -mfloat-abi=hard -mthumb -o "Drivers/STM32G4xx_HAL_Driver/Src/stm32g4xx_hal_flash_ramfunc.o"
arm-none-eabi-gcc "../Drivers/STM32G4xx_HAL_Driver/Src/stm32g4xx_hal_gpio.c" -mcpu=cortex-m4 -std=gnu11 -g3 -DDEBUG -DUSE_HAL_DRIVER -DSTM32G474xx -c -I../Core/Inc -I../Drivers/STM32G4xx_HAL_Driver/Inc -I../Drivers/STM32G4xx_HAL_Driver/Inc/Legacy -I../Drivers/CMSIS/Device/ST/STM32G4xx/Include -I../Drivers/CMSIS/Include -O0 -ffunction-sections -fdata-sections -Wall -fstack-usage -fcyclomatic-complexity -MMD -MP -MF"Drivers/STM32G4xx_HAL_Driver/Src/stm32g4xx_hal_gpio.d" -MT"Drivers/STM32G4xx_HAL_Driver/Src/stm32g4xx_hal_gpio.o" --specs=nano.specs -mfpu=fpv4-sp-d16 -mfloat-abi=hard -mthumb -o "Drivers/STM32G4xx_HAL_Driver/Src/stm32g4xx_hal_gpio.o"
arm-none-eabi-gcc "../Drivers/STM32G4xx_HAL_Driver/Src/stm32g4xx_hal_pwr.c" -mcpu=cortex-m4 -std=gnu11 -g3 -DDEBUG -DUSE_HAL_DRIVER -DSTM32G474xx -c -I../Core/Inc -I../Drivers/STM32G4xx_HAL_Driver/Inc -I../Drivers/STM32G4xx_HAL_Driver/Inc/Legacy -I../Drivers/CMSIS/Device/ST/STM32G4xx/Include -I../Drivers/CMSIS/Include -O0 -ffunction-sections -fdata-sections -Wall -fstack-usage -fcyclomatic-complexity -MMD -MP -MF"Drivers/STM32G4xx_HAL_Driver/Src/stm32g4xx_hal_pwr.d" -MT"Drivers/STM32G4xx_HAL_Driver/Src/stm32g4xx_hal_pwr.o" --specs=nano.specs -mfpu=fpv4-sp-d16 -mfloat-abi=hard -mthumb -o "Drivers/STM32G4xx_HAL_Driver/Src/stm32g4xx_hal_pwr.o"
arm-none-eabi-gcc "../Drivers/STM32G4xx_HAL_Driver/Src/stm32g4xx_hal_pwr_ex.c" -mcpu=cortex-m4 -std=gnu11 -g3 -DDEBUG -DUSE_HAL_DRIVER -DSTM32G474xx -c -I../Core/Inc -I../Drivers/STM32G4xx_HAL_Driver/Inc -I../Drivers/STM32G4xx_HAL_Driver/Inc/Legacy -I../Drivers/CMSIS/Device/ST/STM32G4xx/Include -I../Drivers/CMSIS/Include -O0 -ffunction-sections -fdata-sections -Wall -fstack-usage -fcyclomatic-complexity -MMD -MP -MF"Drivers/STM32G4xx_HAL_Driver/Src/stm32g4xx_hal_pwr_ex.d" -MT"Drivers/STM32G4xx_HAL_Driver/Src/stm32g4xx_hal_pwr_ex.o" --specs=nano.specs -mfpu=fpv4-sp-d16 -mfloat-abi=hard -mthumb -o "Drivers/STM32G4xx_HAL_Driver/Src/stm32g4xx_hal_pwr_ex.o"
arm-none-eabi-gcc "../Drivers/STM32G4xx_HAL_Driver/Src/stm32g4xx_hal_rcc.c" -mcpu=cortex-m4 -std=gnu11 -g3 -DDEBUG -DUSE_HAL_DRIVER -DSTM32G474xx -c -I../Core/Inc -I../Drivers/STM32G4xx_HAL_Driver/Inc -I../Drivers/STM32G4xx_HAL_Driver/Inc/Legacy -I../Drivers/CMSIS/Device/ST/STM32G4xx/Include -I../Drivers/CMSIS/Include -O0 -ffunction-sections -fdata-sections -Wall -fstack-usage -fcyclomatic-complexity -MMD -MP -MF"Drivers/STM32G4xx_HAL_Driver/Src/stm32g4xx_hal_rcc.d" -MT"Drivers/STM32G4xx_HAL_Driver/Src/stm32g4xx_hal_rcc.o" --specs=nano.specs -mfpu=fpv4-sp-d16 -mfloat-abi=hard -mthumb -o "Drivers/STM32G4xx_HAL_Driver/Src/stm32g4xx_hal_rcc.o"
arm-none-eabi-gcc "../Drivers/STM32G4xx_HAL_Driver/Src/stm32g4xx_hal_rcc_ex.c" -mcpu=cortex-m4 -std=gnu11 -g3 -DDEBUG -DUSE_HAL_DRIVER -DSTM32G474xx -c -I../Core/Inc -I../Drivers/STM32G4xx_HAL_Driver/Inc -I../Drivers/STM32G4xx_HAL_Driver/Inc/Legacy -I../Drivers/CMSIS/Device/ST/STM32G4xx/Include -I../Drivers/CMSIS/Include -O0 -ffunction-sections -fdata-sections -Wall -fstack-usage -fcyclomatic-complexity -MMD -MP -MF"Drivers/STM32G4xx_HAL_Driver/Src/stm32g4xx_hal_rcc_ex.d" -MT"Drivers/STM32G4xx_HAL_Driver/Src/stm32g4xx_hal_rcc_ex.o" --specs=nano.specs -mfpu=fpv4-sp-d16 -mfloat-abi=hard -mthumb -o "Drivers/STM32G4xx_HAL_Driver/Src/stm32g4xx_hal_rcc_ex.o"
arm-none-eabi-gcc "../Drivers/STM32G4xx_HAL_Driver/Src/stm32g4xx_hal_spi.c" -mcpu=cortex-m4 -std=gnu11 -g3 -DDEBUG -DUSE_HAL_DRIVER -DSTM32G474xx -c -I../Core/Inc -I../Drivers/STM32G4xx_HAL_Driver/Inc -I../Drivers/STM32G4xx_HAL_Driver/Inc/Legacy -I../Drivers/CMSIS/Device/ST/STM32G4xx/Include -I../Drivers/CMSIS/Include -O0 -ffunction-sections -fdata-sections -Wall -fstack-usage -fcyclomatic-complexity -MMD -MP -MF"Drivers/STM32G4xx_HAL_Driver/Src/stm32g4xx_hal_spi.d" -MT"Drivers/STM32G4xx_HAL_Driver/Src/stm32g4xx_hal_spi.o" --specs=nano.specs -mfpu=fpv4-sp-d16 -mfloat-abi=hard -mthumb -o "Drivers/STM32G4xx_HAL_Driver/Src/stm32g4xx_hal_spi.o"
arm-none-eabi-gcc "../Drivers/STM32G4xx_HAL_Driver/Src/stm32g4xx_hal_spi_ex.c" -mcpu=cortex-m4 -std=gnu11 -g3 -DDEBUG -DUSE_HAL_DRIVER -DSTM32G474xx -c -I../Core/Inc -I../Drivers/STM32G4xx_HAL_Driver/Inc -I../Drivers/STM32G4xx_HAL_Driver/Inc/Legacy -I../Drivers/CMSIS/Device/ST/STM32G4xx/Include -I../Drivers/CMSIS/Include -O0 -ffunction-sections -fdata-sections -Wall -fstack-usage -fcyclomatic-complexity -MMD -MP -MF"Drivers/STM32G4xx_HAL_Driver/Src/stm32g4xx_hal_spi_ex.d" -MT"Drivers/STM32G4xx_HAL_Driver/Src/stm32g4xx_hal_spi_ex.o" --specs=nano.specs -mfpu=fpv4-sp-d16 -mfloat-abi=hard -mthumb -o "Drivers/STM32G4xx_HAL_Driver/Src/stm32g4xx_hal_spi_ex.o"
arm-none-eabi-gcc "../Drivers/STM32G4xx_HAL_Driver/Src/stm32g4xx_hal_tim.c" -mcpu=cortex-m4 -std=gnu11 -g3 -DDEBUG -DUSE_HAL_DRIVER -DSTM32G474xx -c -I../Core/Inc -I../Drivers/STM32G4xx_HAL_Driver/Inc -I../Drivers/STM32G4xx_HAL_Driver/Inc/Legacy -I../Drivers/CMSIS/Device/ST/STM32G4xx/Include -I../Drivers/CMSIS/Include -O0 -ffunction-sections -fdata-sections -Wall -fstack-usage -fcyclomatic-complexity -MMD -MP -MF"Drivers/STM32G4xx_HAL_Driver/Src/stm32g4xx_hal_tim.d" -MT"Drivers/STM32G4xx_HAL_Driver/Src/stm32g4xx_hal_tim.o" --specs=nano.specs -mfpu=fpv4-sp-d16 -mfloat-abi=hard -mthumb -o "Drivers/STM32G4xx_HAL_Driver/Src/stm32g4xx_hal_tim.o"
arm-none-eabi-gcc "../Drivers/STM32G4xx_HAL_Driver/Src/stm32g4xx_hal_tim_ex.c" -mcpu=cortex-m4 -std=gnu11 -g3 -DDEBUG -DUSE_HAL_DRIVER -DSTM32G474xx -c -I../Core/Inc -I../Drivers/STM32G4xx_HAL_Driver/Inc -I../Drivers/STM32G4xx_HAL_Driver/Inc/Legacy -I../Drivers/CMSIS/Device/ST/STM32G4xx/Include -I../Drivers/CMSIS/Include -O0 -ffunction-sections -fdata-sections -Wall -fstack-usage -fcyclomatic-complexity -MMD -MP -MF"Drivers/STM32G4xx_HAL_Driver/Src/stm32g4xx_hal_tim_ex.d" -MT"Drivers/STM32G4xx_HAL_Driver/Src/stm32g4xx_hal_tim_ex.o" --specs=nano.specs -mfpu=fpv4-sp-d16 -mfloat-abi=hard -mthumb -o "Drivers/STM32G4xx_HAL_Driver/Src/stm32g4xx_hal_tim_ex.o"
arm-none-eabi-gcc "../Drivers/STM32G4xx_HAL_Driver/Src/stm32g4xx_hal_uart.c" -mcpu=cortex-m4 -std=gnu11 -g3 -DDEBUG -DUSE_HAL_DRIVER -DSTM32G474xx -c -I../Core/Inc -I../Drivers/STM32G4xx_HAL_Driver/Inc -I../Drivers/STM32G4xx_HAL_Driver/Inc/Legacy -I../Drivers/CMSIS/Device/ST/STM32G4xx/Include -I../Drivers/CMSIS/Include -O0 -ffunction-sections -fdata-sections -Wall -fstack-usage -fcyclomatic-complexity -MMD -MP -MF"Drivers/STM32G4xx_HAL_Driver/Src/stm32g4xx_hal_uart.d" -MT"Drivers/STM32G4xx_HAL_Driver/Src/stm32g4xx_hal_uart.o" --specs=nano.specs -mfpu=fpv4-sp-d16 -mfloat-abi=hard -mthumb -o "Drivers/STM32G4xx_HAL_Driver/Src/stm32g4xx_hal_uart.o"
arm-none-eabi-gcc "../Drivers/STM32G4xx_HAL_Driver/Src/stm32g4xx_hal_uart_ex.c" -mcpu=cortex-m4 -std=gnu11 -g3 -DDEBUG -DUSE_HAL_DRIVER -DSTM32G474xx -c -I../Core/Inc -I../Drivers/STM32G4xx_HAL_Driver/Inc -I../Drivers/STM32G4xx_HAL_Driver/Inc/Legacy -I../Drivers/CMSIS/Device/ST/STM32G4xx/Include -I../Drivers/CMSIS/Include -O0 -ffunction-sections -fdata-sections -Wall -fstack-usage -fcyclomatic-complexity -MMD -MP -MF"Drivers/STM32G4xx_HAL_Driver/Src/stm32g4xx_hal_uart_ex.d" -MT"Drivers/STM32G4xx_HAL_Driver/Src/stm32g4xx_hal_uart_ex.o" --specs=nano.specs -mfpu=fpv4-sp-d16 -mfloat-abi=hard -mthumb -o "Drivers/STM32G4xx_HAL_Driver/Src/stm32g4xx_hal_uart_ex.o"
arm-none-eabi-gcc -mcpu=cortex-m4 -g3 -DDEBUG -c -x assembler-with-cpp -MMD -MP -MF"Core/Startup/startup_stm32g474retx.d" -MT"Core/Startup/startup_stm32g474retx.o" --specs=nano.specs -mfpu=fpv4-sp-d16 -mfloat-abi=hard -mthumb -o "Core/Startup/startup_stm32g474retx.o" "../Core/Startup/startup_stm32g474retx.s"
arm-none-eabi-gcc "../Core/Src/main.c" -mcpu=cortex-m4 -std=gnu11 -g3 -DDEBUG -DUSE_HAL_DRIVER -DSTM32G474xx -c -I../Core/Inc -I../Drivers/STM32G4xx_HAL_Driver/Inc -I../Drivers/STM32G4xx_HAL_Driver/Inc/Legacy -I../Drivers/CMSIS/Device/ST/STM32G4xx/Include -I../Drivers/CMSIS/Include -O0 -ffunction-sections -fdata-sections -Wall -fstack-usage -fcyclomatic-complexity -MMD -MP -MF"Core/Src/main.d" -MT"Core/Src/main.o" --specs=nano.specs -mfpu=fpv4-sp-d16 -mfloat-abi=hard -mthumb -o "Core/Src/main.o"
arm-none-eabi-gcc "../Core/Src/stm32g4xx_hal_msp.c" -mcpu=cortex-m4 -std=gnu11 -g3 -DDEBUG -DUSE_HAL_DRIVER -DSTM32G474xx -c -I../Core/Inc -I../Drivers/STM32G4xx_HAL_Driver/Inc -I../Drivers/STM32G4xx_HAL_Driver/Inc/Legacy -I../Drivers/CMSIS/Device/ST/STM32G4xx/Include -I../Drivers/CMSIS/Include -O0 -ffunction-sections -fdata-sections -Wall -fstack-usage -fcyclomatic-complexity -MMD -MP -MF"Core/Src/stm32g4xx_hal_msp.d" -MT"Core/Src/stm32g4xx_hal_msp.o" --specs=nano.specs -mfpu=fpv4-sp-d16 -mfloat-abi=hard -mthumb -o "Core/Src/stm32g4xx_hal_msp.o"
arm-none-eabi-gcc "../Core/Src/stm32g4xx_it.c" -mcpu=cortex-m4 -std=gnu11 -g3 -DDEBUG -DUSE_HAL_DRIVER -DSTM32G474xx -c -I../Core/Inc -I../Drivers/STM32G4xx_HAL_Driver/Inc -I../Drivers/STM32G4xx_HAL_Driver/Inc/Legacy -I../Drivers/CMSIS/Device/ST/STM32G4xx/Include -I../Drivers/CMSIS/Include -O0 -ffunction-sections -fdata-sections -Wall -fstack-usage -fcyclomatic-complexity -MMD -MP -MF"Core/Src/stm32g4xx_it.d" -MT"Core/Src/stm32g4xx_it.o" --specs=nano.specs -mfpu=fpv4-sp-d16 -mfloat-abi=hard -mthumb -o "Core/Src/stm32g4xx_it.o"
arm-none-eabi-gcc "../Core/Src/syscalls.c" -mcpu=cortex-m4 -std=gnu11 -g3 -DDEBUG -DUSE_HAL_DRIVER -DSTM32G474xx -c -I../Core/Inc -I../Drivers/STM32G4xx_HAL_Driver/Inc -I../Drivers/STM32G4xx_HAL_Driver/Inc/Legacy -I../Drivers/CMSIS/Device/ST/STM32G4xx/Include -I../Drivers/CMSIS/Include -O0 -ffunction-sections -fdata-sections -Wall -fstack-usage -fcyclomatic-complexity -MMD -MP -MF"Core/Src/syscalls.d" -MT"Core/Src/syscalls.o" --specs=nano.specs -mfpu=fpv4-sp-d16 -mfloat-abi=hard -mthumb -o "Core/Src/syscalls.o"
arm-none-eabi-gcc "../Core/Src/sysmem.c" -mcpu=cortex-m4 -std=gnu11 -g3 -DDEBUG -DUSE_HAL_DRIVER -DSTM32G474xx -c -I../Core/Inc -I../Drivers/STM32G4xx_HAL_Driver/Inc -I../Drivers/STM32G4xx_HAL_Driver/Inc/Legacy -I../Drivers/CMSIS/Device/ST/STM32G4xx/Include -I../Drivers/CMSIS/Include -O0 -ffunction-sections -fdata-sections -Wall -fstack-usage -fcyclomatic-complexity -MMD -MP -MF"Core/Src/sysmem.d" -MT"Core/Src/sysmem.o" --specs=nano.specs -mfpu=fpv4-sp-d16 -mfloat-abi=hard -mthumb -o "Core/Src/sysmem.o"
arm-none-eabi-gcc "../Core/Src/system_stm32g4xx.c" -mcpu=cortex-m4 -std=gnu11 -g3 -DDEBUG -DUSE_HAL_DRIVER -DSTM32G474xx -c -I../Core/Inc -I../Drivers/STM32G4xx_HAL_Driver/Inc -I../Drivers/STM32G4xx_HAL_Driver/Inc/Legacy -I../Drivers/CMSIS/Device/ST/STM32G4xx/Include -I../Drivers/CMSIS/Include -O0 -ffunction-sections -fdata-sections -Wall -fstack-usage -fcyclomatic-complexity -MMD -MP -MF"Core/Src/system_stm32g4xx.d" -MT"Core/Src/system_stm32g4xx.o" --specs=nano.specs -mfpu=fpv4-sp-d16 -mfloat-abi=hard -mthumb -o "Core/Src/system_stm32g4xx.o"
../Core/Src/main.c: In function 'main':
../Core/Src/main.c:97:3: warning: implicit declaration of function 'SPITxRx_Setup' [-Wimplicit-function-declaration]
   97 |   SPITxRx_Setup();
      |   ^~~~~~~~~~~~~
../Core/Src/main.c:107:11: warning: implicit declaration of function 'SPITxRx_readIO' [-Wimplicit-function-declaration]
  107 |           SPITxRx_readIO();
      |           ^~~~~~~~~~~~~~
../Core/Src/main.c: At top level:
../Core/Src/main.c:298:6: warning: conflicting types for 'SPITxRx_Setup'; have 'void()'
  298 | void SPITxRx_Setup()
      |      ^~~~~~~~~~~~~
../Core/Src/main.c:97:3: note: previous implicit declaration of 'SPITxRx_Setup' with type 'void()'
   97 |   SPITxRx_Setup();
      |   ^~~~~~~~~~~~~
../Core/Src/main.c:306:6: warning: conflicting types for 'SPITxRx_readIO'; have 'void()'
  306 | void SPITxRx_readIO()
      |      ^~~~~~~~~~~~~~
../Core/Src/main.c:107:11: note: previous implicit declaration of 'SPITxRx_readIO' with type 'void()'
  107 |           SPITxRx_readIO();
      |           ^~~~~~~~~~~~~~
arm-none-eabi-gcc -o "LAB3_Game.elf" @"objects.list"   -mcpu=cortex-m4 -T"D:\UNIVERSITY\YR2\FRA222_MicroCon\FRA222_LAB3_SPIGAME\LAB2_Game\LAB3_Game\STM32G474RETX_FLASH.ld" --specs=nosys.specs -Wl,-Map="LAB3_Game.map" -Wl,--gc-sections -static --specs=nano.specs -mfpu=fpv4-sp-d16 -mfloat-abi=hard -mthumb -Wl,--start-group -lc -lm -Wl,--end-group
Finished building target: LAB3_Game.elf
 
arm-none-eabi-size   LAB3_Game.elf 
arm-none-eabi-objdump -h -S  LAB3_Game.elf  > "LAB3_Game.list"
   text	   data	    bss	    dec	    hex	filename
  15144	     20	   1844	  17008	   4270	LAB3_Game.elf
Finished building: default.size.stdout
 
Finished building: LAB3_Game.list
 
00:25:52 **** Build of configuration Debug for project LAB3_Game ****
make -j16 all 
arm-none-eabi-size   LAB3_Game.elf 
   text	   data	    bss	    dec	    hex	filename
  15144	     20	   1844	  17008	   4270	LAB3_Game.elf
Finished building: default.size.stdout
 
00:45:18 **** Clean-only build of configuration Debug for project SPI ****
make -j16 clean 
rm -rf ./Drivers/STM32G4xx_HAL_Driver/Src/stm32g4xx_hal.cyclo ./Drivers/STM32G4xx_HAL_Driver/Src/stm32g4xx_hal.d ./Drivers/STM32G4xx_HAL_Driver/Src/stm32g4xx_hal.o ./Drivers/STM32G4xx_HAL_Driver/Src/stm32g4xx_hal.su ./Drivers/STM32G4xx_HAL_Driver/Src/stm32g4xx_hal_cortex.cyclo ./Drivers/STM32G4xx_HAL_Driver/Src/stm32g4xx_hal_cortex.d ./Drivers/STM32G4xx_HAL_Driver/Src/stm32g4xx_hal_cortex.o ./Drivers/STM32G4xx_HAL_Driver/Src/stm32g4xx_hal_cortex.su ./Drivers/STM32G4xx_HAL_Driver/Src/stm32g4xx_hal_dma.cyclo ./Drivers/STM32G4xx_HAL_Driver/Src/stm32g4xx_hal_dma.d ./Drivers/STM32G4xx_HAL_Driver/Src/stm32g4xx_hal_dma.o ./Drivers/STM32G4xx_HAL_Driver/Src/stm32g4xx_hal_dma.su ./Drivers/STM32G4xx_HAL_Driver/Src/stm32g4xx_hal_dma_ex.cyclo ./Drivers/STM32G4xx_HAL_Driver/Src/stm32g4xx_hal_dma_ex.d ./Drivers/STM32G4xx_HAL_Driver/Src/stm32g4xx_hal_dma_ex.o ./Drivers/STM32G4xx_HAL_Driver/Src/stm32g4xx_hal_dma_ex.su ./Drivers/STM32G4xx_HAL_Driver/Src/stm32g4xx_hal_exti.cyclo ./Drivers/STM32G4xx_HAL_Driver/Src/stm32g4xx_hal_exti.d ./Drivers/STM32G4xx_HAL_Driver/Src/stm32g4xx_hal_exti.o ./Drivers/STM32G4xx_HAL_Driver/Src/stm32g4xx_hal_exti.su ./Drivers/STM32G4xx_HAL_Driver/Src/stm32g4xx_hal_flash.cyclo ./Drivers/STM32G4xx_HAL_Driver/Src/stm32g4xx_hal_flash.d ./Drivers/STM32G4xx_HAL_Driver/Src/stm32g4xx_hal_flash.o ./Drivers/STM32G4xx_HAL_Driver/Src/stm32g4xx_hal_flash.su ./Drivers/STM32G4xx_HAL_Driver/Src/stm32g4xx_hal_flash_ex.cyclo ./Drivers/STM32G4xx_HAL_Driver/Src/stm32g4xx_hal_flash_ex.d ./Drivers/STM32G4xx_HAL_Driver/Src/stm32g4xx_hal_flash_ex.o ./Drivers/STM32G4xx_HAL_Driver/Src/stm32g4xx_hal_flash_ex.su ./Drivers/STM32G4xx_HAL_Driver/Src/stm32g4xx_hal_flash_ramfunc.cyclo ./Drivers/STM32G4xx_HAL_Driver/Src/stm32g4xx_hal_flash_ramfunc.d ./Drivers/STM32G4xx_HAL_Driver/Src/stm32g4xx_hal_flash_ramfunc.o ./Drivers/STM32G4xx_HAL_Driver/Src/stm32g4xx_hal_flash_ramfunc.su ./Drivers/STM32G4xx_HAL_Driver/Src/stm32g4xx_hal_gpio.cyclo ./Drivers/STM32G4xx_HAL_Driver/Src/stm32g4xx_hal_gpio.d ./Drivers/STM32G4xx_HAL_Driver/Src/stm32g4xx_hal_gpio.o ./Drivers/STM32G4xx_HAL_Driver/Src/stm32g4xx_hal_gpio.su ./Drivers/STM32G4xx_HAL_Driver/Src/stm32g4xx_hal_pwr.cyclo ./Drivers/STM32G4xx_HAL_Driver/Src/stm32g4xx_hal_pwr.d ./Drivers/STM32G4xx_HAL_Driver/Src/stm32g4xx_hal_pwr.o ./Drivers/STM32G4xx_HAL_Driver/Src/stm32g4xx_hal_pwr.su ./Drivers/STM32G4xx_HAL_Driver/Src/stm32g4xx_hal_pwr_ex.cyclo ./Drivers/STM32G4xx_HAL_Driver/Src/stm32g4xx_hal_pwr_ex.d ./Drivers/STM32G4xx_HAL_Driver/Src/stm32g4xx_hal_pwr_ex.o ./Drivers/STM32G4xx_HAL_Driver/Src/stm32g4xx_hal_pwr_ex.su ./Drivers/STM32G4xx_HAL_Driver/Src/stm32g4xx_hal_rcc.cyclo ./Drivers/STM32G4xx_HAL_Driver/Src/stm32g4xx_hal_rcc.d ./Drivers/STM32G4xx_HAL_Driver/Src/stm32g4xx_hal_rcc.o ./Drivers/STM32G4xx_HAL_Driver/Src/stm32g4xx_hal_rcc.su ./Drivers/STM32G4xx_HAL_Driver/Src/stm32g4xx_hal_rcc_ex.cyclo ./Drivers/STM32G4xx_HAL_Driver/Src/stm32g4xx_hal_rcc_ex.d ./Drivers/STM32G4xx_HAL_Driver/Src/stm32g4xx_hal_rcc_ex.o ./Drivers/STM32G4xx_HAL_Driver/Src/stm32g4xx_hal_rcc_ex.su ./Drivers/STM32G4xx_HAL_Driver/Src/stm32g4xx_hal_spi.cyclo ./Drivers/STM32G4xx_HAL_Driver/Src/stm32g4xx_hal_spi.d ./Drivers/STM32G4xx_HAL_Driver/Src/stm32g4xx_hal_spi.o ./Drivers/STM32G4xx_HAL_Driver/Src/stm32g4xx_hal_spi.su ./Drivers/STM32G4xx_HAL_Driver/Src/stm32g4xx_hal_spi_ex.cyclo ./Drivers/STM32G4xx_HAL_Driver/Src/stm32g4xx_hal_spi_ex.d ./Drivers/STM32G4xx_HAL_Driver/Src/stm32g4xx_hal_spi_ex.o ./Drivers/STM32G4xx_HAL_Driver/Src/stm32g4xx_hal_spi_ex.su ./Drivers/STM32G4xx_HAL_Driver/Src/stm32g4xx_hal_tim.cyclo ./Drivers/STM32G4xx_HAL_Driver/Src/stm32g4xx_hal_tim.d ./Drivers/STM32G4xx_HAL_Driver/Src/stm32g4xx_hal_tim.o ./Drivers/STM32G4xx_HAL_Driver/Src/stm32g4xx_hal_tim.su ./Drivers/STM32G4xx_HAL_Driver/Src/stm32g4xx_hal_tim_ex.cyclo ./Drivers/STM32G4xx_HAL_Driver/Src/stm32g4xx_hal_tim_ex.d ./Drivers/STM32G4xx_HAL_Driver/Src/stm32g4xx_hal_tim_ex.o ./Drivers/STM32G4xx_HAL_Driver/Src/stm32g4xx_hal_tim_ex.su ./Drivers/STM32G4xx_HAL_Driver/Src/stm32g4xx_hal_uart.cyclo ./Drivers/STM32G4xx_HAL_Driver/Src/stm32g4xx_hal_uart.d ./Drivers/STM32G4xx_HAL_Driver/Src/stm32g4xx_hal_uart.o ./Drivers/STM32G4xx_HAL_Driver/Src/stm32g4xx_hal_uart.su ./Drivers/STM32G4xx_HAL_Driver/Src/stm32g4xx_hal_uart_ex.cyclo ./Drivers/STM32G4xx_HAL_Driver/Src/stm32g4xx_hal_uart_ex.d ./Drivers/STM32G4xx_HAL_Driver/Src/stm32g4xx_hal_uart_ex.o ./Drivers/STM32G4xx_HAL_Driver/Src/stm32g4xx_hal_uart_ex.su
rm -rf ./Core/Startup/startup_stm32g474retx.d ./Core/Startup/startup_stm32g474retx.o
rm -rf ./Core/Src/main.cyclo ./Core/Src/main.d ./Core/Src/main.o ./Core/Src/main.su ./Core/Src/stm32g4xx_hal_msp.cyclo ./Core/Src/stm32g4xx_hal_msp.d ./Core/Src/stm32g4xx_hal_msp.o ./Core/Src/stm32g4xx_hal_msp.su ./Core/Src/stm32g4xx_it.cyclo ./Core/Src/stm32g4xx_it.d ./Core/Src/stm32g4xx_it.o ./Core/Src/stm32g4xx_it.su ./Core/Src/syscalls.cyclo ./Core/Src/syscalls.d ./Core/Src/syscalls.o ./Core/Src/syscalls.su ./Core/Src/sysmem.cyclo ./Core/Src/sysmem.d ./Core/Src/sysmem.o ./Core/Src/sysmem.su ./Core/Src/system_stm32g4xx.cyclo ./Core/Src/system_stm32g4xx.d ./Core/Src/system_stm32g4xx.o ./Core/Src/system_stm32g4xx.su
rm -rf SPI.elf SPI.list SPI.map default.size.stdout
 
00:45:18 **** Build of configuration Debug for project SPI ****
make -j16 all 
arm-none-eabi-gcc "../Drivers/STM32G4xx_HAL_Driver/Src/stm32g4xx_hal.c" -mcpu=cortex-m4 -std=gnu11 -g3 -DDEBUG -DUSE_HAL_DRIVER -DSTM32G474xx -c -I../Core/Inc -I../Drivers/STM32G4xx_HAL_Driver/Inc -I../Drivers/STM32G4xx_HAL_Driver/Inc/Legacy -I../Drivers/CMSIS/Device/ST/STM32G4xx/Include -I../Drivers/CMSIS/Include -O0 -ffunction-sections -fdata-sections -Wall -fstack-usage -fcyclomatic-complexity -MMD -MP -MF"Drivers/STM32G4xx_HAL_Driver/Src/stm32g4xx_hal.d" -MT"Drivers/STM32G4xx_HAL_Driver/Src/stm32g4xx_hal.o" --specs=nano.specs -mfpu=fpv4-sp-d16 -mfloat-abi=hard -mthumb -o "Drivers/STM32G4xx_HAL_Driver/Src/stm32g4xx_hal.o"
arm-none-eabi-gcc "../Drivers/STM32G4xx_HAL_Driver/Src/stm32g4xx_hal_cortex.c" -mcpu=cortex-m4 -std=gnu11 -g3 -DDEBUG -DUSE_HAL_DRIVER -DSTM32G474xx -c -I../Core/Inc -I../Drivers/STM32G4xx_HAL_Driver/Inc -I../Drivers/STM32G4xx_HAL_Driver/Inc/Legacy -I../Drivers/CMSIS/Device/ST/STM32G4xx/Include -I../Drivers/CMSIS/Include -O0 -ffunction-sections -fdata-sections -Wall -fstack-usage -fcyclomatic-complexity -MMD -MP -MF"Drivers/STM32G4xx_HAL_Driver/Src/stm32g4xx_hal_cortex.d" -MT"Drivers/STM32G4xx_HAL_Driver/Src/stm32g4xx_hal_cortex.o" --specs=nano.specs -mfpu=fpv4-sp-d16 -mfloat-abi=hard -mthumb -o "Drivers/STM32G4xx_HAL_Driver/Src/stm32g4xx_hal_cortex.o"
arm-none-eabi-gcc "../Drivers/STM32G4xx_HAL_Driver/Src/stm32g4xx_hal_dma.c" -mcpu=cortex-m4 -std=gnu11 -g3 -DDEBUG -DUSE_HAL_DRIVER -DSTM32G474xx -c -I../Core/Inc -I../Drivers/STM32G4xx_HAL_Driver/Inc -I../Drivers/STM32G4xx_HAL_Driver/Inc/Legacy -I../Drivers/CMSIS/Device/ST/STM32G4xx/Include -I../Drivers/CMSIS/Include -O0 -ffunction-sections -fdata-sections -Wall -fstack-usage -fcyclomatic-complexity -MMD -MP -MF"Drivers/STM32G4xx_HAL_Driver/Src/stm32g4xx_hal_dma.d" -MT"Drivers/STM32G4xx_HAL_Driver/Src/stm32g4xx_hal_dma.o" --specs=nano.specs -mfpu=fpv4-sp-d16 -mfloat-abi=hard -mthumb -o "Drivers/STM32G4xx_HAL_Driver/Src/stm32g4xx_hal_dma.o"
arm-none-eabi-gcc "../Drivers/STM32G4xx_HAL_Driver/Src/stm32g4xx_hal_dma_ex.c" -mcpu=cortex-m4 -std=gnu11 -g3 -DDEBUG -DUSE_HAL_DRIVER -DSTM32G474xx -c -I../Core/Inc -I../Drivers/STM32G4xx_HAL_Driver/Inc -I../Drivers/STM32G4xx_HAL_Driver/Inc/Legacy -I../Drivers/CMSIS/Device/ST/STM32G4xx/Include -I../Drivers/CMSIS/Include -O0 -ffunction-sections -fdata-sections -Wall -fstack-usage -fcyclomatic-complexity -MMD -MP -MF"Drivers/STM32G4xx_HAL_Driver/Src/stm32g4xx_hal_dma_ex.d" -MT"Drivers/STM32G4xx_HAL_Driver/Src/stm32g4xx_hal_dma_ex.o" --specs=nano.specs -mfpu=fpv4-sp-d16 -mfloat-abi=hard -mthumb -o "Drivers/STM32G4xx_HAL_Driver/Src/stm32g4xx_hal_dma_ex.o"
arm-none-eabi-gcc "../Drivers/STM32G4xx_HAL_Driver/Src/stm32g4xx_hal_exti.c" -mcpu=cortex-m4 -std=gnu11 -g3 -DDEBUG -DUSE_HAL_DRIVER -DSTM32G474xx -c -I../Core/Inc -I../Drivers/STM32G4xx_HAL_Driver/Inc -I../Drivers/STM32G4xx_HAL_Driver/Inc/Legacy -I../Drivers/CMSIS/Device/ST/STM32G4xx/Include -I../Drivers/CMSIS/Include -O0 -ffunction-sections -fdata-sections -Wall -fstack-usage -fcyclomatic-complexity -MMD -MP -MF"Drivers/STM32G4xx_HAL_Driver/Src/stm32g4xx_hal_exti.d" -MT"Drivers/STM32G4xx_HAL_Driver/Src/stm32g4xx_hal_exti.o" --specs=nano.specs -mfpu=fpv4-sp-d16 -mfloat-abi=hard -mthumb -o "Drivers/STM32G4xx_HAL_Driver/Src/stm32g4xx_hal_exti.o"
arm-none-eabi-gcc "../Drivers/STM32G4xx_HAL_Driver/Src/stm32g4xx_hal_flash.c" -mcpu=cortex-m4 -std=gnu11 -g3 -DDEBUG -DUSE_HAL_DRIVER -DSTM32G474xx -c -I../Core/Inc -I../Drivers/STM32G4xx_HAL_Driver/Inc -I../Drivers/STM32G4xx_HAL_Driver/Inc/Legacy -I../Drivers/CMSIS/Device/ST/STM32G4xx/Include -I../Drivers/CMSIS/Include -O0 -ffunction-sections -fdata-sections -Wall -fstack-usage -fcyclomatic-complexity -MMD -MP -MF"Drivers/STM32G4xx_HAL_Driver/Src/stm32g4xx_hal_flash.d" -MT"Drivers/STM32G4xx_HAL_Driver/Src/stm32g4xx_hal_flash.o" --specs=nano.specs -mfpu=fpv4-sp-d16 -mfloat-abi=hard -mthumb -o "Drivers/STM32G4xx_HAL_Driver/Src/stm32g4xx_hal_flash.o"
arm-none-eabi-gcc "../Drivers/STM32G4xx_HAL_Driver/Src/stm32g4xx_hal_flash_ex.c" -mcpu=cortex-m4 -std=gnu11 -g3 -DDEBUG -DUSE_HAL_DRIVER -DSTM32G474xx -c -I../Core/Inc -I../Drivers/STM32G4xx_HAL_Driver/Inc -I../Drivers/STM32G4xx_HAL_Driver/Inc/Legacy -I../Drivers/CMSIS/Device/ST/STM32G4xx/Include -I../Drivers/CMSIS/Include -O0 -ffunction-sections -fdata-sections -Wall -fstack-usage -fcyclomatic-complexity -MMD -MP -MF"Drivers/STM32G4xx_HAL_Driver/Src/stm32g4xx_hal_flash_ex.d" -MT"Drivers/STM32G4xx_HAL_Driver/Src/stm32g4xx_hal_flash_ex.o" --specs=nano.specs -mfpu=fpv4-sp-d16 -mfloat-abi=hard -mthumb -o "Drivers/STM32G4xx_HAL_Driver/Src/stm32g4xx_hal_flash_ex.o"
arm-none-eabi-gcc "../Drivers/STM32G4xx_HAL_Driver/Src/stm32g4xx_hal_flash_ramfunc.c" -mcpu=cortex-m4 -std=gnu11 -g3 -DDEBUG -DUSE_HAL_DRIVER -DSTM32G474xx -c -I../Core/Inc -I../Drivers/STM32G4xx_HAL_Driver/Inc -I../Drivers/STM32G4xx_HAL_Driver/Inc/Legacy -I../Drivers/CMSIS/Device/ST/STM32G4xx/Include -I../Drivers/CMSIS/Include -O0 -ffunction-sections -fdata-sections -Wall -fstack-usage -fcyclomatic-complexity -MMD -MP -MF"Drivers/STM32G4xx_HAL_Driver/Src/stm32g4xx_hal_flash_ramfunc.d" -MT"Drivers/STM32G4xx_HAL_Driver/Src/stm32g4xx_hal_flash_ramfunc.o" --specs=nano.specs -mfpu=fpv4-sp-d16 -mfloat-abi=hard -mthumb -o "Drivers/STM32G4xx_HAL_Driver/Src/stm32g4xx_hal_flash_ramfunc.o"
arm-none-eabi-gcc "../Drivers/STM32G4xx_HAL_Driver/Src/stm32g4xx_hal_gpio.c" -mcpu=cortex-m4 -std=gnu11 -g3 -DDEBUG -DUSE_HAL_DRIVER -DSTM32G474xx -c -I../Core/Inc -I../Drivers/STM32G4xx_HAL_Driver/Inc -I../Drivers/STM32G4xx_HAL_Driver/Inc/Legacy -I../Drivers/CMSIS/Device/ST/STM32G4xx/Include -I../Drivers/CMSIS/Include -O0 -ffunction-sections -fdata-sections -Wall -fstack-usage -fcyclomatic-complexity -MMD -MP -MF"Drivers/STM32G4xx_HAL_Driver/Src/stm32g4xx_hal_gpio.d" -MT"Drivers/STM32G4xx_HAL_Driver/Src/stm32g4xx_hal_gpio.o" --specs=nano.specs -mfpu=fpv4-sp-d16 -mfloat-abi=hard -mthumb -o "Drivers/STM32G4xx_HAL_Driver/Src/stm32g4xx_hal_gpio.o"
arm-none-eabi-gcc "../Drivers/STM32G4xx_HAL_Driver/Src/stm32g4xx_hal_pwr.c" -mcpu=cortex-m4 -std=gnu11 -g3 -DDEBUG -DUSE_HAL_DRIVER -DSTM32G474xx -c -I../Core/Inc -I../Drivers/STM32G4xx_HAL_Driver/Inc -I../Drivers/STM32G4xx_HAL_Driver/Inc/Legacy -I../Drivers/CMSIS/Device/ST/STM32G4xx/Include -I../Drivers/CMSIS/Include -O0 -ffunction-sections -fdata-sections -Wall -fstack-usage -fcyclomatic-complexity -MMD -MP -MF"Drivers/STM32G4xx_HAL_Driver/Src/stm32g4xx_hal_pwr.d" -MT"Drivers/STM32G4xx_HAL_Driver/Src/stm32g4xx_hal_pwr.o" --specs=nano.specs -mfpu=fpv4-sp-d16 -mfloat-abi=hard -mthumb -o "Drivers/STM32G4xx_HAL_Driver/Src/stm32g4xx_hal_pwr.o"
arm-none-eabi-gcc "../Drivers/STM32G4xx_HAL_Driver/Src/stm32g4xx_hal_pwr_ex.c" -mcpu=cortex-m4 -std=gnu11 -g3 -DDEBUG -DUSE_HAL_DRIVER -DSTM32G474xx -c -I../Core/Inc -I../Drivers/STM32G4xx_HAL_Driver/Inc -I../Drivers/STM32G4xx_HAL_Driver/Inc/Legacy -I../Drivers/CMSIS/Device/ST/STM32G4xx/Include -I../Drivers/CMSIS/Include -O0 -ffunction-sections -fdata-sections -Wall -fstack-usage -fcyclomatic-complexity -MMD -MP -MF"Drivers/STM32G4xx_HAL_Driver/Src/stm32g4xx_hal_pwr_ex.d" -MT"Drivers/STM32G4xx_HAL_Driver/Src/stm32g4xx_hal_pwr_ex.o" --specs=nano.specs -mfpu=fpv4-sp-d16 -mfloat-abi=hard -mthumb -o "Drivers/STM32G4xx_HAL_Driver/Src/stm32g4xx_hal_pwr_ex.o"
arm-none-eabi-gcc "../Drivers/STM32G4xx_HAL_Driver/Src/stm32g4xx_hal_rcc.c" -mcpu=cortex-m4 -std=gnu11 -g3 -DDEBUG -DUSE_HAL_DRIVER -DSTM32G474xx -c -I../Core/Inc -I../Drivers/STM32G4xx_HAL_Driver/Inc -I../Drivers/STM32G4xx_HAL_Driver/Inc/Legacy -I../Drivers/CMSIS/Device/ST/STM32G4xx/Include -I../Drivers/CMSIS/Include -O0 -ffunction-sections -fdata-sections -Wall -fstack-usage -fcyclomatic-complexity -MMD -MP -MF"Drivers/STM32G4xx_HAL_Driver/Src/stm32g4xx_hal_rcc.d" -MT"Drivers/STM32G4xx_HAL_Driver/Src/stm32g4xx_hal_rcc.o" --specs=nano.specs -mfpu=fpv4-sp-d16 -mfloat-abi=hard -mthumb -o "Drivers/STM32G4xx_HAL_Driver/Src/stm32g4xx_hal_rcc.o"
arm-none-eabi-gcc "../Drivers/STM32G4xx_HAL_Driver/Src/stm32g4xx_hal_rcc_ex.c" -mcpu=cortex-m4 -std=gnu11 -g3 -DDEBUG -DUSE_HAL_DRIVER -DSTM32G474xx -c -I../Core/Inc -I../Drivers/STM32G4xx_HAL_Driver/Inc -I../Drivers/STM32G4xx_HAL_Driver/Inc/Legacy -I../Drivers/CMSIS/Device/ST/STM32G4xx/Include -I../Drivers/CMSIS/Include -O0 -ffunction-sections -fdata-sections -Wall -fstack-usage -fcyclomatic-complexity -MMD -MP -MF"Drivers/STM32G4xx_HAL_Driver/Src/stm32g4xx_hal_rcc_ex.d" -MT"Drivers/STM32G4xx_HAL_Driver/Src/stm32g4xx_hal_rcc_ex.o" --specs=nano.specs -mfpu=fpv4-sp-d16 -mfloat-abi=hard -mthumb -o "Drivers/STM32G4xx_HAL_Driver/Src/stm32g4xx_hal_rcc_ex.o"
arm-none-eabi-gcc "../Drivers/STM32G4xx_HAL_Driver/Src/stm32g4xx_hal_spi.c" -mcpu=cortex-m4 -std=gnu11 -g3 -DDEBUG -DUSE_HAL_DRIVER -DSTM32G474xx -c -I../Core/Inc -I../Drivers/STM32G4xx_HAL_Driver/Inc -I../Drivers/STM32G4xx_HAL_Driver/Inc/Legacy -I../Drivers/CMSIS/Device/ST/STM32G4xx/Include -I../Drivers/CMSIS/Include -O0 -ffunction-sections -fdata-sections -Wall -fstack-usage -fcyclomatic-complexity -MMD -MP -MF"Drivers/STM32G4xx_HAL_Driver/Src/stm32g4xx_hal_spi.d" -MT"Drivers/STM32G4xx_HAL_Driver/Src/stm32g4xx_hal_spi.o" --specs=nano.specs -mfpu=fpv4-sp-d16 -mfloat-abi=hard -mthumb -o "Drivers/STM32G4xx_HAL_Driver/Src/stm32g4xx_hal_spi.o"
arm-none-eabi-gcc "../Drivers/STM32G4xx_HAL_Driver/Src/stm32g4xx_hal_spi_ex.c" -mcpu=cortex-m4 -std=gnu11 -g3 -DDEBUG -DUSE_HAL_DRIVER -DSTM32G474xx -c -I../Core/Inc -I../Drivers/STM32G4xx_HAL_Driver/Inc -I../Drivers/STM32G4xx_HAL_Driver/Inc/Legacy -I../Drivers/CMSIS/Device/ST/STM32G4xx/Include -I../Drivers/CMSIS/Include -O0 -ffunction-sections -fdata-sections -Wall -fstack-usage -fcyclomatic-complexity -MMD -MP -MF"Drivers/STM32G4xx_HAL_Driver/Src/stm32g4xx_hal_spi_ex.d" -MT"Drivers/STM32G4xx_HAL_Driver/Src/stm32g4xx_hal_spi_ex.o" --specs=nano.specs -mfpu=fpv4-sp-d16 -mfloat-abi=hard -mthumb -o "Drivers/STM32G4xx_HAL_Driver/Src/stm32g4xx_hal_spi_ex.o"
arm-none-eabi-gcc "../Drivers/STM32G4xx_HAL_Driver/Src/stm32g4xx_hal_tim.c" -mcpu=cortex-m4 -std=gnu11 -g3 -DDEBUG -DUSE_HAL_DRIVER -DSTM32G474xx -c -I../Core/Inc -I../Drivers/STM32G4xx_HAL_Driver/Inc -I../Drivers/STM32G4xx_HAL_Driver/Inc/Legacy -I../Drivers/CMSIS/Device/ST/STM32G4xx/Include -I../Drivers/CMSIS/Include -O0 -ffunction-sections -fdata-sections -Wall -fstack-usage -fcyclomatic-complexity -MMD -MP -MF"Drivers/STM32G4xx_HAL_Driver/Src/stm32g4xx_hal_tim.d" -MT"Drivers/STM32G4xx_HAL_Driver/Src/stm32g4xx_hal_tim.o" --specs=nano.specs -mfpu=fpv4-sp-d16 -mfloat-abi=hard -mthumb -o "Drivers/STM32G4xx_HAL_Driver/Src/stm32g4xx_hal_tim.o"
arm-none-eabi-gcc "../Drivers/STM32G4xx_HAL_Driver/Src/stm32g4xx_hal_tim_ex.c" -mcpu=cortex-m4 -std=gnu11 -g3 -DDEBUG -DUSE_HAL_DRIVER -DSTM32G474xx -c -I../Core/Inc -I../Drivers/STM32G4xx_HAL_Driver/Inc -I../Drivers/STM32G4xx_HAL_Driver/Inc/Legacy -I../Drivers/CMSIS/Device/ST/STM32G4xx/Include -I../Drivers/CMSIS/Include -O0 -ffunction-sections -fdata-sections -Wall -fstack-usage -fcyclomatic-complexity -MMD -MP -MF"Drivers/STM32G4xx_HAL_Driver/Src/stm32g4xx_hal_tim_ex.d" -MT"Drivers/STM32G4xx_HAL_Driver/Src/stm32g4xx_hal_tim_ex.o" --specs=nano.specs -mfpu=fpv4-sp-d16 -mfloat-abi=hard -mthumb -o "Drivers/STM32G4xx_HAL_Driver/Src/stm32g4xx_hal_tim_ex.o"
arm-none-eabi-gcc "../Drivers/STM32G4xx_HAL_Driver/Src/stm32g4xx_hal_uart.c" -mcpu=cortex-m4 -std=gnu11 -g3 -DDEBUG -DUSE_HAL_DRIVER -DSTM32G474xx -c -I../Core/Inc -I../Drivers/STM32G4xx_HAL_Driver/Inc -I../Drivers/STM32G4xx_HAL_Driver/Inc/Legacy -I../Drivers/CMSIS/Device/ST/STM32G4xx/Include -I../Drivers/CMSIS/Include -O0 -ffunction-sections -fdata-sections -Wall -fstack-usage -fcyclomatic-complexity -MMD -MP -MF"Drivers/STM32G4xx_HAL_Driver/Src/stm32g4xx_hal_uart.d" -MT"Drivers/STM32G4xx_HAL_Driver/Src/stm32g4xx_hal_uart.o" --specs=nano.specs -mfpu=fpv4-sp-d16 -mfloat-abi=hard -mthumb -o "Drivers/STM32G4xx_HAL_Driver/Src/stm32g4xx_hal_uart.o"
arm-none-eabi-gcc "../Drivers/STM32G4xx_HAL_Driver/Src/stm32g4xx_hal_uart_ex.c" -mcpu=cortex-m4 -std=gnu11 -g3 -DDEBUG -DUSE_HAL_DRIVER -DSTM32G474xx -c -I../Core/Inc -I../Drivers/STM32G4xx_HAL_Driver/Inc -I../Drivers/STM32G4xx_HAL_Driver/Inc/Legacy -I../Drivers/CMSIS/Device/ST/STM32G4xx/Include -I../Drivers/CMSIS/Include -O0 -ffunction-sections -fdata-sections -Wall -fstack-usage -fcyclomatic-complexity -MMD -MP -MF"Drivers/STM32G4xx_HAL_Driver/Src/stm32g4xx_hal_uart_ex.d" -MT"Drivers/STM32G4xx_HAL_Driver/Src/stm32g4xx_hal_uart_ex.o" --specs=nano.specs -mfpu=fpv4-sp-d16 -mfloat-abi=hard -mthumb -o "Drivers/STM32G4xx_HAL_Driver/Src/stm32g4xx_hal_uart_ex.o"
arm-none-eabi-gcc -mcpu=cortex-m4 -g3 -DDEBUG -c -x assembler-with-cpp -MMD -MP -MF"Core/Startup/startup_stm32g474retx.d" -MT"Core/Startup/startup_stm32g474retx.o" --specs=nano.specs -mfpu=fpv4-sp-d16 -mfloat-abi=hard -mthumb -o "Core/Startup/startup_stm32g474retx.o" "../Core/Startup/startup_stm32g474retx.s"
arm-none-eabi-gcc "../Core/Src/main.c" -mcpu=cortex-m4 -std=gnu11 -g3 -DDEBUG -DUSE_HAL_DRIVER -DSTM32G474xx -c -I../Core/Inc -I../Drivers/STM32G4xx_HAL_Driver/Inc -I../Drivers/STM32G4xx_HAL_Driver/Inc/Legacy -I../Drivers/CMSIS/Device/ST/STM32G4xx/Include -I../Drivers/CMSIS/Include -O0 -ffunction-sections -fdata-sections -Wall -fstack-usage -fcyclomatic-complexity -MMD -MP -MF"Core/Src/main.d" -MT"Core/Src/main.o" --specs=nano.specs -mfpu=fpv4-sp-d16 -mfloat-abi=hard -mthumb -o "Core/Src/main.o"
arm-none-eabi-gcc "../Core/Src/stm32g4xx_hal_msp.c" -mcpu=cortex-m4 -std=gnu11 -g3 -DDEBUG -DUSE_HAL_DRIVER -DSTM32G474xx -c -I../Core/Inc -I../Drivers/STM32G4xx_HAL_Driver/Inc -I../Drivers/STM32G4xx_HAL_Driver/Inc/Legacy -I../Drivers/CMSIS/Device/ST/STM32G4xx/Include -I../Drivers/CMSIS/Include -O0 -ffunction-sections -fdata-sections -Wall -fstack-usage -fcyclomatic-complexity -MMD -MP -MF"Core/Src/stm32g4xx_hal_msp.d" -MT"Core/Src/stm32g4xx_hal_msp.o" --specs=nano.specs -mfpu=fpv4-sp-d16 -mfloat-abi=hard -mthumb -o "Core/Src/stm32g4xx_hal_msp.o"
arm-none-eabi-gcc "../Core/Src/stm32g4xx_it.c" -mcpu=cortex-m4 -std=gnu11 -g3 -DDEBUG -DUSE_HAL_DRIVER -DSTM32G474xx -c -I../Core/Inc -I../Drivers/STM32G4xx_HAL_Driver/Inc -I../Drivers/STM32G4xx_HAL_Driver/Inc/Legacy -I../Drivers/CMSIS/Device/ST/STM32G4xx/Include -I../Drivers/CMSIS/Include -O0 -ffunction-sections -fdata-sections -Wall -fstack-usage -fcyclomatic-complexity -MMD -MP -MF"Core/Src/stm32g4xx_it.d" -MT"Core/Src/stm32g4xx_it.o" --specs=nano.specs -mfpu=fpv4-sp-d16 -mfloat-abi=hard -mthumb -o "Core/Src/stm32g4xx_it.o"
arm-none-eabi-gcc "../Core/Src/syscalls.c" -mcpu=cortex-m4 -std=gnu11 -g3 -DDEBUG -DUSE_HAL_DRIVER -DSTM32G474xx -c -I../Core/Inc -I../Drivers/STM32G4xx_HAL_Driver/Inc -I../Drivers/STM32G4xx_HAL_Driver/Inc/Legacy -I../Drivers/CMSIS/Device/ST/STM32G4xx/Include -I../Drivers/CMSIS/Include -O0 -ffunction-sections -fdata-sections -Wall -fstack-usage -fcyclomatic-complexity -MMD -MP -MF"Core/Src/syscalls.d" -MT"Core/Src/syscalls.o" --specs=nano.specs -mfpu=fpv4-sp-d16 -mfloat-abi=hard -mthumb -o "Core/Src/syscalls.o"
arm-none-eabi-gcc "../Core/Src/sysmem.c" -mcpu=cortex-m4 -std=gnu11 -g3 -DDEBUG -DUSE_HAL_DRIVER -DSTM32G474xx -c -I../Core/Inc -I../Drivers/STM32G4xx_HAL_Driver/Inc -I../Drivers/STM32G4xx_HAL_Driver/Inc/Legacy -I../Drivers/CMSIS/Device/ST/STM32G4xx/Include -I../Drivers/CMSIS/Include -O0 -ffunction-sections -fdata-sections -Wall -fstack-usage -fcyclomatic-complexity -MMD -MP -MF"Core/Src/sysmem.d" -MT"Core/Src/sysmem.o" --specs=nano.specs -mfpu=fpv4-sp-d16 -mfloat-abi=hard -mthumb -o "Core/Src/sysmem.o"
arm-none-eabi-gcc "../Core/Src/system_stm32g4xx.c" -mcpu=cortex-m4 -std=gnu11 -g3 -DDEBUG -DUSE_HAL_DRIVER -DSTM32G474xx -c -I../Core/Inc -I../Drivers/STM32G4xx_HAL_Driver/Inc -I../Drivers/STM32G4xx_HAL_Driver/Inc/Legacy -I../Drivers/CMSIS/Device/ST/STM32G4xx/Include -I../Drivers/CMSIS/Include -O0 -ffunction-sections -fdata-sections -Wall -fstack-usage -fcyclomatic-complexity -MMD -MP -MF"Core/Src/system_stm32g4xx.d" -MT"Core/Src/system_stm32g4xx.o" --specs=nano.specs -mfpu=fpv4-sp-d16 -mfloat-abi=hard -mthumb -o "Core/Src/system_stm32g4xx.o"
arm-none-eabi-gcc -o "SPI.elf" @"objects.list"   -mcpu=cortex-m4 -T"C:\Users\mudno\OneDrive\Documents\week9Gun\STM32G474RETX_FLASH.ld" --specs=nosys.specs -Wl,-Map="SPI.map" -Wl,--gc-sections -static --specs=nano.specs -mfpu=fpv4-sp-d16 -mfloat-abi=hard -mthumb -Wl,--start-group -lc -lm -Wl,--end-group
Finished building target: SPI.elf
 
arm-none-eabi-size   SPI.elf 
arm-none-eabi-objdump -h -S  SPI.elf  > "SPI.list"
   text	   data	    bss	    dec	    hex	filename
  18716	     24	   1920	  20660	   50b4	SPI.elf
Finished building: default.size.stdout
 
Finished building: SPI.list
 
00:45:29 **** Incremental Build of configuration Debug for project SPI ****
make -j16 all 
arm-none-eabi-size   SPI.elf 
   text	   data	    bss	    dec	    hex	filename
  18716	     24	   1920	  20660	   50b4	SPI.elf
Finished building: default.size.stdout
 
00:51:56 **** Incremental Build of configuration Debug for project SPI ****
make -j16 all 
arm-none-eabi-size   SPI.elf 
   text	   data	    bss	    dec	    hex	filename
  18716	     24	   1920	  20660	   50b4	SPI.elf
Finished building: default.size.stdout
 
00:54:36 **** Incremental Build of configuration Debug for project SPI ****
make -j16 all 
arm-none-eabi-size   SPI.elf 
   text	   data	    bss	    dec	    hex	filename
  18716	     24	   1920	  20660	   50b4	SPI.elf
Finished building: default.size.stdout
 
00:55:40 **** Incremental Build of configuration Debug for project LAB3_Game ****
make -j16 all 
arm-none-eabi-gcc "../Core/Src/main.c" -mcpu=cortex-m4 -std=gnu11 -g3 -DDEBUG -DUSE_HAL_DRIVER -DSTM32G474xx -c -I../Core/Inc -I../Drivers/STM32G4xx_HAL_Driver/Inc -I../Drivers/STM32G4xx_HAL_Driver/Inc/Legacy -I../Drivers/CMSIS/Device/ST/STM32G4xx/Include -I../Drivers/CMSIS/Include -O0 -ffunction-sections -fdata-sections -Wall -fstack-usage -fcyclomatic-complexity -MMD -MP -MF"Core/Src/main.d" -MT"Core/Src/main.o" --specs=nano.specs -mfpu=fpv4-sp-d16 -mfloat-abi=hard -mthumb -o "Core/Src/main.o"
../Core/Src/main.c: In function 'main':
../Core/Src/main.c:97:3: warning: implicit declaration of function 'SPITxRx_Setup' [-Wimplicit-function-declaration]
   97 |   SPITxRx_Setup();
      |   ^~~~~~~~~~~~~
../Core/Src/main.c:107:11: warning: implicit declaration of function 'SPITxRx_readIO' [-Wimplicit-function-declaration]
  107 |           SPITxRx_readIO();
      |           ^~~~~~~~~~~~~~
../Core/Src/main.c: At top level:
../Core/Src/main.c:298:6: warning: conflicting types for 'SPITxRx_Setup'; have 'void()'
  298 | void SPITxRx_Setup()
      |      ^~~~~~~~~~~~~
../Core/Src/main.c:97:3: note: previous implicit declaration of 'SPITxRx_Setup' with type 'void()'
   97 |   SPITxRx_Setup();
      |   ^~~~~~~~~~~~~
../Core/Src/main.c:307:6: warning: conflicting types for 'SPITxRx_readIO'; have 'void()'
  307 | void SPITxRx_readIO()
      |      ^~~~~~~~~~~~~~
../Core/Src/main.c:107:11: note: previous implicit declaration of 'SPITxRx_readIO' with type 'void()'
  107 |           SPITxRx_readIO();
      |           ^~~~~~~~~~~~~~
arm-none-eabi-gcc -o "LAB3_Game.elf" @"objects.list"   -mcpu=cortex-m4 -T"D:\UNIVERSITY\YR2\FRA222_MicroCon\FRA222_LAB3_SPIGAME\LAB2_Game\LAB3_Game\STM32G474RETX_FLASH.ld" --specs=nosys.specs -Wl,-Map="LAB3_Game.map" -Wl,--gc-sections -static --specs=nano.specs -mfpu=fpv4-sp-d16 -mfloat-abi=hard -mthumb -Wl,--start-group -lc -lm -Wl,--end-group
Finished building target: LAB3_Game.elf
 
arm-none-eabi-size   LAB3_Game.elf 
arm-none-eabi-objdump -h -S  LAB3_Game.elf  > "LAB3_Game.list"
   text	   data	    bss	    dec	    hex	filename
  15144	     20	   1844	  17008	   4270	LAB3_Game.elf
Finished building: default.size.stdout
 
Finished building: LAB3_Game.list
 
00:56:06 **** Incremental Build of configuration Debug for project LAB3_Game ****
make -j16 all 
arm-none-eabi-size   LAB3_Game.elf 
   text	   data	    bss	    dec	    hex	filename
  15144	     20	   1844	  17008	   4270	LAB3_Game.elf
Finished building: default.size.stdout
 
01:31:28 **** Incremental Build of configuration Debug for project LAB3_Game ****
make -j16 all 
arm-none-eabi-gcc "../Core/Src/main.c" -mcpu=cortex-m4 -std=gnu11 -g3 -DDEBUG -DUSE_HAL_DRIVER -DSTM32G474xx -c -I../Core/Inc -I../Drivers/STM32G4xx_HAL_Driver/Inc -I../Drivers/STM32G4xx_HAL_Driver/Inc/Legacy -I../Drivers/CMSIS/Device/ST/STM32G4xx/Include -I../Drivers/CMSIS/Include -O0 -ffunction-sections -fdata-sections -Wall -fstack-usage -fcyclomatic-complexity -MMD -MP -MF"Core/Src/main.d" -MT"Core/Src/main.o" --specs=nano.specs -mfpu=fpv4-sp-d16 -mfloat-abi=hard -mthumb -o "Core/Src/main.o"
../Core/Src/main.c: In function 'main':
../Core/Src/main.c:104:3: warning: implicit declaration of function 'SPITxRx_Setup' [-Wimplicit-function-declaration]
  104 |   SPITxRx_Setup();
      |   ^~~~~~~~~~~~~
../Core/Src/main.c:114:11: warning: implicit declaration of function 'SPITxRx_readIO' [-Wimplicit-function-declaration]
  114 |           SPITxRx_readIO();
      |           ^~~~~~~~~~~~~~
../Core/Src/main.c: At top level:
../Core/Src/main.c:305:6: warning: conflicting types for 'SPITxRx_Setup'; have 'void()'
  305 | void SPITxRx_Setup()
      |      ^~~~~~~~~~~~~
../Core/Src/main.c:104:3: note: previous implicit declaration of 'SPITxRx_Setup' with type 'void()'
  104 |   SPITxRx_Setup();
      |   ^~~~~~~~~~~~~
../Core/Src/main.c:314:6: warning: conflicting types for 'SPITxRx_readIO'; have 'void()'
  314 | void SPITxRx_readIO()
      |      ^~~~~~~~~~~~~~
../Core/Src/main.c:114:11: note: previous implicit declaration of 'SPITxRx_readIO' with type 'void()'
  114 |           SPITxRx_readIO();
      |           ^~~~~~~~~~~~~~
../Core/Src/main.c: In function 'TikTokGame':
../Core/Src/main.c:335:26: warning: statement with no effect [-Wunused-value]
  335 |                 game_turn==1;
      |                 ~~~~~~~~~^~~
../Core/Src/main.c:339:26: warning: statement with no effect [-Wunused-value]
  339 |                 game_turn==0;
      |                 ~~~~~~~~~^~~
At top level:
../Core/Src/main.c:327:13: warning: 'TikTokGame' defined but not used [-Wunused-function]
  327 | static void TikTokGame()//
      |             ^~~~~~~~~~
arm-none-eabi-gcc -o "LAB3_Game.elf" @"objects.list"   -mcpu=cortex-m4 -T"D:\UNIVERSITY\YR2\FRA222_MicroCon\FRA222_LAB3_SPIGAME\LAB2_Game\LAB3_Game\STM32G474RETX_FLASH.ld" --specs=nosys.specs -Wl,-Map="LAB3_Game.map" -Wl,--gc-sections -static --specs=nano.specs -mfpu=fpv4-sp-d16 -mfloat-abi=hard -mthumb -Wl,--start-group -lc -lm -Wl,--end-group
Finished building target: LAB3_Game.elf
 
arm-none-eabi-size   LAB3_Game.elf 
arm-none-eabi-objdump -h -S  LAB3_Game.elf  > "LAB3_Game.list"
   text	   data	    bss	    dec	    hex	filename
  15144	     20	   1844	  17008	   4270	LAB3_Game.elf
Finished building: default.size.stdout
 
Finished building: LAB3_Game.list
 
01:34:27 **** Incremental Build of configuration Debug for project LAB3_Game ****
make -j16 all 
arm-none-eabi-gcc "../Core/Src/main.c" -mcpu=cortex-m4 -std=gnu11 -g3 -DDEBUG -DUSE_HAL_DRIVER -DSTM32G474xx -c -I../Core/Inc -I../Drivers/STM32G4xx_HAL_Driver/Inc -I../Drivers/STM32G4xx_HAL_Driver/Inc/Legacy -I../Drivers/CMSIS/Device/ST/STM32G4xx/Include -I../Drivers/CMSIS/Include -O0 -ffunction-sections -fdata-sections -Wall -fstack-usage -fcyclomatic-complexity -MMD -MP -MF"Core/Src/main.d" -MT"Core/Src/main.o" --specs=nano.specs -mfpu=fpv4-sp-d16 -mfloat-abi=hard -mthumb -o "Core/Src/main.o"
../Core/Src/main.c: In function 'main':
../Core/Src/main.c:104:3: warning: implicit declaration of function 'SPITxRx_Setup' [-Wimplicit-function-declaration]
  104 |   SPITxRx_Setup();
      |   ^~~~~~~~~~~~~
../Core/Src/main.c:114:11: warning: implicit declaration of function 'SPITxRx_readIO' [-Wimplicit-function-declaration]
  114 |           SPITxRx_readIO();
      |           ^~~~~~~~~~~~~~
../Core/Src/main.c:115:11: warning: implicit declaration of function 'TikTokGame' [-Wimplicit-function-declaration]
  115 |           TikTokGame();
      |           ^~~~~~~~~~
../Core/Src/main.c: At top level:
../Core/Src/main.c:306:6: warning: conflicting types for 'SPITxRx_Setup'; have 'void()'
  306 | void SPITxRx_Setup()
      |      ^~~~~~~~~~~~~
../Core/Src/main.c:104:3: note: previous implicit declaration of 'SPITxRx_Setup' with type 'void()'
  104 |   SPITxRx_Setup();
      |   ^~~~~~~~~~~~~
../Core/Src/main.c:315:6: warning: conflicting types for 'SPITxRx_readIO'; have 'void()'
  315 | void SPITxRx_readIO()
      |      ^~~~~~~~~~~~~~
../Core/Src/main.c:114:11: note: previous implicit declaration of 'SPITxRx_readIO' with type 'void()'
  114 |           SPITxRx_readIO();
      |           ^~~~~~~~~~~~~~
../Core/Src/main.c:328:13: warning: conflicting types for 'TikTokGame'; have 'void()'
  328 | static void TikTokGame()//
      |             ^~~~~~~~~~
../Core/Src/main.c:328:13: error: static declaration of 'TikTokGame' follows non-static declaration
../Core/Src/main.c:115:11: note: previous implicit declaration of 'TikTokGame' with type 'void()'
  115 |           TikTokGame();
      |           ^~~~~~~~~~
../Core/Src/main.c: In function 'TikTokGame':
../Core/Src/main.c:336:26: warning: statement with no effect [-Wunused-value]
  336 |                 game_turn==1;
      |                 ~~~~~~~~~^~~
../Core/Src/main.c:340:26: warning: statement with no effect [-Wunused-value]
  340 |                 game_turn==0;
      |                 ~~~~~~~~~^~~
At top level:
../Core/Src/main.c:328:13: warning: 'TikTokGame' defined but not used [-Wunused-function]
  328 | static void TikTokGame()//
      |             ^~~~~~~~~~
make: *** [Core/Src/subdir.mk:34: Core/Src/main.o] Error 1
"make -j16 all" terminated with exit code 2. Build might be incomplete.
01:34:52 **** Incremental Build of configuration Debug for project LAB3_Game ****
make -j16 all 
arm-none-eabi-gcc "../Core/Src/main.c" -mcpu=cortex-m4 -std=gnu11 -g3 -DDEBUG -DUSE_HAL_DRIVER -DSTM32G474xx -c -I../Core/Inc -I../Drivers/STM32G4xx_HAL_Driver/Inc -I../Drivers/STM32G4xx_HAL_Driver/Inc/Legacy -I../Drivers/CMSIS/Device/ST/STM32G4xx/Include -I../Drivers/CMSIS/Include -O0 -ffunction-sections -fdata-sections -Wall -fstack-usage -fcyclomatic-complexity -MMD -MP -MF"Core/Src/main.d" -MT"Core/Src/main.o" --specs=nano.specs -mfpu=fpv4-sp-d16 -mfloat-abi=hard -mthumb -o "Core/Src/main.o"
../Core/Src/main.c: In function 'main':
../Core/Src/main.c:104:3: warning: implicit declaration of function 'SPITxRx_Setup' [-Wimplicit-function-declaration]
  104 |   SPITxRx_Setup();
      |   ^~~~~~~~~~~~~
../Core/Src/main.c:114:11: warning: implicit declaration of function 'SPITxRx_readIO' [-Wimplicit-function-declaration]
  114 |           SPITxRx_readIO();
      |           ^~~~~~~~~~~~~~
../Core/Src/main.c:115:11: warning: implicit declaration of function 'TikTokGame' [-Wimplicit-function-declaration]
  115 |           TikTokGame();
      |           ^~~~~~~~~~
../Core/Src/main.c: At top level:
../Core/Src/main.c:306:6: warning: conflicting types for 'SPITxRx_Setup'; have 'void()'
  306 | void SPITxRx_Setup()
      |      ^~~~~~~~~~~~~
../Core/Src/main.c:104:3: note: previous implicit declaration of 'SPITxRx_Setup' with type 'void()'
  104 |   SPITxRx_Setup();
      |   ^~~~~~~~~~~~~
../Core/Src/main.c:315:6: warning: conflicting types for 'SPITxRx_readIO'; have 'void()'
  315 | void SPITxRx_readIO()
      |      ^~~~~~~~~~~~~~
../Core/Src/main.c:114:11: note: previous implicit declaration of 'SPITxRx_readIO' with type 'void()'
  114 |           SPITxRx_readIO();
      |           ^~~~~~~~~~~~~~
../Core/Src/main.c:328:6: warning: conflicting types for 'TikTokGame'; have 'void()'
  328 | void TikTokGame()//
      |      ^~~~~~~~~~
../Core/Src/main.c:115:11: note: previous implicit declaration of 'TikTokGame' with type 'void()'
  115 |           TikTokGame();
      |           ^~~~~~~~~~
../Core/Src/main.c: In function 'TikTokGame':
../Core/Src/main.c:336:26: warning: statement with no effect [-Wunused-value]
  336 |                 game_turn==1;
      |                 ~~~~~~~~~^~~
../Core/Src/main.c:340:26: warning: statement with no effect [-Wunused-value]
  340 |                 game_turn==0;
      |                 ~~~~~~~~~^~~
arm-none-eabi-gcc -o "LAB3_Game.elf" @"objects.list"   -mcpu=cortex-m4 -T"D:\UNIVERSITY\YR2\FRA222_MicroCon\FRA222_LAB3_SPIGAME\LAB2_Game\LAB3_Game\STM32G474RETX_FLASH.ld" --specs=nosys.specs -Wl,-Map="LAB3_Game.map" -Wl,--gc-sections -static --specs=nano.specs -mfpu=fpv4-sp-d16 -mfloat-abi=hard -mthumb -Wl,--start-group -lc -lm -Wl,--end-group
Finished building target: LAB3_Game.elf
 
arm-none-eabi-size   LAB3_Game.elf 
arm-none-eabi-objdump -h -S  LAB3_Game.elf  > "LAB3_Game.list"
   text	   data	    bss	    dec	    hex	filename
  15172	     20	   1844	  17036	   428c	LAB3_Game.elf
Finished building: default.size.stdout
 
Finished building: LAB3_Game.list
 
01:35:50 **** Incremental Build of configuration Debug for project LAB3_Game ****
make -j16 all 
arm-none-eabi-gcc "../Core/Src/main.c" -mcpu=cortex-m4 -std=gnu11 -g3 -DDEBUG -DUSE_HAL_DRIVER -DSTM32G474xx -c -I../Core/Inc -I../Drivers/STM32G4xx_HAL_Driver/Inc -I../Drivers/STM32G4xx_HAL_Driver/Inc/Legacy -I../Drivers/CMSIS/Device/ST/STM32G4xx/Include -I../Drivers/CMSIS/Include -O0 -ffunction-sections -fdata-sections -Wall -fstack-usage -fcyclomatic-complexity -MMD -MP -MF"Core/Src/main.d" -MT"Core/Src/main.o" --specs=nano.specs -mfpu=fpv4-sp-d16 -mfloat-abi=hard -mthumb -o "Core/Src/main.o"
../Core/Src/main.c: In function 'main':
../Core/Src/main.c:104:3: warning: implicit declaration of function 'SPITxRx_Setup' [-Wimplicit-function-declaration]
  104 |   SPITxRx_Setup();
      |   ^~~~~~~~~~~~~
../Core/Src/main.c:105:3: warning: implicit declaration of function 'TikTokGame' [-Wimplicit-function-declaration]
  105 |   TikTokGame();
      |   ^~~~~~~~~~
../Core/Src/main.c:115:11: warning: implicit declaration of function 'SPITxRx_readIO' [-Wimplicit-function-declaration]
  115 |           SPITxRx_readIO();
      |           ^~~~~~~~~~~~~~
../Core/Src/main.c: At top level:
../Core/Src/main.c:307:6: warning: conflicting types for 'SPITxRx_Setup'; have 'void()'
  307 | void SPITxRx_Setup()
      |      ^~~~~~~~~~~~~
../Core/Src/main.c:104:3: note: previous implicit declaration of 'SPITxRx_Setup' with type 'void()'
  104 |   SPITxRx_Setup();
      |   ^~~~~~~~~~~~~
../Core/Src/main.c:316:6: warning: conflicting types for 'SPITxRx_readIO'; have 'void()'
  316 | void SPITxRx_readIO()
      |      ^~~~~~~~~~~~~~
../Core/Src/main.c:115:11: note: previous implicit declaration of 'SPITxRx_readIO' with type 'void()'
  115 |           SPITxRx_readIO();
      |           ^~~~~~~~~~~~~~
../Core/Src/main.c:329:6: warning: conflicting types for 'TikTokGame'; have 'void()'
  329 | void TikTokGame()//
      |      ^~~~~~~~~~
../Core/Src/main.c:105:3: note: previous implicit declaration of 'TikTokGame' with type 'void()'
  105 |   TikTokGame();
      |   ^~~~~~~~~~
../Core/Src/main.c: In function 'TikTokGame':
../Core/Src/main.c:337:26: warning: statement with no effect [-Wunused-value]
  337 |                 game_turn==1;
      |                 ~~~~~~~~~^~~
../Core/Src/main.c:341:26: warning: statement with no effect [-Wunused-value]
  341 |                 game_turn==0;
      |                 ~~~~~~~~~^~~
arm-none-eabi-gcc -o "LAB3_Game.elf" @"objects.list"   -mcpu=cortex-m4 -T"D:\UNIVERSITY\YR2\FRA222_MicroCon\FRA222_LAB3_SPIGAME\LAB2_Game\LAB3_Game\STM32G474RETX_FLASH.ld" --specs=nosys.specs -Wl,-Map="LAB3_Game.map" -Wl,--gc-sections -static --specs=nano.specs -mfpu=fpv4-sp-d16 -mfloat-abi=hard -mthumb -Wl,--start-group -lc -lm -Wl,--end-group
Finished building target: LAB3_Game.elf
 
arm-none-eabi-size   LAB3_Game.elf 
arm-none-eabi-objdump -h -S  LAB3_Game.elf  > "LAB3_Game.list"
   text	   data	    bss	    dec	    hex	filename
  15176	     20	   1844	  17040	   4290	LAB3_Game.elf
Finished building: default.size.stdout
 
Finished building: LAB3_Game.list
 
01:45:17 **** Incremental Build of configuration Debug for project LAB3_Game ****
make -j16 all 
arm-none-eabi-gcc "../Core/Src/main.c" -mcpu=cortex-m4 -std=gnu11 -g3 -DDEBUG -DUSE_HAL_DRIVER -DSTM32G474xx -c -I../Core/Inc -I../Drivers/STM32G4xx_HAL_Driver/Inc -I../Drivers/STM32G4xx_HAL_Driver/Inc/Legacy -I../Drivers/CMSIS/Device/ST/STM32G4xx/Include -I../Drivers/CMSIS/Include -O0 -ffunction-sections -fdata-sections -Wall -fstack-usage -fcyclomatic-complexity -MMD -MP -MF"Core/Src/main.d" -MT"Core/Src/main.o" --specs=nano.specs -mfpu=fpv4-sp-d16 -mfloat-abi=hard -mthumb -o "Core/Src/main.o"
../Core/Src/main.c: In function 'main':
../Core/Src/main.c:104:3: warning: implicit declaration of function 'SPITxRx_Setup' [-Wimplicit-function-declaration]
  104 |   SPITxRx_Setup();
      |   ^~~~~~~~~~~~~
../Core/Src/main.c:105:3: warning: implicit declaration of function 'TikTokGame' [-Wimplicit-function-declaration]
  105 |   TikTokGame();
      |   ^~~~~~~~~~
../Core/Src/main.c:115:11: warning: implicit declaration of function 'SPITxRx_readIO' [-Wimplicit-function-declaration]
  115 |           SPITxRx_readIO();
      |           ^~~~~~~~~~~~~~
../Core/Src/main.c: At top level:
../Core/Src/main.c:307:6: warning: conflicting types for 'SPITxRx_Setup'; have 'void()'
  307 | void SPITxRx_Setup()
      |      ^~~~~~~~~~~~~
../Core/Src/main.c:104:3: note: previous implicit declaration of 'SPITxRx_Setup' with type 'void()'
  104 |   SPITxRx_Setup();
      |   ^~~~~~~~~~~~~
../Core/Src/main.c:316:6: warning: conflicting types for 'SPITxRx_readIO'; have 'void()'
  316 | void SPITxRx_readIO()
      |      ^~~~~~~~~~~~~~
../Core/Src/main.c:115:11: note: previous implicit declaration of 'SPITxRx_readIO' with type 'void()'
  115 |           SPITxRx_readIO();
      |           ^~~~~~~~~~~~~~
../Core/Src/main.c:329:6: warning: conflicting types for 'TikTokGame'; have 'void()'
  329 | void TikTokGame()//
      |      ^~~~~~~~~~
../Core/Src/main.c:105:3: note: previous implicit declaration of 'TikTokGame' with type 'void()'
  105 |   TikTokGame();
      |   ^~~~~~~~~~
../Core/Src/main.c: In function 'TikTokGame':
../Core/Src/main.c:337:26: warning: statement with no effect [-Wunused-value]
  337 |                 game_turn==1;
      |                 ~~~~~~~~~^~~
../Core/Src/main.c:342:17: error: '\U0000200b' undeclared (first use in this function)
  342 |                 ?{
      |                  
../Core/Src/main.c:342:17: note: each undeclared identifier is reported only once for each function it appears in
../Core/Src/main.c:342:17: error: expected ';' before '{' token
  342 |                 ?{
      |                 ^
      |                 ;
make: *** [Core/Src/subdir.mk:34: Core/Src/main.o] Error 1
"make -j16 all" terminated with exit code 2. Build might be incomplete.
01:46:40 **** Incremental Build of configuration Debug for project LAB3_Game ****
make -j16 all 
arm-none-eabi-gcc "../Core/Src/main.c" -mcpu=cortex-m4 -std=gnu11 -g3 -DDEBUG -DUSE_HAL_DRIVER -DSTM32G474xx -c -I../Core/Inc -I../Drivers/STM32G4xx_HAL_Driver/Inc -I../Drivers/STM32G4xx_HAL_Driver/Inc/Legacy -I../Drivers/CMSIS/Device/ST/STM32G4xx/Include -I../Drivers/CMSIS/Include -O0 -ffunction-sections -fdata-sections -Wall -fstack-usage -fcyclomatic-complexity -MMD -MP -MF"Core/Src/main.d" -MT"Core/Src/main.o" --specs=nano.specs -mfpu=fpv4-sp-d16 -mfloat-abi=hard -mthumb -o "Core/Src/main.o"
../Core/Src/main.c: In function 'main':
../Core/Src/main.c:104:3: warning: implicit declaration of function 'SPITxRx_Setup' [-Wimplicit-function-declaration]
  104 |   SPITxRx_Setup();
      |   ^~~~~~~~~~~~~
../Core/Src/main.c:105:3: warning: implicit declaration of function 'TikTokGame' [-Wimplicit-function-declaration]
  105 |   TikTokGame();
      |   ^~~~~~~~~~
../Core/Src/main.c:115:11: warning: implicit declaration of function 'SPITxRx_readIO' [-Wimplicit-function-declaration]
  115 |           SPITxRx_readIO();
      |           ^~~~~~~~~~~~~~
../Core/Src/main.c: At top level:
../Core/Src/main.c:307:6: warning: conflicting types for 'SPITxRx_Setup'; have 'void()'
  307 | void SPITxRx_Setup()
      |      ^~~~~~~~~~~~~
../Core/Src/main.c:104:3: note: previous implicit declaration of 'SPITxRx_Setup' with type 'void()'
  104 |   SPITxRx_Setup();
      |   ^~~~~~~~~~~~~
../Core/Src/main.c:316:6: warning: conflicting types for 'SPITxRx_readIO'; have 'void()'
  316 | void SPITxRx_readIO()
      |      ^~~~~~~~~~~~~~
../Core/Src/main.c:115:11: note: previous implicit declaration of 'SPITxRx_readIO' with type 'void()'
  115 |           SPITxRx_readIO();
      |           ^~~~~~~~~~~~~~
../Core/Src/main.c:329:6: warning: conflicting types for 'TikTokGame'; have 'void()'
  329 | void TikTokGame()//
      |      ^~~~~~~~~~
../Core/Src/main.c:105:3: note: previous implicit declaration of 'TikTokGame' with type 'void()'
  105 |   TikTokGame();
      |   ^~~~~~~~~~
../Core/Src/main.c: In function 'TikTokGame':
../Core/Src/main.c:342:17: error: '\U0000200b' undeclared (first use in this function)
  342 |                 ?{
      |                  
../Core/Src/main.c:342:17: note: each undeclared identifier is reported only once for each function it appears in
../Core/Src/main.c:342:17: error: expected ';' before '{' token
  342 |                 ?{
      |                 ^
      |                 ;
make: *** [Core/Src/subdir.mk:34: Core/Src/main.o] Error 1
"make -j16 all" terminated with exit code 2. Build might be incomplete.
01:48:24 **** Incremental Build of configuration Debug for project LAB3_Game ****
make -j16 all 
arm-none-eabi-gcc "../Core/Src/main.c" -mcpu=cortex-m4 -std=gnu11 -g3 -DDEBUG -DUSE_HAL_DRIVER -DSTM32G474xx -c -I../Core/Inc -I../Drivers/STM32G4xx_HAL_Driver/Inc -I../Drivers/STM32G4xx_HAL_Driver/Inc/Legacy -I../Drivers/CMSIS/Device/ST/STM32G4xx/Include -I../Drivers/CMSIS/Include -O0 -ffunction-sections -fdata-sections -Wall -fstack-usage -fcyclomatic-complexity -MMD -MP -MF"Core/Src/main.d" -MT"Core/Src/main.o" --specs=nano.specs -mfpu=fpv4-sp-d16 -mfloat-abi=hard -mthumb -o "Core/Src/main.o"
../Core/Src/main.c: In function 'main':
../Core/Src/main.c:104:3: warning: implicit declaration of function 'SPITxRx_Setup' [-Wimplicit-function-declaration]
  104 |   SPITxRx_Setup();
      |   ^~~~~~~~~~~~~
../Core/Src/main.c:105:3: warning: implicit declaration of function 'TikTokGame' [-Wimplicit-function-declaration]
  105 |   TikTokGame();
      |   ^~~~~~~~~~
../Core/Src/main.c:115:11: warning: implicit declaration of function 'SPITxRx_readIO' [-Wimplicit-function-declaration]
  115 |           SPITxRx_readIO();
      |           ^~~~~~~~~~~~~~
../Core/Src/main.c: At top level:
../Core/Src/main.c:307:6: warning: conflicting types for 'SPITxRx_Setup'; have 'void()'
  307 | void SPITxRx_Setup()
      |      ^~~~~~~~~~~~~
../Core/Src/main.c:104:3: note: previous implicit declaration of 'SPITxRx_Setup' with type 'void()'
  104 |   SPITxRx_Setup();
      |   ^~~~~~~~~~~~~
../Core/Src/main.c:316:6: warning: conflicting types for 'SPITxRx_readIO'; have 'void()'
  316 | void SPITxRx_readIO()
      |      ^~~~~~~~~~~~~~
../Core/Src/main.c:115:11: note: previous implicit declaration of 'SPITxRx_readIO' with type 'void()'
  115 |           SPITxRx_readIO();
      |           ^~~~~~~~~~~~~~
../Core/Src/main.c:329:6: warning: conflicting types for 'TikTokGame'; have 'void()'
  329 | void TikTokGame()
      |      ^~~~~~~~~~
../Core/Src/main.c:105:3: note: previous implicit declaration of 'TikTokGame' with type 'void()'
  105 |   TikTokGame();
      |   ^~~~~~~~~~
arm-none-eabi-gcc -o "LAB3_Game.elf" @"objects.list"   -mcpu=cortex-m4 -T"D:\UNIVERSITY\YR2\FRA222_MicroCon\FRA222_LAB3_SPIGAME\LAB2_Game\LAB3_Game\STM32G474RETX_FLASH.ld" --specs=nosys.specs -Wl,-Map="LAB3_Game.map" -Wl,--gc-sections -static --specs=nano.specs -mfpu=fpv4-sp-d16 -mfloat-abi=hard -mthumb -Wl,--start-group -lc -lm -Wl,--end-group
Finished building target: LAB3_Game.elf
 
arm-none-eabi-size   LAB3_Game.elf 
arm-none-eabi-objdump -h -S  LAB3_Game.elf  > "LAB3_Game.list"
   text	   data	    bss	    dec	    hex	filename
  15316	     24	   1856	  17196	   432c	LAB3_Game.elf
Finished building: default.size.stdout
 
Finished building: LAB3_Game.list
 
02:06:04 **** Incremental Build of configuration Debug for project LAB3_Game ****
make -j16 all 
arm-none-eabi-gcc "../Core/Src/main.c" -mcpu=cortex-m4 -std=gnu11 -g3 -DDEBUG -DUSE_HAL_DRIVER -DSTM32G474xx -c -I../Core/Inc -I../Drivers/STM32G4xx_HAL_Driver/Inc -I../Drivers/STM32G4xx_HAL_Driver/Inc/Legacy -I../Drivers/CMSIS/Device/ST/STM32G4xx/Include -I../Drivers/CMSIS/Include -O0 -ffunction-sections -fdata-sections -Wall -fstack-usage -fcyclomatic-complexity -MMD -MP -MF"Core/Src/main.d" -MT"Core/Src/main.o" --specs=nano.specs -mfpu=fpv4-sp-d16 -mfloat-abi=hard -mthumb -o "Core/Src/main.o"
../Core/Src/main.c: In function 'main':
../Core/Src/main.c:104:3: warning: implicit declaration of function 'SPITxRx_Setup' [-Wimplicit-function-declaration]
  104 |   SPITxRx_Setup();
      |   ^~~~~~~~~~~~~
../Core/Src/main.c:105:3: warning: implicit declaration of function 'TikTokGame' [-Wimplicit-function-declaration]
  105 |   TikTokGame();
      |   ^~~~~~~~~~
../Core/Src/main.c:115:11: warning: implicit declaration of function 'SPITxRx_readIO' [-Wimplicit-function-declaration]
  115 |           SPITxRx_readIO();
      |           ^~~~~~~~~~~~~~
../Core/Src/main.c: At top level:
../Core/Src/main.c:307:6: warning: conflicting types for 'SPITxRx_Setup'; have 'void()'
  307 | void SPITxRx_Setup()
      |      ^~~~~~~~~~~~~
../Core/Src/main.c:104:3: note: previous implicit declaration of 'SPITxRx_Setup' with type 'void()'
  104 |   SPITxRx_Setup();
      |   ^~~~~~~~~~~~~
../Core/Src/main.c:316:6: warning: conflicting types for 'SPITxRx_readIO'; have 'void()'
  316 | void SPITxRx_readIO()
      |      ^~~~~~~~~~~~~~
../Core/Src/main.c:115:11: note: previous implicit declaration of 'SPITxRx_readIO' with type 'void()'
  115 |           SPITxRx_readIO();
      |           ^~~~~~~~~~~~~~
../Core/Src/main.c:329:6: warning: conflicting types for 'TikTokGame'; have 'void()'
  329 | void TikTokGame()
      |      ^~~~~~~~~~
../Core/Src/main.c:105:3: note: previous implicit declaration of 'TikTokGame' with type 'void()'
  105 |   TikTokGame();
      |   ^~~~~~~~~~
../Core/Src/main.c: In function 'TikTokGame':
../Core/Src/main.c:339:9: error: '\U0000200b' undeclared (first use in this function)
  339 |         ?{
      |          
../Core/Src/main.c:339:9: note: each undeclared identifier is reported only once for each function it appears in
../Core/Src/main.c:339:9: error: expected ';' before '{' token
  339 |         ?{
      |         ^
      |         ;
make: *** [Core/Src/subdir.mk:34: Core/Src/main.o] Error 1
"make -j16 all" terminated with exit code 2. Build might be incomplete.
02:07:53 **** Incremental Build of configuration Debug for project LAB3_Game ****
make -j16 all 
arm-none-eabi-gcc "../Core/Src/main.c" -mcpu=cortex-m4 -std=gnu11 -g3 -DDEBUG -DUSE_HAL_DRIVER -DSTM32G474xx -c -I../Core/Inc -I../Drivers/STM32G4xx_HAL_Driver/Inc -I../Drivers/STM32G4xx_HAL_Driver/Inc/Legacy -I../Drivers/CMSIS/Device/ST/STM32G4xx/Include -I../Drivers/CMSIS/Include -O0 -ffunction-sections -fdata-sections -Wall -fstack-usage -fcyclomatic-complexity -MMD -MP -MF"Core/Src/main.d" -MT"Core/Src/main.o" --specs=nano.specs -mfpu=fpv4-sp-d16 -mfloat-abi=hard -mthumb -o "Core/Src/main.o"
../Core/Src/main.c: In function 'main':
../Core/Src/main.c:104:3: warning: implicit declaration of function 'SPITxRx_Setup' [-Wimplicit-function-declaration]
  104 |   SPITxRx_Setup();
      |   ^~~~~~~~~~~~~
../Core/Src/main.c:105:3: warning: implicit declaration of function 'TikTokGame' [-Wimplicit-function-declaration]
  105 |   TikTokGame();
      |   ^~~~~~~~~~
../Core/Src/main.c:115:11: warning: implicit declaration of function 'SPITxRx_readIO' [-Wimplicit-function-declaration]
  115 |           SPITxRx_readIO();
      |           ^~~~~~~~~~~~~~
../Core/Src/main.c: At top level:
../Core/Src/main.c:307:6: warning: conflicting types for 'SPITxRx_Setup'; have 'void()'
  307 | void SPITxRx_Setup()
      |      ^~~~~~~~~~~~~
../Core/Src/main.c:104:3: note: previous implicit declaration of 'SPITxRx_Setup' with type 'void()'
  104 |   SPITxRx_Setup();
      |   ^~~~~~~~~~~~~
../Core/Src/main.c:316:6: warning: conflicting types for 'SPITxRx_readIO'; have 'void()'
  316 | void SPITxRx_readIO()
      |      ^~~~~~~~~~~~~~
../Core/Src/main.c:115:11: note: previous implicit declaration of 'SPITxRx_readIO' with type 'void()'
  115 |           SPITxRx_readIO();
      |           ^~~~~~~~~~~~~~
../Core/Src/main.c:329:6: warning: conflicting types for 'TikTokGame'; have 'void()'
  329 | void TikTokGame()
      |      ^~~~~~~~~~
../Core/Src/main.c:105:3: note: previous implicit declaration of 'TikTokGame' with type 'void()'
  105 |   TikTokGame();
      |   ^~~~~~~~~~
arm-none-eabi-gcc -o "LAB3_Game.elf" @"objects.list"   -mcpu=cortex-m4 -T"D:\UNIVERSITY\YR2\FRA222_MicroCon\FRA222_LAB3_SPIGAME\LAB2_Game\LAB3_Game\STM32G474RETX_FLASH.ld" --specs=nosys.specs -Wl,-Map="LAB3_Game.map" -Wl,--gc-sections -static --specs=nano.specs -mfpu=fpv4-sp-d16 -mfloat-abi=hard -mthumb -Wl,--start-group -lc -lm -Wl,--end-group
Finished building target: LAB3_Game.elf
 
arm-none-eabi-size   LAB3_Game.elf 
arm-none-eabi-objdump -h -S  LAB3_Game.elf  > "LAB3_Game.list"
   text	   data	    bss	    dec	    hex	filename
  15476	     24	   1856	  17356	   43cc	LAB3_Game.elf
Finished building: default.size.stdout
 
Finished building: LAB3_Game.list
 
02:15:19 **** Incremental Build of configuration Debug for project LAB3_Game ****
make -j16 all 
arm-none-eabi-gcc "../Core/Src/main.c" -mcpu=cortex-m4 -std=gnu11 -g3 -DDEBUG -DUSE_HAL_DRIVER -DSTM32G474xx -c -I../Core/Inc -I../Drivers/STM32G4xx_HAL_Driver/Inc -I../Drivers/STM32G4xx_HAL_Driver/Inc/Legacy -I../Drivers/CMSIS/Device/ST/STM32G4xx/Include -I../Drivers/CMSIS/Include -O0 -ffunction-sections -fdata-sections -Wall -fstack-usage -fcyclomatic-complexity -MMD -MP -MF"Core/Src/main.d" -MT"Core/Src/main.o" --specs=nano.specs -mfpu=fpv4-sp-d16 -mfloat-abi=hard -mthumb -o "Core/Src/main.o"
../Core/Src/main.c: In function 'main':
../Core/Src/main.c:104:3: warning: implicit declaration of function 'SPITxRx_Setup' [-Wimplicit-function-declaration]
  104 |   SPITxRx_Setup();
      |   ^~~~~~~~~~~~~
../Core/Src/main.c:105:3: warning: implicit declaration of function 'TikTokGame' [-Wimplicit-function-declaration]
  105 |   TikTokGame();
      |   ^~~~~~~~~~
../Core/Src/main.c:115:11: warning: implicit declaration of function 'SPITxRx_readIO' [-Wimplicit-function-declaration]
  115 |           SPITxRx_readIO();
      |           ^~~~~~~~~~~~~~
../Core/Src/main.c: At top level:
../Core/Src/main.c:307:6: warning: conflicting types for 'SPITxRx_Setup'; have 'void()'
  307 | void SPITxRx_Setup()
      |      ^~~~~~~~~~~~~
../Core/Src/main.c:104:3: note: previous implicit declaration of 'SPITxRx_Setup' with type 'void()'
  104 |   SPITxRx_Setup();
      |   ^~~~~~~~~~~~~
../Core/Src/main.c:316:6: warning: conflicting types for 'SPITxRx_readIO'; have 'void()'
  316 | void SPITxRx_readIO()
      |      ^~~~~~~~~~~~~~
../Core/Src/main.c:115:11: note: previous implicit declaration of 'SPITxRx_readIO' with type 'void()'
  115 |           SPITxRx_readIO();
      |           ^~~~~~~~~~~~~~
../Core/Src/main.c:329:6: warning: conflicting types for 'TikTokGame'; have 'void()'
  329 | void TikTokGame()
      |      ^~~~~~~~~~
../Core/Src/main.c:105:3: note: previous implicit declaration of 'TikTokGame' with type 'void()'
  105 |   TikTokGame();
      |   ^~~~~~~~~~
arm-none-eabi-gcc -o "LAB3_Game.elf" @"objects.list"   -mcpu=cortex-m4 -T"D:\UNIVERSITY\YR2\FRA222_MicroCon\FRA222_LAB3_SPIGAME\LAB2_Game\LAB3_Game\STM32G474RETX_FLASH.ld" --specs=nosys.specs -Wl,-Map="LAB3_Game.map" -Wl,--gc-sections -static --specs=nano.specs -mfpu=fpv4-sp-d16 -mfloat-abi=hard -mthumb -Wl,--start-group -lc -lm -Wl,--end-group
Finished building target: LAB3_Game.elf
 
arm-none-eabi-size   LAB3_Game.elf 
arm-none-eabi-objdump -h -S  LAB3_Game.elf  > "LAB3_Game.list"
   text	   data	    bss	    dec	    hex	filename
  15836	     24	   1856	  17716	   4534	LAB3_Game.elf
Finished building: default.size.stdout
 
Finished building: LAB3_Game.list
 
02:25:27 **** Incremental Build of configuration Debug for project LAB3_Game ****
make -j16 all 
arm-none-eabi-gcc "../Drivers/STM32G4xx_HAL_Driver/Src/stm32g4xx_hal.c" -mcpu=cortex-m4 -std=gnu11 -g3 -DDEBUG -DUSE_HAL_DRIVER -DSTM32G474xx -c -I../Core/Inc -I../Drivers/STM32G4xx_HAL_Driver/Inc -I../Drivers/STM32G4xx_HAL_Driver/Inc/Legacy -I../Drivers/CMSIS/Device/ST/STM32G4xx/Include -I../Drivers/CMSIS/Include -O0 -ffunction-sections -fdata-sections -Wall -fstack-usage -fcyclomatic-complexity -MMD -MP -MF"Drivers/STM32G4xx_HAL_Driver/Src/stm32g4xx_hal.d" -MT"Drivers/STM32G4xx_HAL_Driver/Src/stm32g4xx_hal.o" --specs=nano.specs -mfpu=fpv4-sp-d16 -mfloat-abi=hard -mthumb -o "Drivers/STM32G4xx_HAL_Driver/Src/stm32g4xx_hal.o"
arm-none-eabi-gcc "../Drivers/STM32G4xx_HAL_Driver/Src/stm32g4xx_hal_cortex.c" -mcpu=cortex-m4 -std=gnu11 -g3 -DDEBUG -DUSE_HAL_DRIVER -DSTM32G474xx -c -I../Core/Inc -I../Drivers/STM32G4xx_HAL_Driver/Inc -I../Drivers/STM32G4xx_HAL_Driver/Inc/Legacy -I../Drivers/CMSIS/Device/ST/STM32G4xx/Include -I../Drivers/CMSIS/Include -O0 -ffunction-sections -fdata-sections -Wall -fstack-usage -fcyclomatic-complexity -MMD -MP -MF"Drivers/STM32G4xx_HAL_Driver/Src/stm32g4xx_hal_cortex.d" -MT"Drivers/STM32G4xx_HAL_Driver/Src/stm32g4xx_hal_cortex.o" --specs=nano.specs -mfpu=fpv4-sp-d16 -mfloat-abi=hard -mthumb -o "Drivers/STM32G4xx_HAL_Driver/Src/stm32g4xx_hal_cortex.o"
arm-none-eabi-gcc "../Drivers/STM32G4xx_HAL_Driver/Src/stm32g4xx_hal_dma.c" -mcpu=cortex-m4 -std=gnu11 -g3 -DDEBUG -DUSE_HAL_DRIVER -DSTM32G474xx -c -I../Core/Inc -I../Drivers/STM32G4xx_HAL_Driver/Inc -I../Drivers/STM32G4xx_HAL_Driver/Inc/Legacy -I../Drivers/CMSIS/Device/ST/STM32G4xx/Include -I../Drivers/CMSIS/Include -O0 -ffunction-sections -fdata-sections -Wall -fstack-usage -fcyclomatic-complexity -MMD -MP -MF"Drivers/STM32G4xx_HAL_Driver/Src/stm32g4xx_hal_dma.d" -MT"Drivers/STM32G4xx_HAL_Driver/Src/stm32g4xx_hal_dma.o" --specs=nano.specs -mfpu=fpv4-sp-d16 -mfloat-abi=hard -mthumb -o "Drivers/STM32G4xx_HAL_Driver/Src/stm32g4xx_hal_dma.o"
arm-none-eabi-gcc "../Drivers/STM32G4xx_HAL_Driver/Src/stm32g4xx_hal_dma_ex.c" -mcpu=cortex-m4 -std=gnu11 -g3 -DDEBUG -DUSE_HAL_DRIVER -DSTM32G474xx -c -I../Core/Inc -I../Drivers/STM32G4xx_HAL_Driver/Inc -I../Drivers/STM32G4xx_HAL_Driver/Inc/Legacy -I../Drivers/CMSIS/Device/ST/STM32G4xx/Include -I../Drivers/CMSIS/Include -O0 -ffunction-sections -fdata-sections -Wall -fstack-usage -fcyclomatic-complexity -MMD -MP -MF"Drivers/STM32G4xx_HAL_Driver/Src/stm32g4xx_hal_dma_ex.d" -MT"Drivers/STM32G4xx_HAL_Driver/Src/stm32g4xx_hal_dma_ex.o" --specs=nano.specs -mfpu=fpv4-sp-d16 -mfloat-abi=hard -mthumb -o "Drivers/STM32G4xx_HAL_Driver/Src/stm32g4xx_hal_dma_ex.o"
arm-none-eabi-gcc "../Drivers/STM32G4xx_HAL_Driver/Src/stm32g4xx_hal_exti.c" -mcpu=cortex-m4 -std=gnu11 -g3 -DDEBUG -DUSE_HAL_DRIVER -DSTM32G474xx -c -I../Core/Inc -I../Drivers/STM32G4xx_HAL_Driver/Inc -I../Drivers/STM32G4xx_HAL_Driver/Inc/Legacy -I../Drivers/CMSIS/Device/ST/STM32G4xx/Include -I../Drivers/CMSIS/Include -O0 -ffunction-sections -fdata-sections -Wall -fstack-usage -fcyclomatic-complexity -MMD -MP -MF"Drivers/STM32G4xx_HAL_Driver/Src/stm32g4xx_hal_exti.d" -MT"Drivers/STM32G4xx_HAL_Driver/Src/stm32g4xx_hal_exti.o" --specs=nano.specs -mfpu=fpv4-sp-d16 -mfloat-abi=hard -mthumb -o "Drivers/STM32G4xx_HAL_Driver/Src/stm32g4xx_hal_exti.o"
arm-none-eabi-gcc "../Drivers/STM32G4xx_HAL_Driver/Src/stm32g4xx_hal_flash.c" -mcpu=cortex-m4 -std=gnu11 -g3 -DDEBUG -DUSE_HAL_DRIVER -DSTM32G474xx -c -I../Core/Inc -I../Drivers/STM32G4xx_HAL_Driver/Inc -I../Drivers/STM32G4xx_HAL_Driver/Inc/Legacy -I../Drivers/CMSIS/Device/ST/STM32G4xx/Include -I../Drivers/CMSIS/Include -O0 -ffunction-sections -fdata-sections -Wall -fstack-usage -fcyclomatic-complexity -MMD -MP -MF"Drivers/STM32G4xx_HAL_Driver/Src/stm32g4xx_hal_flash.d" -MT"Drivers/STM32G4xx_HAL_Driver/Src/stm32g4xx_hal_flash.o" --specs=nano.specs -mfpu=fpv4-sp-d16 -mfloat-abi=hard -mthumb -o "Drivers/STM32G4xx_HAL_Driver/Src/stm32g4xx_hal_flash.o"
arm-none-eabi-gcc "../Drivers/STM32G4xx_HAL_Driver/Src/stm32g4xx_hal_flash_ex.c" -mcpu=cortex-m4 -std=gnu11 -g3 -DDEBUG -DUSE_HAL_DRIVER -DSTM32G474xx -c -I../Core/Inc -I../Drivers/STM32G4xx_HAL_Driver/Inc -I../Drivers/STM32G4xx_HAL_Driver/Inc/Legacy -I../Drivers/CMSIS/Device/ST/STM32G4xx/Include -I../Drivers/CMSIS/Include -O0 -ffunction-sections -fdata-sections -Wall -fstack-usage -fcyclomatic-complexity -MMD -MP -MF"Drivers/STM32G4xx_HAL_Driver/Src/stm32g4xx_hal_flash_ex.d" -MT"Drivers/STM32G4xx_HAL_Driver/Src/stm32g4xx_hal_flash_ex.o" --specs=nano.specs -mfpu=fpv4-sp-d16 -mfloat-abi=hard -mthumb -o "Drivers/STM32G4xx_HAL_Driver/Src/stm32g4xx_hal_flash_ex.o"
arm-none-eabi-gcc "../Drivers/STM32G4xx_HAL_Driver/Src/stm32g4xx_hal_flash_ramfunc.c" -mcpu=cortex-m4 -std=gnu11 -g3 -DDEBUG -DUSE_HAL_DRIVER -DSTM32G474xx -c -I../Core/Inc -I../Drivers/STM32G4xx_HAL_Driver/Inc -I../Drivers/STM32G4xx_HAL_Driver/Inc/Legacy -I../Drivers/CMSIS/Device/ST/STM32G4xx/Include -I../Drivers/CMSIS/Include -O0 -ffunction-sections -fdata-sections -Wall -fstack-usage -fcyclomatic-complexity -MMD -MP -MF"Drivers/STM32G4xx_HAL_Driver/Src/stm32g4xx_hal_flash_ramfunc.d" -MT"Drivers/STM32G4xx_HAL_Driver/Src/stm32g4xx_hal_flash_ramfunc.o" --specs=nano.specs -mfpu=fpv4-sp-d16 -mfloat-abi=hard -mthumb -o "Drivers/STM32G4xx_HAL_Driver/Src/stm32g4xx_hal_flash_ramfunc.o"
arm-none-eabi-gcc "../Drivers/STM32G4xx_HAL_Driver/Src/stm32g4xx_hal_gpio.c" -mcpu=cortex-m4 -std=gnu11 -g3 -DDEBUG -DUSE_HAL_DRIVER -DSTM32G474xx -c -I../Core/Inc -I../Drivers/STM32G4xx_HAL_Driver/Inc -I../Drivers/STM32G4xx_HAL_Driver/Inc/Legacy -I../Drivers/CMSIS/Device/ST/STM32G4xx/Include -I../Drivers/CMSIS/Include -O0 -ffunction-sections -fdata-sections -Wall -fstack-usage -fcyclomatic-complexity -MMD -MP -MF"Drivers/STM32G4xx_HAL_Driver/Src/stm32g4xx_hal_gpio.d" -MT"Drivers/STM32G4xx_HAL_Driver/Src/stm32g4xx_hal_gpio.o" --specs=nano.specs -mfpu=fpv4-sp-d16 -mfloat-abi=hard -mthumb -o "Drivers/STM32G4xx_HAL_Driver/Src/stm32g4xx_hal_gpio.o"
arm-none-eabi-gcc "../Drivers/STM32G4xx_HAL_Driver/Src/stm32g4xx_hal_pwr.c" -mcpu=cortex-m4 -std=gnu11 -g3 -DDEBUG -DUSE_HAL_DRIVER -DSTM32G474xx -c -I../Core/Inc -I../Drivers/STM32G4xx_HAL_Driver/Inc -I../Drivers/STM32G4xx_HAL_Driver/Inc/Legacy -I../Drivers/CMSIS/Device/ST/STM32G4xx/Include -I../Drivers/CMSIS/Include -O0 -ffunction-sections -fdata-sections -Wall -fstack-usage -fcyclomatic-complexity -MMD -MP -MF"Drivers/STM32G4xx_HAL_Driver/Src/stm32g4xx_hal_pwr.d" -MT"Drivers/STM32G4xx_HAL_Driver/Src/stm32g4xx_hal_pwr.o" --specs=nano.specs -mfpu=fpv4-sp-d16 -mfloat-abi=hard -mthumb -o "Drivers/STM32G4xx_HAL_Driver/Src/stm32g4xx_hal_pwr.o"
arm-none-eabi-gcc "../Drivers/STM32G4xx_HAL_Driver/Src/stm32g4xx_hal_pwr_ex.c" -mcpu=cortex-m4 -std=gnu11 -g3 -DDEBUG -DUSE_HAL_DRIVER -DSTM32G474xx -c -I../Core/Inc -I../Drivers/STM32G4xx_HAL_Driver/Inc -I../Drivers/STM32G4xx_HAL_Driver/Inc/Legacy -I../Drivers/CMSIS/Device/ST/STM32G4xx/Include -I../Drivers/CMSIS/Include -O0 -ffunction-sections -fdata-sections -Wall -fstack-usage -fcyclomatic-complexity -MMD -MP -MF"Drivers/STM32G4xx_HAL_Driver/Src/stm32g4xx_hal_pwr_ex.d" -MT"Drivers/STM32G4xx_HAL_Driver/Src/stm32g4xx_hal_pwr_ex.o" --specs=nano.specs -mfpu=fpv4-sp-d16 -mfloat-abi=hard -mthumb -o "Drivers/STM32G4xx_HAL_Driver/Src/stm32g4xx_hal_pwr_ex.o"
arm-none-eabi-gcc "../Drivers/STM32G4xx_HAL_Driver/Src/stm32g4xx_hal_rcc.c" -mcpu=cortex-m4 -std=gnu11 -g3 -DDEBUG -DUSE_HAL_DRIVER -DSTM32G474xx -c -I../Core/Inc -I../Drivers/STM32G4xx_HAL_Driver/Inc -I../Drivers/STM32G4xx_HAL_Driver/Inc/Legacy -I../Drivers/CMSIS/Device/ST/STM32G4xx/Include -I../Drivers/CMSIS/Include -O0 -ffunction-sections -fdata-sections -Wall -fstack-usage -fcyclomatic-complexity -MMD -MP -MF"Drivers/STM32G4xx_HAL_Driver/Src/stm32g4xx_hal_rcc.d" -MT"Drivers/STM32G4xx_HAL_Driver/Src/stm32g4xx_hal_rcc.o" --specs=nano.specs -mfpu=fpv4-sp-d16 -mfloat-abi=hard -mthumb -o "Drivers/STM32G4xx_HAL_Driver/Src/stm32g4xx_hal_rcc.o"
arm-none-eabi-gcc "../Drivers/STM32G4xx_HAL_Driver/Src/stm32g4xx_hal_rcc_ex.c" -mcpu=cortex-m4 -std=gnu11 -g3 -DDEBUG -DUSE_HAL_DRIVER -DSTM32G474xx -c -I../Core/Inc -I../Drivers/STM32G4xx_HAL_Driver/Inc -I../Drivers/STM32G4xx_HAL_Driver/Inc/Legacy -I../Drivers/CMSIS/Device/ST/STM32G4xx/Include -I../Drivers/CMSIS/Include -O0 -ffunction-sections -fdata-sections -Wall -fstack-usage -fcyclomatic-complexity -MMD -MP -MF"Drivers/STM32G4xx_HAL_Driver/Src/stm32g4xx_hal_rcc_ex.d" -MT"Drivers/STM32G4xx_HAL_Driver/Src/stm32g4xx_hal_rcc_ex.o" --specs=nano.specs -mfpu=fpv4-sp-d16 -mfloat-abi=hard -mthumb -o "Drivers/STM32G4xx_HAL_Driver/Src/stm32g4xx_hal_rcc_ex.o"
arm-none-eabi-gcc "../Drivers/STM32G4xx_HAL_Driver/Src/stm32g4xx_hal_spi.c" -mcpu=cortex-m4 -std=gnu11 -g3 -DDEBUG -DUSE_HAL_DRIVER -DSTM32G474xx -c -I../Core/Inc -I../Drivers/STM32G4xx_HAL_Driver/Inc -I../Drivers/STM32G4xx_HAL_Driver/Inc/Legacy -I../Drivers/CMSIS/Device/ST/STM32G4xx/Include -I../Drivers/CMSIS/Include -O0 -ffunction-sections -fdata-sections -Wall -fstack-usage -fcyclomatic-complexity -MMD -MP -MF"Drivers/STM32G4xx_HAL_Driver/Src/stm32g4xx_hal_spi.d" -MT"Drivers/STM32G4xx_HAL_Driver/Src/stm32g4xx_hal_spi.o" --specs=nano.specs -mfpu=fpv4-sp-d16 -mfloat-abi=hard -mthumb -o "Drivers/STM32G4xx_HAL_Driver/Src/stm32g4xx_hal_spi.o"
arm-none-eabi-gcc "../Drivers/STM32G4xx_HAL_Driver/Src/stm32g4xx_hal_spi_ex.c" -mcpu=cortex-m4 -std=gnu11 -g3 -DDEBUG -DUSE_HAL_DRIVER -DSTM32G474xx -c -I../Core/Inc -I../Drivers/STM32G4xx_HAL_Driver/Inc -I../Drivers/STM32G4xx_HAL_Driver/Inc/Legacy -I../Drivers/CMSIS/Device/ST/STM32G4xx/Include -I../Drivers/CMSIS/Include -O0 -ffunction-sections -fdata-sections -Wall -fstack-usage -fcyclomatic-complexity -MMD -MP -MF"Drivers/STM32G4xx_HAL_Driver/Src/stm32g4xx_hal_spi_ex.d" -MT"Drivers/STM32G4xx_HAL_Driver/Src/stm32g4xx_hal_spi_ex.o" --specs=nano.specs -mfpu=fpv4-sp-d16 -mfloat-abi=hard -mthumb -o "Drivers/STM32G4xx_HAL_Driver/Src/stm32g4xx_hal_spi_ex.o"
arm-none-eabi-gcc "../Drivers/STM32G4xx_HAL_Driver/Src/stm32g4xx_hal_tim.c" -mcpu=cortex-m4 -std=gnu11 -g3 -DDEBUG -DUSE_HAL_DRIVER -DSTM32G474xx -c -I../Core/Inc -I../Drivers/STM32G4xx_HAL_Driver/Inc -I../Drivers/STM32G4xx_HAL_Driver/Inc/Legacy -I../Drivers/CMSIS/Device/ST/STM32G4xx/Include -I../Drivers/CMSIS/Include -O0 -ffunction-sections -fdata-sections -Wall -fstack-usage -fcyclomatic-complexity -MMD -MP -MF"Drivers/STM32G4xx_HAL_Driver/Src/stm32g4xx_hal_tim.d" -MT"Drivers/STM32G4xx_HAL_Driver/Src/stm32g4xx_hal_tim.o" --specs=nano.specs -mfpu=fpv4-sp-d16 -mfloat-abi=hard -mthumb -o "Drivers/STM32G4xx_HAL_Driver/Src/stm32g4xx_hal_tim.o"
arm-none-eabi-gcc "../Drivers/STM32G4xx_HAL_Driver/Src/stm32g4xx_hal_tim_ex.c" -mcpu=cortex-m4 -std=gnu11 -g3 -DDEBUG -DUSE_HAL_DRIVER -DSTM32G474xx -c -I../Core/Inc -I../Drivers/STM32G4xx_HAL_Driver/Inc -I../Drivers/STM32G4xx_HAL_Driver/Inc/Legacy -I../Drivers/CMSIS/Device/ST/STM32G4xx/Include -I../Drivers/CMSIS/Include -O0 -ffunction-sections -fdata-sections -Wall -fstack-usage -fcyclomatic-complexity -MMD -MP -MF"Drivers/STM32G4xx_HAL_Driver/Src/stm32g4xx_hal_tim_ex.d" -MT"Drivers/STM32G4xx_HAL_Driver/Src/stm32g4xx_hal_tim_ex.o" --specs=nano.specs -mfpu=fpv4-sp-d16 -mfloat-abi=hard -mthumb -o "Drivers/STM32G4xx_HAL_Driver/Src/stm32g4xx_hal_tim_ex.o"
arm-none-eabi-gcc "../Drivers/STM32G4xx_HAL_Driver/Src/stm32g4xx_hal_uart.c" -mcpu=cortex-m4 -std=gnu11 -g3 -DDEBUG -DUSE_HAL_DRIVER -DSTM32G474xx -c -I../Core/Inc -I../Drivers/STM32G4xx_HAL_Driver/Inc -I../Drivers/STM32G4xx_HAL_Driver/Inc/Legacy -I../Drivers/CMSIS/Device/ST/STM32G4xx/Include -I../Drivers/CMSIS/Include -O0 -ffunction-sections -fdata-sections -Wall -fstack-usage -fcyclomatic-complexity -MMD -MP -MF"Drivers/STM32G4xx_HAL_Driver/Src/stm32g4xx_hal_uart.d" -MT"Drivers/STM32G4xx_HAL_Driver/Src/stm32g4xx_hal_uart.o" --specs=nano.specs -mfpu=fpv4-sp-d16 -mfloat-abi=hard -mthumb -o "Drivers/STM32G4xx_HAL_Driver/Src/stm32g4xx_hal_uart.o"
arm-none-eabi-gcc "../Drivers/STM32G4xx_HAL_Driver/Src/stm32g4xx_hal_uart_ex.c" -mcpu=cortex-m4 -std=gnu11 -g3 -DDEBUG -DUSE_HAL_DRIVER -DSTM32G474xx -c -I../Core/Inc -I../Drivers/STM32G4xx_HAL_Driver/Inc -I../Drivers/STM32G4xx_HAL_Driver/Inc/Legacy -I../Drivers/CMSIS/Device/ST/STM32G4xx/Include -I../Drivers/CMSIS/Include -O0 -ffunction-sections -fdata-sections -Wall -fstack-usage -fcyclomatic-complexity -MMD -MP -MF"Drivers/STM32G4xx_HAL_Driver/Src/stm32g4xx_hal_uart_ex.d" -MT"Drivers/STM32G4xx_HAL_Driver/Src/stm32g4xx_hal_uart_ex.o" --specs=nano.specs -mfpu=fpv4-sp-d16 -mfloat-abi=hard -mthumb -o "Drivers/STM32G4xx_HAL_Driver/Src/stm32g4xx_hal_uart_ex.o"
arm-none-eabi-gcc "../Core/Src/main.c" -mcpu=cortex-m4 -std=gnu11 -g3 -DDEBUG -DUSE_HAL_DRIVER -DSTM32G474xx -c -I../Core/Inc -I../Drivers/STM32G4xx_HAL_Driver/Inc -I../Drivers/STM32G4xx_HAL_Driver/Inc/Legacy -I../Drivers/CMSIS/Device/ST/STM32G4xx/Include -I../Drivers/CMSIS/Include -O0 -ffunction-sections -fdata-sections -Wall -fstack-usage -fcyclomatic-complexity -MMD -MP -MF"Core/Src/main.d" -MT"Core/Src/main.o" --specs=nano.specs -mfpu=fpv4-sp-d16 -mfloat-abi=hard -mthumb -o "Core/Src/main.o"
arm-none-eabi-gcc "../Core/Src/stm32g4xx_hal_msp.c" -mcpu=cortex-m4 -std=gnu11 -g3 -DDEBUG -DUSE_HAL_DRIVER -DSTM32G474xx -c -I../Core/Inc -I../Drivers/STM32G4xx_HAL_Driver/Inc -I../Drivers/STM32G4xx_HAL_Driver/Inc/Legacy -I../Drivers/CMSIS/Device/ST/STM32G4xx/Include -I../Drivers/CMSIS/Include -O0 -ffunction-sections -fdata-sections -Wall -fstack-usage -fcyclomatic-complexity -MMD -MP -MF"Core/Src/stm32g4xx_hal_msp.d" -MT"Core/Src/stm32g4xx_hal_msp.o" --specs=nano.specs -mfpu=fpv4-sp-d16 -mfloat-abi=hard -mthumb -o "Core/Src/stm32g4xx_hal_msp.o"
arm-none-eabi-gcc "../Core/Src/stm32g4xx_it.c" -mcpu=cortex-m4 -std=gnu11 -g3 -DDEBUG -DUSE_HAL_DRIVER -DSTM32G474xx -c -I../Core/Inc -I../Drivers/STM32G4xx_HAL_Driver/Inc -I../Drivers/STM32G4xx_HAL_Driver/Inc/Legacy -I../Drivers/CMSIS/Device/ST/STM32G4xx/Include -I../Drivers/CMSIS/Include -O0 -ffunction-sections -fdata-sections -Wall -fstack-usage -fcyclomatic-complexity -MMD -MP -MF"Core/Src/stm32g4xx_it.d" -MT"Core/Src/stm32g4xx_it.o" --specs=nano.specs -mfpu=fpv4-sp-d16 -mfloat-abi=hard -mthumb -o "Core/Src/stm32g4xx_it.o"
arm-none-eabi-gcc "../Core/Src/system_stm32g4xx.c" -mcpu=cortex-m4 -std=gnu11 -g3 -DDEBUG -DUSE_HAL_DRIVER -DSTM32G474xx -c -I../Core/Inc -I../Drivers/STM32G4xx_HAL_Driver/Inc -I../Drivers/STM32G4xx_HAL_Driver/Inc/Legacy -I../Drivers/CMSIS/Device/ST/STM32G4xx/Include -I../Drivers/CMSIS/Include -O0 -ffunction-sections -fdata-sections -Wall -fstack-usage -fcyclomatic-complexity -MMD -MP -MF"Core/Src/system_stm32g4xx.d" -MT"Core/Src/system_stm32g4xx.o" --specs=nano.specs -mfpu=fpv4-sp-d16 -mfloat-abi=hard -mthumb -o "Core/Src/system_stm32g4xx.o"
../Core/Src/main.c: In function 'main':
../Core/Src/main.c:109:3: warning: implicit declaration of function 'SPITxRx_Setup' [-Wimplicit-function-declaration]
  109 |   SPITxRx_Setup();
      |   ^~~~~~~~~~~~~
../Core/Src/main.c:110:3: warning: implicit declaration of function 'TikTokGame' [-Wimplicit-function-declaration]
  110 |   TikTokGame();
      |   ^~~~~~~~~~
../Core/Src/main.c:120:11: warning: implicit declaration of function 'SPITxRx_readIO' [-Wimplicit-function-declaration]
  120 |           SPITxRx_readIO();
      |           ^~~~~~~~~~~~~~
../Core/Src/main.c: At top level:
../Core/Src/main.c:365:6: warning: conflicting types for 'SPITxRx_Setup'; have 'void()'
  365 | void SPITxRx_Setup()
      |      ^~~~~~~~~~~~~
../Core/Src/main.c:109:3: note: previous implicit declaration of 'SPITxRx_Setup' with type 'void()'
  109 |   SPITxRx_Setup();
      |   ^~~~~~~~~~~~~
../Core/Src/main.c:374:6: warning: conflicting types for 'SPITxRx_readIO'; have 'void()'
  374 | void SPITxRx_readIO()
      |      ^~~~~~~~~~~~~~
../Core/Src/main.c:120:11: note: previous implicit declaration of 'SPITxRx_readIO' with type 'void()'
  120 |           SPITxRx_readIO();
      |           ^~~~~~~~~~~~~~
../Core/Src/main.c:387:6: warning: conflicting types for 'TikTokGame'; have 'void()'
  387 | void TikTokGame()
      |      ^~~~~~~~~~
../Core/Src/main.c:110:3: note: previous implicit declaration of 'TikTokGame' with type 'void()'
  110 |   TikTokGame();
      |   ^~~~~~~~~~
arm-none-eabi-gcc -o "LAB3_Game.elf" @"objects.list"   -mcpu=cortex-m4 -T"D:\UNIVERSITY\YR2\FRA222_MicroCon\FRA222_LAB3_SPIGAME\LAB2_Game\LAB3_Game\STM32G474RETX_FLASH.ld" --specs=nosys.specs -Wl,-Map="LAB3_Game.map" -Wl,--gc-sections -static --specs=nano.specs -mfpu=fpv4-sp-d16 -mfloat-abi=hard -mthumb -Wl,--start-group -lc -lm -Wl,--end-group
Finished building target: LAB3_Game.elf
 
arm-none-eabi-size   LAB3_Game.elf 
arm-none-eabi-objdump -h -S  LAB3_Game.elf  > "LAB3_Game.list"
   text	   data	    bss	    dec	    hex	filename
  17996	     24	   1928	  19948	   4dec	LAB3_Game.elf
Finished building: default.size.stdout
 
Finished building: LAB3_Game.list
 
02:27:15 **** Incremental Build of configuration Debug for project LAB3_Game ****
make -j16 all 
arm-none-eabi-gcc "../Core/Src/main.c" -mcpu=cortex-m4 -std=gnu11 -g3 -DDEBUG -DUSE_HAL_DRIVER -DSTM32G474xx -c -I../Core/Inc -I../Drivers/STM32G4xx_HAL_Driver/Inc -I../Drivers/STM32G4xx_HAL_Driver/Inc/Legacy -I../Drivers/CMSIS/Device/ST/STM32G4xx/Include -I../Drivers/CMSIS/Include -O0 -ffunction-sections -fdata-sections -Wall -fstack-usage -fcyclomatic-complexity -MMD -MP -MF"Core/Src/main.d" -MT"Core/Src/main.o" --specs=nano.specs -mfpu=fpv4-sp-d16 -mfloat-abi=hard -mthumb -o "Core/Src/main.o"
../Core/Src/main.c: In function 'main':
../Core/Src/main.c:109:3: warning: implicit declaration of function 'SPITxRx_Setup' [-Wimplicit-function-declaration]
  109 |   SPITxRx_Setup();
      |   ^~~~~~~~~~~~~
../Core/Src/main.c:110:3: warning: implicit declaration of function 'TikTokGame' [-Wimplicit-function-declaration]
  110 |   TikTokGame();
      |   ^~~~~~~~~~
../Core/Src/main.c:120:11: warning: implicit declaration of function 'SPITxRx_readIO' [-Wimplicit-function-declaration]
  120 |           SPITxRx_readIO();
      |           ^~~~~~~~~~~~~~
../Core/Src/main.c: At top level:
../Core/Src/main.c:365:6: warning: conflicting types for 'SPITxRx_Setup'; have 'void()'
  365 | void SPITxRx_Setup()
      |      ^~~~~~~~~~~~~
../Core/Src/main.c:109:3: note: previous implicit declaration of 'SPITxRx_Setup' with type 'void()'
  109 |   SPITxRx_Setup();
      |   ^~~~~~~~~~~~~
../Core/Src/main.c:374:6: warning: conflicting types for 'SPITxRx_readIO'; have 'void()'
  374 | void SPITxRx_readIO()
      |      ^~~~~~~~~~~~~~
../Core/Src/main.c:120:11: note: previous implicit declaration of 'SPITxRx_readIO' with type 'void()'
  120 |           SPITxRx_readIO();
      |           ^~~~~~~~~~~~~~
../Core/Src/main.c:387:6: warning: conflicting types for 'TikTokGame'; have 'void()'
  387 | void TikTokGame()
      |      ^~~~~~~~~~
../Core/Src/main.c:110:3: note: previous implicit declaration of 'TikTokGame' with type 'void()'
  110 |   TikTokGame();
      |   ^~~~~~~~~~
arm-none-eabi-gcc -o "LAB3_Game.elf" @"objects.list"   -mcpu=cortex-m4 -T"D:\UNIVERSITY\YR2\FRA222_MicroCon\FRA222_LAB3_SPIGAME\LAB2_Game\LAB3_Game\STM32G474RETX_FLASH.ld" --specs=nosys.specs -Wl,-Map="LAB3_Game.map" -Wl,--gc-sections -static --specs=nano.specs -mfpu=fpv4-sp-d16 -mfloat-abi=hard -mthumb -Wl,--start-group -lc -lm -Wl,--end-group
Finished building target: LAB3_Game.elf
 
arm-none-eabi-size   LAB3_Game.elf 
arm-none-eabi-objdump -h -S  LAB3_Game.elf  > "LAB3_Game.list"
   text	   data	    bss	    dec	    hex	filename
  17996	     24	   1928	  19948	   4dec	LAB3_Game.elf
Finished building: default.size.stdout
 
Finished building: LAB3_Game.list
 
02:42:47 **** Incremental Build of configuration Debug for project LAB3_Game ****
make -j16 all 
arm-none-eabi-gcc "../Core/Src/main.c" -mcpu=cortex-m4 -std=gnu11 -g3 -DDEBUG -DUSE_HAL_DRIVER -DSTM32G474xx -c -I../Core/Inc -I../Drivers/STM32G4xx_HAL_Driver/Inc -I../Drivers/STM32G4xx_HAL_Driver/Inc/Legacy -I../Drivers/CMSIS/Device/ST/STM32G4xx/Include -I../Drivers/CMSIS/Include -O0 -ffunction-sections -fdata-sections -Wall -fstack-usage -fcyclomatic-complexity -MMD -MP -MF"Core/Src/main.d" -MT"Core/Src/main.o" --specs=nano.specs -mfpu=fpv4-sp-d16 -mfloat-abi=hard -mthumb -o "Core/Src/main.o"
../Core/Src/main.c: In function 'main':
../Core/Src/main.c:109:3: warning: implicit declaration of function 'SPITxRx_Setup' [-Wimplicit-function-declaration]
  109 |   SPITxRx_Setup();
      |   ^~~~~~~~~~~~~
../Core/Src/main.c:110:3: warning: implicit declaration of function 'TikTokGame' [-Wimplicit-function-declaration]
  110 |   TikTokGame();
      |   ^~~~~~~~~~
../Core/Src/main.c:120:11: warning: implicit declaration of function 'SPITxRx_readIO' [-Wimplicit-function-declaration]
  120 |           SPITxRx_readIO();
      |           ^~~~~~~~~~~~~~
../Core/Src/main.c: At top level:
../Core/Src/main.c:358:6: warning: conflicting types for 'SPITxRx_Setup'; have 'void()'
  358 | void SPITxRx_Setup()
      |      ^~~~~~~~~~~~~
../Core/Src/main.c:109:3: note: previous implicit declaration of 'SPITxRx_Setup' with type 'void()'
  109 |   SPITxRx_Setup();
      |   ^~~~~~~~~~~~~
../Core/Src/main.c:367:6: warning: conflicting types for 'SPITxRx_readIO'; have 'void()'
  367 | void SPITxRx_readIO()
      |      ^~~~~~~~~~~~~~
../Core/Src/main.c:120:11: note: previous implicit declaration of 'SPITxRx_readIO' with type 'void()'
  120 |           SPITxRx_readIO();
      |           ^~~~~~~~~~~~~~
../Core/Src/main.c:380:6: warning: conflicting types for 'TikTokGame'; have 'void()'
  380 | void TikTokGame()
      |      ^~~~~~~~~~
../Core/Src/main.c:110:3: note: previous implicit declaration of 'TikTokGame' with type 'void()'
  110 |   TikTokGame();
      |   ^~~~~~~~~~
arm-none-eabi-gcc -o "LAB3_Game.elf" @"objects.list"   -mcpu=cortex-m4 -T"D:\UNIVERSITY\YR2\FRA222_MicroCon\FRA222_LAB3_SPIGAME\LAB2_Game\LAB3_Game\STM32G474RETX_FLASH.ld" --specs=nosys.specs -Wl,-Map="LAB3_Game.map" -Wl,--gc-sections -static --specs=nano.specs -mfpu=fpv4-sp-d16 -mfloat-abi=hard -mthumb -Wl,--start-group -lc -lm -Wl,--end-group
Finished building target: LAB3_Game.elf
 
arm-none-eabi-size   LAB3_Game.elf 
arm-none-eabi-objdump -h -S  LAB3_Game.elf  > "LAB3_Game.list"
   text	   data	    bss	    dec	    hex	filename
  17996	     24	   1928	  19948	   4dec	LAB3_Game.elf
Finished building: default.size.stdout
 
Finished building: LAB3_Game.list
 
02:43:56 **** Incremental Build of configuration Debug for project LAB3_Game ****
make -j16 all 
arm-none-eabi-gcc "../Core/Src/main.c" -mcpu=cortex-m4 -std=gnu11 -g3 -DDEBUG -DUSE_HAL_DRIVER -DSTM32G474xx -c -I../Core/Inc -I../Drivers/STM32G4xx_HAL_Driver/Inc -I../Drivers/STM32G4xx_HAL_Driver/Inc/Legacy -I../Drivers/CMSIS/Device/ST/STM32G4xx/Include -I../Drivers/CMSIS/Include -O0 -ffunction-sections -fdata-sections -Wall -fstack-usage -fcyclomatic-complexity -MMD -MP -MF"Core/Src/main.d" -MT"Core/Src/main.o" --specs=nano.specs -mfpu=fpv4-sp-d16 -mfloat-abi=hard -mthumb -o "Core/Src/main.o"
../Core/Src/main.c: In function 'main':
../Core/Src/main.c:109:3: warning: implicit declaration of function 'SPITxRx_Setup' [-Wimplicit-function-declaration]
  109 |   SPITxRx_Setup();
      |   ^~~~~~~~~~~~~
../Core/Src/main.c:110:3: warning: implicit declaration of function 'TikTokGame' [-Wimplicit-function-declaration]
  110 |   TikTokGame();
      |   ^~~~~~~~~~
../Core/Src/main.c:120:11: warning: implicit declaration of function 'SPITxRx_readIO' [-Wimplicit-function-declaration]
  120 |           SPITxRx_readIO();
      |           ^~~~~~~~~~~~~~
../Core/Src/main.c:122:11: warning: implicit declaration of function 'LEDdisplay' [-Wimplicit-function-declaration]
  122 |           LEDdisplay();
      |           ^~~~~~~~~~
../Core/Src/main.c: At top level:
../Core/Src/main.c:359:6: warning: conflicting types for 'SPITxRx_Setup'; have 'void()'
  359 | void SPITxRx_Setup()
      |      ^~~~~~~~~~~~~
../Core/Src/main.c:109:3: note: previous implicit declaration of 'SPITxRx_Setup' with type 'void()'
  109 |   SPITxRx_Setup();
      |   ^~~~~~~~~~~~~
../Core/Src/main.c:368:6: warning: conflicting types for 'SPITxRx_readIO'; have 'void()'
  368 | void SPITxRx_readIO()
      |      ^~~~~~~~~~~~~~
../Core/Src/main.c:120:11: note: previous implicit declaration of 'SPITxRx_readIO' with type 'void()'
  120 |           SPITxRx_readIO();
      |           ^~~~~~~~~~~~~~
../Core/Src/main.c:381:6: warning: conflicting types for 'TikTokGame'; have 'void()'
  381 | void TikTokGame()
      |      ^~~~~~~~~~
../Core/Src/main.c:110:3: note: previous implicit declaration of 'TikTokGame' with type 'void()'
  110 |   TikTokGame();
      |   ^~~~~~~~~~
../Core/Src/main.c:536:6: warning: conflicting types for 'LEDdisplay'; have 'void(void)'
  536 | void LEDdisplay(void) {
      |      ^~~~~~~~~~
../Core/Src/main.c:122:11: note: previous implicit declaration of 'LEDdisplay' with type 'void(void)'
  122 |           LEDdisplay();
      |           ^~~~~~~~~~
arm-none-eabi-gcc -o "LAB3_Game.elf" @"objects.list"   -mcpu=cortex-m4 -T"D:\UNIVERSITY\YR2\FRA222_MicroCon\FRA222_LAB3_SPIGAME\LAB2_Game\LAB3_Game\STM32G474RETX_FLASH.ld" --specs=nosys.specs -Wl,-Map="LAB3_Game.map" -Wl,--gc-sections -static --specs=nano.specs -mfpu=fpv4-sp-d16 -mfloat-abi=hard -mthumb -Wl,--start-group -lc -lm -Wl,--end-group
Finished building target: LAB3_Game.elf
 
arm-none-eabi-size   LAB3_Game.elf 
arm-none-eabi-objdump -h -S  LAB3_Game.elf  > "LAB3_Game.list"
   text	   data	    bss	    dec	    hex	filename
  18168	     24	   1928	  20120	   4e98	LAB3_Game.elf
Finished building: default.size.stdout
 
Finished building: LAB3_Game.list
 
02:46:57 **** Incremental Build of configuration Debug for project LAB3_Game ****
make -j16 all 
arm-none-eabi-gcc "../Core/Src/main.c" -mcpu=cortex-m4 -std=gnu11 -g3 -DDEBUG -DUSE_HAL_DRIVER -DSTM32G474xx -c -I../Core/Inc -I../Drivers/STM32G4xx_HAL_Driver/Inc -I../Drivers/STM32G4xx_HAL_Driver/Inc/Legacy -I../Drivers/CMSIS/Device/ST/STM32G4xx/Include -I../Drivers/CMSIS/Include -O0 -ffunction-sections -fdata-sections -Wall -fstack-usage -fcyclomatic-complexity -MMD -MP -MF"Core/Src/main.d" -MT"Core/Src/main.o" --specs=nano.specs -mfpu=fpv4-sp-d16 -mfloat-abi=hard -mthumb -o "Core/Src/main.o"
../Core/Src/main.c: In function 'main':
../Core/Src/main.c:109:3: warning: implicit declaration of function 'SPITxRx_Setup' [-Wimplicit-function-declaration]
  109 |   SPITxRx_Setup();
      |   ^~~~~~~~~~~~~
../Core/Src/main.c:110:3: warning: implicit declaration of function 'TikTokGame' [-Wimplicit-function-declaration]
  110 |   TikTokGame();
      |   ^~~~~~~~~~
../Core/Src/main.c:120:11: warning: implicit declaration of function 'SPITxRx_readIO' [-Wimplicit-function-declaration]
  120 |           SPITxRx_readIO();
      |           ^~~~~~~~~~~~~~
../Core/Src/main.c:122:11: warning: implicit declaration of function 'LEDdisplay' [-Wimplicit-function-declaration]
  122 |           LEDdisplay();
      |           ^~~~~~~~~~
../Core/Src/main.c: At top level:
../Core/Src/main.c:359:6: warning: conflicting types for 'SPITxRx_Setup'; have 'void()'
  359 | void SPITxRx_Setup()
      |      ^~~~~~~~~~~~~
../Core/Src/main.c:109:3: note: previous implicit declaration of 'SPITxRx_Setup' with type 'void()'
  109 |   SPITxRx_Setup();
      |   ^~~~~~~~~~~~~
../Core/Src/main.c:368:6: warning: conflicting types for 'SPITxRx_readIO'; have 'void()'
  368 | void SPITxRx_readIO()
      |      ^~~~~~~~~~~~~~
../Core/Src/main.c:120:11: note: previous implicit declaration of 'SPITxRx_readIO' with type 'void()'
  120 |           SPITxRx_readIO();
      |           ^~~~~~~~~~~~~~
../Core/Src/main.c:381:6: warning: conflicting types for 'TikTokGame'; have 'void()'
  381 | void TikTokGame()
      |      ^~~~~~~~~~
../Core/Src/main.c:110:3: note: previous implicit declaration of 'TikTokGame' with type 'void()'
  110 |   TikTokGame();
      |   ^~~~~~~~~~
../Core/Src/main.c:536:6: warning: conflicting types for 'LEDdisplay'; have 'void(void)'
  536 | void LEDdisplay(void) {
      |      ^~~~~~~~~~
../Core/Src/main.c:122:11: note: previous implicit declaration of 'LEDdisplay' with type 'void(void)'
  122 |           LEDdisplay();
      |           ^~~~~~~~~~
arm-none-eabi-gcc -o "LAB3_Game.elf" @"objects.list"   -mcpu=cortex-m4 -T"D:\UNIVERSITY\YR2\FRA222_MicroCon\FRA222_LAB3_SPIGAME\LAB2_Game\LAB3_Game\STM32G474RETX_FLASH.ld" --specs=nosys.specs -Wl,-Map="LAB3_Game.map" -Wl,--gc-sections -static --specs=nano.specs -mfpu=fpv4-sp-d16 -mfloat-abi=hard -mthumb -Wl,--start-group -lc -lm -Wl,--end-group
Finished building target: LAB3_Game.elf
 
arm-none-eabi-size   LAB3_Game.elf 
arm-none-eabi-objdump -h -S  LAB3_Game.elf  > "LAB3_Game.list"
   text	   data	    bss	    dec	    hex	filename
  18192	     24	   1928	  20144	   4eb0	LAB3_Game.elf
Finished building: default.size.stdout
 
Finished building: LAB3_Game.list
 
02:51:54 **** Incremental Build of configuration Debug for project LAB3_Game ****
make -j16 all 
arm-none-eabi-gcc "../Core/Src/main.c" -mcpu=cortex-m4 -std=gnu11 -g3 -DDEBUG -DUSE_HAL_DRIVER -DSTM32G474xx -c -I../Core/Inc -I../Drivers/STM32G4xx_HAL_Driver/Inc -I../Drivers/STM32G4xx_HAL_Driver/Inc/Legacy -I../Drivers/CMSIS/Device/ST/STM32G4xx/Include -I../Drivers/CMSIS/Include -O0 -ffunction-sections -fdata-sections -Wall -fstack-usage -fcyclomatic-complexity -MMD -MP -MF"Core/Src/main.d" -MT"Core/Src/main.o" --specs=nano.specs -mfpu=fpv4-sp-d16 -mfloat-abi=hard -mthumb -o "Core/Src/main.o"
../Core/Src/main.c: In function 'main':
../Core/Src/main.c:109:3: warning: implicit declaration of function 'SPITxRx_Setup' [-Wimplicit-function-declaration]
  109 |   SPITxRx_Setup();
      |   ^~~~~~~~~~~~~
../Core/Src/main.c:110:3: warning: implicit declaration of function 'TikTokGame' [-Wimplicit-function-declaration]
  110 |   TikTokGame();
      |   ^~~~~~~~~~
../Core/Src/main.c:111:3: warning: implicit declaration of function 'LEDdisplay' [-Wimplicit-function-declaration]
  111 |   LEDdisplay()
      |   ^~~~~~~~~~
../Core/Src/main.c:111:15: error: expected ';' before 'while'
  111 |   LEDdisplay()
      |               ^
      |               ;
......
  116 |   while (1)
      |   ~~~~~        
../Core/Src/main.c: At top level:
../Core/Src/main.c:360:6: warning: conflicting types for 'SPITxRx_Setup'; have 'void()'
  360 | void SPITxRx_Setup()
      |      ^~~~~~~~~~~~~
../Core/Src/main.c:109:3: note: previous implicit declaration of 'SPITxRx_Setup' with type 'void()'
  109 |   SPITxRx_Setup();
      |   ^~~~~~~~~~~~~
../Core/Src/main.c:382:6: warning: conflicting types for 'TikTokGame'; have 'void()'
  382 | void TikTokGame()
      |      ^~~~~~~~~~
../Core/Src/main.c:110:3: note: previous implicit declaration of 'TikTokGame' with type 'void()'
  110 |   TikTokGame();
      |   ^~~~~~~~~~
../Core/Src/main.c:537:6: warning: conflicting types for 'LEDdisplay'; have 'void()'
  537 | void LEDdisplay() {
      |      ^~~~~~~~~~
../Core/Src/main.c:111:3: note: previous implicit declaration of 'LEDdisplay' with type 'void()'
  111 |   LEDdisplay()
      |   ^~~~~~~~~~
make: *** [Core/Src/subdir.mk:34: Core/Src/main.o] Error 1
"make -j16 all" terminated with exit code 2. Build might be incomplete.
02:52:01 **** Incremental Build of configuration Debug for project LAB3_Game ****
make -j16 all 
arm-none-eabi-gcc "../Core/Src/main.c" -mcpu=cortex-m4 -std=gnu11 -g3 -DDEBUG -DUSE_HAL_DRIVER -DSTM32G474xx -c -I../Core/Inc -I../Drivers/STM32G4xx_HAL_Driver/Inc -I../Drivers/STM32G4xx_HAL_Driver/Inc/Legacy -I../Drivers/CMSIS/Device/ST/STM32G4xx/Include -I../Drivers/CMSIS/Include -O0 -ffunction-sections -fdata-sections -Wall -fstack-usage -fcyclomatic-complexity -MMD -MP -MF"Core/Src/main.d" -MT"Core/Src/main.o" --specs=nano.specs -mfpu=fpv4-sp-d16 -mfloat-abi=hard -mthumb -o "Core/Src/main.o"
../Core/Src/main.c: In function 'main':
../Core/Src/main.c:109:3: warning: implicit declaration of function 'SPITxRx_Setup' [-Wimplicit-function-declaration]
  109 |   SPITxRx_Setup();
      |   ^~~~~~~~~~~~~
../Core/Src/main.c:110:3: warning: implicit declaration of function 'TikTokGame' [-Wimplicit-function-declaration]
  110 |   TikTokGame();
      |   ^~~~~~~~~~
../Core/Src/main.c:111:3: warning: implicit declaration of function 'LEDdisplay' [-Wimplicit-function-declaration]
  111 |   LEDdisplay()
      |   ^~~~~~~~~~
../Core/Src/main.c:111:15: error: expected ';' before 'while'
  111 |   LEDdisplay()
      |               ^
      |               ;
......
  116 |   while (1)
      |   ~~~~~        
../Core/Src/main.c: At top level:
../Core/Src/main.c:360:6: warning: conflicting types for 'SPITxRx_Setup'; have 'void()'
  360 | void SPITxRx_Setup()
      |      ^~~~~~~~~~~~~
../Core/Src/main.c:109:3: note: previous implicit declaration of 'SPITxRx_Setup' with type 'void()'
  109 |   SPITxRx_Setup();
      |   ^~~~~~~~~~~~~
../Core/Src/main.c:382:6: warning: conflicting types for 'TikTokGame'; have 'void()'
  382 | void TikTokGame()
      |      ^~~~~~~~~~
../Core/Src/main.c:110:3: note: previous implicit declaration of 'TikTokGame' with type 'void()'
  110 |   TikTokGame();
      |   ^~~~~~~~~~
../Core/Src/main.c:537:6: warning: conflicting types for 'LEDdisplay'; have 'void()'
  537 | void LEDdisplay() {
      |      ^~~~~~~~~~
../Core/Src/main.c:111:3: note: previous implicit declaration of 'LEDdisplay' with type 'void()'
  111 |   LEDdisplay()
      |   ^~~~~~~~~~
make: *** [Core/Src/subdir.mk:34: Core/Src/main.o] Error 1
"make -j16 all" terminated with exit code 2. Build might be incomplete.
02:53:47 **** Incremental Build of configuration Debug for project LAB3_Game ****
make -j16 all 
arm-none-eabi-gcc "../Core/Src/main.c" -mcpu=cortex-m4 -std=gnu11 -g3 -DDEBUG -DUSE_HAL_DRIVER -DSTM32G474xx -c -I../Core/Inc -I../Drivers/STM32G4xx_HAL_Driver/Inc -I../Drivers/STM32G4xx_HAL_Driver/Inc/Legacy -I../Drivers/CMSIS/Device/ST/STM32G4xx/Include -I../Drivers/CMSIS/Include -O0 -ffunction-sections -fdata-sections -Wall -fstack-usage -fcyclomatic-complexity -MMD -MP -MF"Core/Src/main.d" -MT"Core/Src/main.o" --specs=nano.specs -mfpu=fpv4-sp-d16 -mfloat-abi=hard -mthumb -o "Core/Src/main.o"
../Core/Src/main.c: In function 'main':
../Core/Src/main.c:109:3: warning: implicit declaration of function 'SPITxRx_Setup' [-Wimplicit-function-declaration]
  109 |   SPITxRx_Setup();
      |   ^~~~~~~~~~~~~
../Core/Src/main.c:110:3: warning: implicit declaration of function 'TikTokGame' [-Wimplicit-function-declaration]
  110 |   TikTokGame();
      |   ^~~~~~~~~~
../Core/Src/main.c:111:3: warning: implicit declaration of function 'LEDdisplay' [-Wimplicit-function-declaration]
  111 |   LEDdisplay()
      |   ^~~~~~~~~~
../Core/Src/main.c:111:15: error: expected ';' before 'while'
  111 |   LEDdisplay()
      |               ^
      |               ;
......
  116 |   while (1)
      |   ~~~~~        
../Core/Src/main.c: At top level:
../Core/Src/main.c:360:6: warning: conflicting types for 'SPITxRx_Setup'; have 'void()'
  360 | void SPITxRx_Setup()
      |      ^~~~~~~~~~~~~
../Core/Src/main.c:109:3: note: previous implicit declaration of 'SPITxRx_Setup' with type 'void()'
  109 |   SPITxRx_Setup();
      |   ^~~~~~~~~~~~~
../Core/Src/main.c:382:6: warning: conflicting types for 'TikTokGame'; have 'void()'
  382 | void TikTokGame()
      |      ^~~~~~~~~~
../Core/Src/main.c:110:3: note: previous implicit declaration of 'TikTokGame' with type 'void()'
  110 |   TikTokGame();
      |   ^~~~~~~~~~
../Core/Src/main.c:537:6: warning: conflicting types for 'LEDdisplay'; have 'void()'
  537 | void LEDdisplay() {
      |      ^~~~~~~~~~
../Core/Src/main.c:111:3: note: previous implicit declaration of 'LEDdisplay' with type 'void()'
  111 |   LEDdisplay()
      |   ^~~~~~~~~~
make: *** [Core/Src/subdir.mk:34: Core/Src/main.o] Error 1
"make -j16 all" terminated with exit code 2. Build might be incomplete.
02:55:08 **** Incremental Build of configuration Debug for project LAB3_Game ****
make -j16 all 
arm-none-eabi-gcc "../Core/Src/main.c" -mcpu=cortex-m4 -std=gnu11 -g3 -DDEBUG -DUSE_HAL_DRIVER -DSTM32G474xx -c -I../Core/Inc -I../Drivers/STM32G4xx_HAL_Driver/Inc -I../Drivers/STM32G4xx_HAL_Driver/Inc/Legacy -I../Drivers/CMSIS/Device/ST/STM32G4xx/Include -I../Drivers/CMSIS/Include -O0 -ffunction-sections -fdata-sections -Wall -fstack-usage -fcyclomatic-complexity -MMD -MP -MF"Core/Src/main.d" -MT"Core/Src/main.o" --specs=nano.specs -mfpu=fpv4-sp-d16 -mfloat-abi=hard -mthumb -o "Core/Src/main.o"
../Core/Src/main.c: In function 'main':
../Core/Src/main.c:109:3: warning: implicit declaration of function 'SPITxRx_Setup' [-Wimplicit-function-declaration]
  109 |   SPITxRx_Setup();
      |   ^~~~~~~~~~~~~
../Core/Src/main.c:110:3: warning: implicit declaration of function 'TikTokGame' [-Wimplicit-function-declaration]
  110 |   TikTokGame();
      |   ^~~~~~~~~~
../Core/Src/main.c:111:3: warning: implicit declaration of function 'LEDdisplay' [-Wimplicit-function-declaration]
  111 |   LEDdisplay()
      |   ^~~~~~~~~~
../Core/Src/main.c:111:15: error: expected ';' before 'while'
  111 |   LEDdisplay()
      |               ^
      |               ;
......
  116 |   while (1)
      |   ~~~~~        
../Core/Src/main.c: At top level:
../Core/Src/main.c:360:6: warning: conflicting types for 'SPITxRx_Setup'; have 'void()'
  360 | void SPITxRx_Setup()
      |      ^~~~~~~~~~~~~
../Core/Src/main.c:109:3: note: previous implicit declaration of 'SPITxRx_Setup' with type 'void()'
  109 |   SPITxRx_Setup();
      |   ^~~~~~~~~~~~~
../Core/Src/main.c:382:6: warning: conflicting types for 'TikTokGame'; have 'void()'
  382 | void TikTokGame()
      |      ^~~~~~~~~~
../Core/Src/main.c:110:3: note: previous implicit declaration of 'TikTokGame' with type 'void()'
  110 |   TikTokGame();
      |   ^~~~~~~~~~
../Core/Src/main.c:537:6: warning: conflicting types for 'LEDdisplay'; have 'void()'
  537 | void LEDdisplay() {
      |      ^~~~~~~~~~
../Core/Src/main.c:111:3: note: previous implicit declaration of 'LEDdisplay' with type 'void()'
  111 |   LEDdisplay()
      |   ^~~~~~~~~~
make: *** [Core/Src/subdir.mk:34: Core/Src/main.o] Error 1
"make -j16 all" terminated with exit code 2. Build might be incomplete.
02:55:28 **** Incremental Build of configuration Debug for project LAB3_Game ****
make -j16 all 
arm-none-eabi-gcc "../Core/Src/main.c" -mcpu=cortex-m4 -std=gnu11 -g3 -DDEBUG -DUSE_HAL_DRIVER -DSTM32G474xx -c -I../Core/Inc -I../Drivers/STM32G4xx_HAL_Driver/Inc -I../Drivers/STM32G4xx_HAL_Driver/Inc/Legacy -I../Drivers/CMSIS/Device/ST/STM32G4xx/Include -I../Drivers/CMSIS/Include -O0 -ffunction-sections -fdata-sections -Wall -fstack-usage -fcyclomatic-complexity -MMD -MP -MF"Core/Src/main.d" -MT"Core/Src/main.o" --specs=nano.specs -mfpu=fpv4-sp-d16 -mfloat-abi=hard -mthumb -o "Core/Src/main.o"
../Core/Src/main.c: In function 'main':
../Core/Src/main.c:109:3: warning: implicit declaration of function 'SPITxRx_Setup' [-Wimplicit-function-declaration]
  109 |   SPITxRx_Setup();
      |   ^~~~~~~~~~~~~
../Core/Src/main.c:110:3: warning: implicit declaration of function 'TikTokGame' [-Wimplicit-function-declaration]
  110 |   TikTokGame();
      |   ^~~~~~~~~~
../Core/Src/main.c:111:3: warning: implicit declaration of function 'LEDdisplay' [-Wimplicit-function-declaration]
  111 |   LEDdisplay()
      |   ^~~~~~~~~~
../Core/Src/main.c:111:15: error: expected ';' before 'while'
  111 |   LEDdisplay()
      |               ^
      |               ;
......
  116 |   while (1)
      |   ~~~~~        
../Core/Src/main.c: At top level:
../Core/Src/main.c:360:6: warning: conflicting types for 'SPITxRx_Setup'; have 'void()'
  360 | void SPITxRx_Setup()
      |      ^~~~~~~~~~~~~
../Core/Src/main.c:109:3: note: previous implicit declaration of 'SPITxRx_Setup' with type 'void()'
  109 |   SPITxRx_Setup();
      |   ^~~~~~~~~~~~~
../Core/Src/main.c:382:6: warning: conflicting types for 'TikTokGame'; have 'void()'
  382 | void TikTokGame()
      |      ^~~~~~~~~~
../Core/Src/main.c:110:3: note: previous implicit declaration of 'TikTokGame' with type 'void()'
  110 |   TikTokGame();
      |   ^~~~~~~~~~
../Core/Src/main.c:537:6: warning: conflicting types for 'LEDdisplay'; have 'void()'
  537 | void LEDdisplay() {
      |      ^~~~~~~~~~
../Core/Src/main.c:111:3: note: previous implicit declaration of 'LEDdisplay' with type 'void()'
  111 |   LEDdisplay()
      |   ^~~~~~~~~~
make: *** [Core/Src/subdir.mk:34: Core/Src/main.o] Error 1
"make -j16 all" terminated with exit code 2. Build might be incomplete.
02:55:50 **** Incremental Build of configuration Debug for project LAB3_Game ****
make -j16 all 
arm-none-eabi-gcc "../Core/Src/main.c" -mcpu=cortex-m4 -std=gnu11 -g3 -DDEBUG -DUSE_HAL_DRIVER -DSTM32G474xx -c -I../Core/Inc -I../Drivers/STM32G4xx_HAL_Driver/Inc -I../Drivers/STM32G4xx_HAL_Driver/Inc/Legacy -I../Drivers/CMSIS/Device/ST/STM32G4xx/Include -I../Drivers/CMSIS/Include -O0 -ffunction-sections -fdata-sections -Wall -fstack-usage -fcyclomatic-complexity -MMD -MP -MF"Core/Src/main.d" -MT"Core/Src/main.o" --specs=nano.specs -mfpu=fpv4-sp-d16 -mfloat-abi=hard -mthumb -o "Core/Src/main.o"
../Core/Src/main.c: In function 'main':
../Core/Src/main.c:109:3: warning: implicit declaration of function 'SPITxRx_Setup' [-Wimplicit-function-declaration]
  109 |   SPITxRx_Setup();
      |   ^~~~~~~~~~~~~
../Core/Src/main.c:110:3: warning: implicit declaration of function 'TikTokGame' [-Wimplicit-function-declaration]
  110 |   TikTokGame();
      |   ^~~~~~~~~~
../Core/Src/main.c:111:3: warning: implicit declaration of function 'LEDdisplay' [-Wimplicit-function-declaration]
  111 |   LEDdisplay()
      |   ^~~~~~~~~~
../Core/Src/main.c:111:15: error: expected ';' before 'while'
  111 |   LEDdisplay()
      |               ^
      |               ;
......
  116 |   while (1)
      |   ~~~~~        
../Core/Src/main.c: At top level:
../Core/Src/main.c:360:6: warning: conflicting types for 'SPITxRx_Setup'; have 'void()'
  360 | void SPITxRx_Setup()
      |      ^~~~~~~~~~~~~
../Core/Src/main.c:109:3: note: previous implicit declaration of 'SPITxRx_Setup' with type 'void()'
  109 |   SPITxRx_Setup();
      |   ^~~~~~~~~~~~~
../Core/Src/main.c:382:6: warning: conflicting types for 'TikTokGame'; have 'void()'
  382 | void TikTokGame()
      |      ^~~~~~~~~~
../Core/Src/main.c:110:3: note: previous implicit declaration of 'TikTokGame' with type 'void()'
  110 |   TikTokGame();
      |   ^~~~~~~~~~
../Core/Src/main.c:537:6: warning: conflicting types for 'LEDdisplay'; have 'void()'
  537 | void LEDdisplay() {
      |      ^~~~~~~~~~
../Core/Src/main.c:111:3: note: previous implicit declaration of 'LEDdisplay' with type 'void()'
  111 |   LEDdisplay()
      |   ^~~~~~~~~~
make: *** [Core/Src/subdir.mk:34: Core/Src/main.o] Error 1
"make -j16 all" terminated with exit code 2. Build might be incomplete.
02:56:36 **** Incremental Build of configuration Debug for project LAB3_Game ****
make -j16 all 
arm-none-eabi-gcc "../Core/Src/main.c" -mcpu=cortex-m4 -std=gnu11 -g3 -DDEBUG -DUSE_HAL_DRIVER -DSTM32G474xx -c -I../Core/Inc -I../Drivers/STM32G4xx_HAL_Driver/Inc -I../Drivers/STM32G4xx_HAL_Driver/Inc/Legacy -I../Drivers/CMSIS/Device/ST/STM32G4xx/Include -I../Drivers/CMSIS/Include -O0 -ffunction-sections -fdata-sections -Wall -fstack-usage -fcyclomatic-complexity -MMD -MP -MF"Core/Src/main.d" -MT"Core/Src/main.o" --specs=nano.specs -mfpu=fpv4-sp-d16 -mfloat-abi=hard -mthumb -o "Core/Src/main.o"
../Core/Src/main.c: In function 'main':
../Core/Src/main.c:109:3: warning: implicit declaration of function 'SPITxRx_Setup' [-Wimplicit-function-declaration]
  109 |   SPITxRx_Setup();
      |   ^~~~~~~~~~~~~
../Core/Src/main.c:110:3: warning: implicit declaration of function 'TikTokGame' [-Wimplicit-function-declaration]
  110 |   TikTokGame();
      |   ^~~~~~~~~~
../Core/Src/main.c:111:3: warning: implicit declaration of function 'LEDdisplay' [-Wimplicit-function-declaration]
  111 |   LEDdisplay();
      |   ^~~~~~~~~~
../Core/Src/main.c:121:11: warning: implicit declaration of function 'SPITxRx_readIO' [-Wimplicit-function-declaration]
  121 |           SPITxRx_readIO();
      |           ^~~~~~~~~~~~~~
../Core/Src/main.c: At top level:
../Core/Src/main.c:360:6: warning: conflicting types for 'SPITxRx_Setup'; have 'void()'
  360 | void SPITxRx_Setup()
      |      ^~~~~~~~~~~~~
../Core/Src/main.c:109:3: note: previous implicit declaration of 'SPITxRx_Setup' with type 'void()'
  109 |   SPITxRx_Setup();
      |   ^~~~~~~~~~~~~
../Core/Src/main.c:369:6: warning: conflicting types for 'SPITxRx_readIO'; have 'void()'
  369 | void SPITxRx_readIO()
      |      ^~~~~~~~~~~~~~
../Core/Src/main.c:121:11: note: previous implicit declaration of 'SPITxRx_readIO' with type 'void()'
  121 |           SPITxRx_readIO();
      |           ^~~~~~~~~~~~~~
../Core/Src/main.c:382:6: warning: conflicting types for 'TikTokGame'; have 'void()'
  382 | void TikTokGame()
      |      ^~~~~~~~~~
../Core/Src/main.c:110:3: note: previous implicit declaration of 'TikTokGame' with type 'void()'
  110 |   TikTokGame();
      |   ^~~~~~~~~~
../Core/Src/main.c:537:6: warning: conflicting types for 'LEDdisplay'; have 'void()'
  537 | void LEDdisplay() {
      |      ^~~~~~~~~~
../Core/Src/main.c:111:3: note: previous implicit declaration of 'LEDdisplay' with type 'void()'
  111 |   LEDdisplay();
      |   ^~~~~~~~~~
arm-none-eabi-gcc -o "LAB3_Game.elf" @"objects.list"   -mcpu=cortex-m4 -T"D:\UNIVERSITY\YR2\FRA222_MicroCon\FRA222_LAB3_SPIGAME\LAB2_Game\LAB3_Game\STM32G474RETX_FLASH.ld" --specs=nosys.specs -Wl,-Map="LAB3_Game.map" -Wl,--gc-sections -static --specs=nano.specs -mfpu=fpv4-sp-d16 -mfloat-abi=hard -mthumb -Wl,--start-group -lc -lm -Wl,--end-group
Finished building target: LAB3_Game.elf
 
arm-none-eabi-size   LAB3_Game.elf 
arm-none-eabi-objdump -h -S  LAB3_Game.elf  > "LAB3_Game.list"
   text	   data	    bss	    dec	    hex	filename
  18184	     24	   1928	  20136	   4ea8	LAB3_Game.elf
Finished building: default.size.stdout
 
Finished building: LAB3_Game.list
 
02:57:27 **** Incremental Build of configuration Debug for project LAB3_Game ****
make -j16 all 
arm-none-eabi-gcc "../Core/Src/main.c" -mcpu=cortex-m4 -std=gnu11 -g3 -DDEBUG -DUSE_HAL_DRIVER -DSTM32G474xx -c -I../Core/Inc -I../Drivers/STM32G4xx_HAL_Driver/Inc -I../Drivers/STM32G4xx_HAL_Driver/Inc/Legacy -I../Drivers/CMSIS/Device/ST/STM32G4xx/Include -I../Drivers/CMSIS/Include -O0 -ffunction-sections -fdata-sections -Wall -fstack-usage -fcyclomatic-complexity -MMD -MP -MF"Core/Src/main.d" -MT"Core/Src/main.o" --specs=nano.specs -mfpu=fpv4-sp-d16 -mfloat-abi=hard -mthumb -o "Core/Src/main.o"
../Core/Src/main.c: In function 'main':
../Core/Src/main.c:109:3: warning: implicit declaration of function 'SPITxRx_Setup' [-Wimplicit-function-declaration]
  109 |   SPITxRx_Setup();
      |   ^~~~~~~~~~~~~
../Core/Src/main.c:110:3: warning: implicit declaration of function 'TikTokGame' [-Wimplicit-function-declaration]
  110 |   TikTokGame();
      |   ^~~~~~~~~~
../Core/Src/main.c:111:3: warning: implicit declaration of function 'LEDdisplay' [-Wimplicit-function-declaration]
  111 |   LEDdisplay();
      |   ^~~~~~~~~~
../Core/Src/main.c:121:11: warning: implicit declaration of function 'SPITxRx_readIO' [-Wimplicit-function-declaration]
  121 |           SPITxRx_readIO();
      |           ^~~~~~~~~~~~~~
../Core/Src/main.c: At top level:
../Core/Src/main.c:360:6: warning: conflicting types for 'SPITxRx_Setup'; have 'void()'
  360 | void SPITxRx_Setup()
      |      ^~~~~~~~~~~~~
../Core/Src/main.c:109:3: note: previous implicit declaration of 'SPITxRx_Setup' with type 'void()'
  109 |   SPITxRx_Setup();
      |   ^~~~~~~~~~~~~
../Core/Src/main.c:369:6: warning: conflicting types for 'SPITxRx_readIO'; have 'void()'
  369 | void SPITxRx_readIO()
      |      ^~~~~~~~~~~~~~
../Core/Src/main.c:121:11: note: previous implicit declaration of 'SPITxRx_readIO' with type 'void()'
  121 |           SPITxRx_readIO();
      |           ^~~~~~~~~~~~~~
../Core/Src/main.c:382:6: warning: conflicting types for 'TikTokGame'; have 'void()'
  382 | void TikTokGame()
      |      ^~~~~~~~~~
../Core/Src/main.c:110:3: note: previous implicit declaration of 'TikTokGame' with type 'void()'
  110 |   TikTokGame();
      |   ^~~~~~~~~~
../Core/Src/main.c:537:6: warning: conflicting types for 'LEDdisplay'; have 'void()'
  537 | void LEDdisplay() {
      |      ^~~~~~~~~~
../Core/Src/main.c:111:3: note: previous implicit declaration of 'LEDdisplay' with type 'void()'
  111 |   LEDdisplay();
      |   ^~~~~~~~~~
arm-none-eabi-gcc -o "LAB3_Game.elf" @"objects.list"   -mcpu=cortex-m4 -T"D:\UNIVERSITY\YR2\FRA222_MicroCon\FRA222_LAB3_SPIGAME\LAB2_Game\LAB3_Game\STM32G474RETX_FLASH.ld" --specs=nosys.specs -Wl,-Map="LAB3_Game.map" -Wl,--gc-sections -static --specs=nano.specs -mfpu=fpv4-sp-d16 -mfloat-abi=hard -mthumb -Wl,--start-group -lc -lm -Wl,--end-group
Finished building target: LAB3_Game.elf
 
arm-none-eabi-size   LAB3_Game.elf 
arm-none-eabi-objdump -h -S  LAB3_Game.elf  > "LAB3_Game.list"
   text	   data	    bss	    dec	    hex	filename
  18112	     24	   1928	  20064	   4e60	LAB3_Game.elf
Finished building: default.size.stdout
 
Finished building: LAB3_Game.list
 
02:59:47 **** Incremental Build of configuration Debug for project LAB3_Game ****
make -j16 all 
arm-none-eabi-gcc "../Core/Src/main.c" -mcpu=cortex-m4 -std=gnu11 -g3 -DDEBUG -DUSE_HAL_DRIVER -DSTM32G474xx -c -I../Core/Inc -I../Drivers/STM32G4xx_HAL_Driver/Inc -I../Drivers/STM32G4xx_HAL_Driver/Inc/Legacy -I../Drivers/CMSIS/Device/ST/STM32G4xx/Include -I../Drivers/CMSIS/Include -O0 -ffunction-sections -fdata-sections -Wall -fstack-usage -fcyclomatic-complexity -MMD -MP -MF"Core/Src/main.d" -MT"Core/Src/main.o" --specs=nano.specs -mfpu=fpv4-sp-d16 -mfloat-abi=hard -mthumb -o "Core/Src/main.o"
../Core/Src/main.c: In function 'main':
../Core/Src/main.c:109:3: warning: implicit declaration of function 'SPITxRx_Setup' [-Wimplicit-function-declaration]
  109 |   SPITxRx_Setup();
      |   ^~~~~~~~~~~~~
../Core/Src/main.c:110:3: warning: implicit declaration of function 'TikTokGame' [-Wimplicit-function-declaration]
  110 |   TikTokGame();
      |   ^~~~~~~~~~
../Core/Src/main.c:111:3: warning: implicit declaration of function 'LEDdisplay' [-Wimplicit-function-declaration]
  111 |   LEDdisplay();
      |   ^~~~~~~~~~
../Core/Src/main.c:121:11: warning: implicit declaration of function 'SPITxRx_readIO' [-Wimplicit-function-declaration]
  121 |           SPITxRx_readIO();
      |           ^~~~~~~~~~~~~~
../Core/Src/main.c: At top level:
../Core/Src/main.c:360:6: warning: conflicting types for 'SPITxRx_Setup'; have 'void()'
  360 | void SPITxRx_Setup()
      |      ^~~~~~~~~~~~~
../Core/Src/main.c:109:3: note: previous implicit declaration of 'SPITxRx_Setup' with type 'void()'
  109 |   SPITxRx_Setup();
      |   ^~~~~~~~~~~~~
../Core/Src/main.c:369:6: warning: conflicting types for 'SPITxRx_readIO'; have 'void()'
  369 | void SPITxRx_readIO()
      |      ^~~~~~~~~~~~~~
../Core/Src/main.c:121:11: note: previous implicit declaration of 'SPITxRx_readIO' with type 'void()'
  121 |           SPITxRx_readIO();
      |           ^~~~~~~~~~~~~~
../Core/Src/main.c:382:6: warning: conflicting types for 'TikTokGame'; have 'void()'
  382 | void TikTokGame()
      |      ^~~~~~~~~~
../Core/Src/main.c:110:3: note: previous implicit declaration of 'TikTokGame' with type 'void()'
  110 |   TikTokGame();
      |   ^~~~~~~~~~
../Core/Src/main.c:537:6: warning: conflicting types for 'LEDdisplay'; have 'void()'
  537 | void LEDdisplay() {
      |      ^~~~~~~~~~
../Core/Src/main.c:111:3: note: previous implicit declaration of 'LEDdisplay' with type 'void()'
  111 |   LEDdisplay();
      |   ^~~~~~~~~~
arm-none-eabi-gcc -o "LAB3_Game.elf" @"objects.list"   -mcpu=cortex-m4 -T"D:\UNIVERSITY\YR2\FRA222_MicroCon\FRA222_LAB3_SPIGAME\LAB2_Game\LAB3_Game\STM32G474RETX_FLASH.ld" --specs=nosys.specs -Wl,-Map="LAB3_Game.map" -Wl,--gc-sections -static --specs=nano.specs -mfpu=fpv4-sp-d16 -mfloat-abi=hard -mthumb -Wl,--start-group -lc -lm -Wl,--end-group
Finished building target: LAB3_Game.elf
 
arm-none-eabi-size   LAB3_Game.elf 
arm-none-eabi-objdump -h -S  LAB3_Game.elf  > "LAB3_Game.list"
   text	   data	    bss	    dec	    hex	filename
  18112	     24	   1928	  20064	   4e60	LAB3_Game.elf
Finished building: default.size.stdout
 
Finished building: LAB3_Game.list
 
03:03:25 **** Incremental Build of configuration Debug for project LAB3_Game ****
make -j16 all 
arm-none-eabi-gcc "../Core/Src/main.c" -mcpu=cortex-m4 -std=gnu11 -g3 -DDEBUG -DUSE_HAL_DRIVER -DSTM32G474xx -c -I../Core/Inc -I../Drivers/STM32G4xx_HAL_Driver/Inc -I../Drivers/STM32G4xx_HAL_Driver/Inc/Legacy -I../Drivers/CMSIS/Device/ST/STM32G4xx/Include -I../Drivers/CMSIS/Include -O0 -ffunction-sections -fdata-sections -Wall -fstack-usage -fcyclomatic-complexity -MMD -MP -MF"Core/Src/main.d" -MT"Core/Src/main.o" --specs=nano.specs -mfpu=fpv4-sp-d16 -mfloat-abi=hard -mthumb -o "Core/Src/main.o"
../Core/Src/main.c: In function 'main':
../Core/Src/main.c:109:3: warning: implicit declaration of function 'SPITxRx_Setup' [-Wimplicit-function-declaration]
  109 |   SPITxRx_Setup();
      |   ^~~~~~~~~~~~~
../Core/Src/main.c:110:3: warning: implicit declaration of function 'TikTokGame' [-Wimplicit-function-declaration]
  110 |   TikTokGame();
      |   ^~~~~~~~~~
../Core/Src/main.c:111:3: warning: implicit declaration of function 'LEDdisplay' [-Wimplicit-function-declaration]
  111 |   LEDdisplay();
      |   ^~~~~~~~~~
../Core/Src/main.c:121:11: warning: implicit declaration of function 'SPITxRx_readIO' [-Wimplicit-function-declaration]
  121 |           SPITxRx_readIO();
      |           ^~~~~~~~~~~~~~
../Core/Src/main.c: At top level:
../Core/Src/main.c:360:6: warning: conflicting types for 'SPITxRx_Setup'; have 'void()'
  360 | void SPITxRx_Setup()
      |      ^~~~~~~~~~~~~
../Core/Src/main.c:109:3: note: previous implicit declaration of 'SPITxRx_Setup' with type 'void()'
  109 |   SPITxRx_Setup();
      |   ^~~~~~~~~~~~~
../Core/Src/main.c:369:6: warning: conflicting types for 'SPITxRx_readIO'; have 'void()'
  369 | void SPITxRx_readIO()
      |      ^~~~~~~~~~~~~~
../Core/Src/main.c:121:11: note: previous implicit declaration of 'SPITxRx_readIO' with type 'void()'
  121 |           SPITxRx_readIO();
      |           ^~~~~~~~~~~~~~
../Core/Src/main.c:382:6: warning: conflicting types for 'TikTokGame'; have 'void()'
  382 | void TikTokGame()
      |      ^~~~~~~~~~
../Core/Src/main.c:110:3: note: previous implicit declaration of 'TikTokGame' with type 'void()'
  110 |   TikTokGame();
      |   ^~~~~~~~~~
../Core/Src/main.c:537:6: warning: conflicting types for 'LEDdisplay'; have 'void()'
  537 | void LEDdisplay() {
      |      ^~~~~~~~~~
../Core/Src/main.c:111:3: note: previous implicit declaration of 'LEDdisplay' with type 'void()'
  111 |   LEDdisplay();
      |   ^~~~~~~~~~
arm-none-eabi-gcc -o "LAB3_Game.elf" @"objects.list"   -mcpu=cortex-m4 -T"D:\UNIVERSITY\YR2\FRA222_MicroCon\FRA222_LAB3_SPIGAME\LAB2_Game\LAB3_Game\STM32G474RETX_FLASH.ld" --specs=nosys.specs -Wl,-Map="LAB3_Game.map" -Wl,--gc-sections -static --specs=nano.specs -mfpu=fpv4-sp-d16 -mfloat-abi=hard -mthumb -Wl,--start-group -lc -lm -Wl,--end-group
Finished building target: LAB3_Game.elf
 
arm-none-eabi-size   LAB3_Game.elf 
arm-none-eabi-objdump -h -S  LAB3_Game.elf  > "LAB3_Game.list"
   text	   data	    bss	    dec	    hex	filename
  18112	     24	   1928	  20064	   4e60	LAB3_Game.elf
Finished building: default.size.stdout
 
Finished building: LAB3_Game.list
 
03:04:48 **** Incremental Build of configuration Debug for project LAB3_Game ****
make -j16 all 
arm-none-eabi-gcc "../Core/Src/main.c" -mcpu=cortex-m4 -std=gnu11 -g3 -DDEBUG -DUSE_HAL_DRIVER -DSTM32G474xx -c -I../Core/Inc -I../Drivers/STM32G4xx_HAL_Driver/Inc -I../Drivers/STM32G4xx_HAL_Driver/Inc/Legacy -I../Drivers/CMSIS/Device/ST/STM32G4xx/Include -I../Drivers/CMSIS/Include -O0 -ffunction-sections -fdata-sections -Wall -fstack-usage -fcyclomatic-complexity -MMD -MP -MF"Core/Src/main.d" -MT"Core/Src/main.o" --specs=nano.specs -mfpu=fpv4-sp-d16 -mfloat-abi=hard -mthumb -o "Core/Src/main.o"
../Core/Src/main.c: In function 'main':
../Core/Src/main.c:109:3: warning: implicit declaration of function 'SPITxRx_Setup' [-Wimplicit-function-declaration]
  109 |   SPITxRx_Setup();
      |   ^~~~~~~~~~~~~
../Core/Src/main.c:110:3: warning: implicit declaration of function 'TikTokGame' [-Wimplicit-function-declaration]
  110 |   TikTokGame();
      |   ^~~~~~~~~~
../Core/Src/main.c:111:3: warning: implicit declaration of function 'LEDdisplay' [-Wimplicit-function-declaration]
  111 |   LEDdisplay();
      |   ^~~~~~~~~~
../Core/Src/main.c:121:11: warning: implicit declaration of function 'SPITxRx_readIO' [-Wimplicit-function-declaration]
  121 |           SPITxRx_readIO();
      |           ^~~~~~~~~~~~~~
../Core/Src/main.c: At top level:
../Core/Src/main.c:360:6: warning: conflicting types for 'SPITxRx_Setup'; have 'void()'
  360 | void SPITxRx_Setup()
      |      ^~~~~~~~~~~~~
../Core/Src/main.c:109:3: note: previous implicit declaration of 'SPITxRx_Setup' with type 'void()'
  109 |   SPITxRx_Setup();
      |   ^~~~~~~~~~~~~
../Core/Src/main.c:369:6: warning: conflicting types for 'SPITxRx_readIO'; have 'void()'
  369 | void SPITxRx_readIO()
      |      ^~~~~~~~~~~~~~
../Core/Src/main.c:121:11: note: previous implicit declaration of 'SPITxRx_readIO' with type 'void()'
  121 |           SPITxRx_readIO();
      |           ^~~~~~~~~~~~~~
../Core/Src/main.c:382:6: warning: conflicting types for 'TikTokGame'; have 'void()'
  382 | void TikTokGame()
      |      ^~~~~~~~~~
../Core/Src/main.c:110:3: note: previous implicit declaration of 'TikTokGame' with type 'void()'
  110 |   TikTokGame();
      |   ^~~~~~~~~~
../Core/Src/main.c:537:6: warning: conflicting types for 'LEDdisplay'; have 'void()'
  537 | void LEDdisplay() {
      |      ^~~~~~~~~~
../Core/Src/main.c:111:3: note: previous implicit declaration of 'LEDdisplay' with type 'void()'
  111 |   LEDdisplay();
      |   ^~~~~~~~~~
arm-none-eabi-gcc -o "LAB3_Game.elf" @"objects.list"   -mcpu=cortex-m4 -T"D:\UNIVERSITY\YR2\FRA222_MicroCon\FRA222_LAB3_SPIGAME\LAB2_Game\LAB3_Game\STM32G474RETX_FLASH.ld" --specs=nosys.specs -Wl,-Map="LAB3_Game.map" -Wl,--gc-sections -static --specs=nano.specs -mfpu=fpv4-sp-d16 -mfloat-abi=hard -mthumb -Wl,--start-group -lc -lm -Wl,--end-group
Finished building target: LAB3_Game.elf
 
arm-none-eabi-size   LAB3_Game.elf 
arm-none-eabi-objdump -h -S  LAB3_Game.elf  > "LAB3_Game.list"
   text	   data	    bss	    dec	    hex	filename
  18184	     24	   1928	  20136	   4ea8	LAB3_Game.elf
Finished building: default.size.stdout
 
Finished building: LAB3_Game.list
 
03:06:36 **** Incremental Build of configuration Debug for project SPI ****
make -j16 all 
arm-none-eabi-size   SPI.elf 
   text	   data	    bss	    dec	    hex	filename
  18716	     24	   1920	  20660	   50b4	SPI.elf
Finished building: default.size.stdout
 
03:07:01 **** Incremental Build of configuration Debug for project SPI ****
make -j16 all 
arm-none-eabi-size   SPI.elf 
   text	   data	    bss	    dec	    hex	filename
  18716	     24	   1920	  20660	   50b4	SPI.elf
Finished building: default.size.stdout
 
03:10:41 **** Incremental Build of configuration Debug for project LAB3_Game ****
make -j16 all 
arm-none-eabi-gcc "../Core/Src/main.c" -mcpu=cortex-m4 -std=gnu11 -g3 -DDEBUG -DUSE_HAL_DRIVER -DSTM32G474xx -c -I../Core/Inc -I../Drivers/STM32G4xx_HAL_Driver/Inc -I../Drivers/STM32G4xx_HAL_Driver/Inc/Legacy -I../Drivers/CMSIS/Device/ST/STM32G4xx/Include -I../Drivers/CMSIS/Include -O0 -ffunction-sections -fdata-sections -Wall -fstack-usage -fcyclomatic-complexity -MMD -MP -MF"Core/Src/main.d" -MT"Core/Src/main.o" --specs=nano.specs -mfpu=fpv4-sp-d16 -mfloat-abi=hard -mthumb -o "Core/Src/main.o"
../Core/Src/main.c: In function 'main':
../Core/Src/main.c:109:3: warning: implicit declaration of function 'SPITxRx_Setup' [-Wimplicit-function-declaration]
  109 |   SPITxRx_Setup();
      |   ^~~~~~~~~~~~~
../Core/Src/main.c:110:3: warning: implicit declaration of function 'TikTokGame' [-Wimplicit-function-declaration]
  110 |   TikTokGame();
      |   ^~~~~~~~~~
../Core/Src/main.c:111:3: warning: implicit declaration of function 'LEDdisplay' [-Wimplicit-function-declaration]
  111 |   LEDdisplay();
      |   ^~~~~~~~~~
../Core/Src/main.c:121:11: warning: implicit declaration of function 'SPITxRx_readIO' [-Wimplicit-function-declaration]
  121 |           SPITxRx_readIO();
      |           ^~~~~~~~~~~~~~
../Core/Src/main.c: At top level:
../Core/Src/main.c:360:6: warning: conflicting types for 'SPITxRx_Setup'; have 'void()'
  360 | void SPITxRx_Setup()
      |      ^~~~~~~~~~~~~
../Core/Src/main.c:109:3: note: previous implicit declaration of 'SPITxRx_Setup' with type 'void()'
  109 |   SPITxRx_Setup();
      |   ^~~~~~~~~~~~~
../Core/Src/main.c:369:6: warning: conflicting types for 'SPITxRx_readIO'; have 'void()'
  369 | void SPITxRx_readIO()
      |      ^~~~~~~~~~~~~~
../Core/Src/main.c:121:11: note: previous implicit declaration of 'SPITxRx_readIO' with type 'void()'
  121 |           SPITxRx_readIO();
      |           ^~~~~~~~~~~~~~
../Core/Src/main.c:382:6: warning: conflicting types for 'TikTokGame'; have 'void()'
  382 | void TikTokGame()
      |      ^~~~~~~~~~
../Core/Src/main.c:110:3: note: previous implicit declaration of 'TikTokGame' with type 'void()'
  110 |   TikTokGame();
      |   ^~~~~~~~~~
../Core/Src/main.c:537:6: warning: conflicting types for 'LEDdisplay'; have 'void()'
  537 | void LEDdisplay() {
      |      ^~~~~~~~~~
../Core/Src/main.c:111:3: note: previous implicit declaration of 'LEDdisplay' with type 'void()'
  111 |   LEDdisplay();
      |   ^~~~~~~~~~
arm-none-eabi-gcc -o "LAB3_Game.elf" @"objects.list"   -mcpu=cortex-m4 -T"D:\UNIVERSITY\YR2\FRA222_MicroCon\FRA222_LAB3_SPIGAME\LAB2_Game\LAB3_Game\STM32G474RETX_FLASH.ld" --specs=nosys.specs -Wl,-Map="LAB3_Game.map" -Wl,--gc-sections -static --specs=nano.specs -mfpu=fpv4-sp-d16 -mfloat-abi=hard -mthumb -Wl,--start-group -lc -lm -Wl,--end-group
Finished building target: LAB3_Game.elf
 
arm-none-eabi-size   LAB3_Game.elf 
arm-none-eabi-objdump -h -S  LAB3_Game.elf  > "LAB3_Game.list"
   text	   data	    bss	    dec	    hex	filename
  18184	     24	   1928	  20136	   4ea8	LAB3_Game.elf
Finished building: default.size.stdout
 
Finished building: LAB3_Game.list
 
03:11:59 **** Incremental Build of configuration Debug for project LAB3_Game ****
make -j16 all 
arm-none-eabi-gcc "../Core/Src/main.c" -mcpu=cortex-m4 -std=gnu11 -g3 -DDEBUG -DUSE_HAL_DRIVER -DSTM32G474xx -c -I../Core/Inc -I../Drivers/STM32G4xx_HAL_Driver/Inc -I../Drivers/STM32G4xx_HAL_Driver/Inc/Legacy -I../Drivers/CMSIS/Device/ST/STM32G4xx/Include -I../Drivers/CMSIS/Include -O0 -ffunction-sections -fdata-sections -Wall -fstack-usage -fcyclomatic-complexity -MMD -MP -MF"Core/Src/main.d" -MT"Core/Src/main.o" --specs=nano.specs -mfpu=fpv4-sp-d16 -mfloat-abi=hard -mthumb -o "Core/Src/main.o"
../Core/Src/main.c: In function 'main':
../Core/Src/main.c:109:3: warning: implicit declaration of function 'SPITxRx_Setup' [-Wimplicit-function-declaration]
  109 |   SPITxRx_Setup();
      |   ^~~~~~~~~~~~~
../Core/Src/main.c:110:3: warning: implicit declaration of function 'TikTokGame' [-Wimplicit-function-declaration]
  110 |   TikTokGame();
      |   ^~~~~~~~~~
../Core/Src/main.c:111:3: warning: implicit declaration of function 'LEDdisplay' [-Wimplicit-function-declaration]
  111 |   LEDdisplay();
      |   ^~~~~~~~~~
../Core/Src/main.c:121:11: warning: implicit declaration of function 'SPITxRx_readIO' [-Wimplicit-function-declaration]
  121 |           SPITxRx_readIO();
      |           ^~~~~~~~~~~~~~
../Core/Src/main.c: At top level:
../Core/Src/main.c:360:6: warning: conflicting types for 'SPITxRx_Setup'; have 'void()'
  360 | void SPITxRx_Setup()
      |      ^~~~~~~~~~~~~
../Core/Src/main.c:109:3: note: previous implicit declaration of 'SPITxRx_Setup' with type 'void()'
  109 |   SPITxRx_Setup();
      |   ^~~~~~~~~~~~~
../Core/Src/main.c:369:6: warning: conflicting types for 'SPITxRx_readIO'; have 'void()'
  369 | void SPITxRx_readIO()
      |      ^~~~~~~~~~~~~~
../Core/Src/main.c:121:11: note: previous implicit declaration of 'SPITxRx_readIO' with type 'void()'
  121 |           SPITxRx_readIO();
      |           ^~~~~~~~~~~~~~
../Core/Src/main.c:382:6: warning: conflicting types for 'TikTokGame'; have 'void()'
  382 | void TikTokGame()
      |      ^~~~~~~~~~
../Core/Src/main.c:110:3: note: previous implicit declaration of 'TikTokGame' with type 'void()'
  110 |   TikTokGame();
      |   ^~~~~~~~~~
../Core/Src/main.c:537:6: warning: conflicting types for 'LEDdisplay'; have 'void()'
  537 | void LEDdisplay() {
      |      ^~~~~~~~~~
../Core/Src/main.c:111:3: note: previous implicit declaration of 'LEDdisplay' with type 'void()'
  111 |   LEDdisplay();
      |   ^~~~~~~~~~
arm-none-eabi-gcc -o "LAB3_Game.elf" @"objects.list"   -mcpu=cortex-m4 -T"D:\UNIVERSITY\YR2\FRA222_MicroCon\FRA222_LAB3_SPIGAME\LAB2_Game\LAB3_Game\STM32G474RETX_FLASH.ld" --specs=nosys.specs -Wl,-Map="LAB3_Game.map" -Wl,--gc-sections -static --specs=nano.specs -mfpu=fpv4-sp-d16 -mfloat-abi=hard -mthumb -Wl,--start-group -lc -lm -Wl,--end-group
Finished building target: LAB3_Game.elf
 
arm-none-eabi-size   LAB3_Game.elf 
arm-none-eabi-objdump -h -S  LAB3_Game.elf  > "LAB3_Game.list"
   text	   data	    bss	    dec	    hex	filename
  18184	     24	   1928	  20136	   4ea8	LAB3_Game.elf
Finished building: default.size.stdout
 
Finished building: LAB3_Game.list
 
03:13:51 **** Incremental Build of configuration Debug for project LAB3_Game ****
make -j16 all 
arm-none-eabi-size   LAB3_Game.elf 
   text	   data	    bss	    dec	    hex	filename
  18184	     24	   1928	  20136	   4ea8	LAB3_Game.elf
Finished building: default.size.stdout
 
03:13:57 **** Incremental Build of configuration Debug for project LAB3_Game ****
make -j16 all 
arm-none-eabi-size   LAB3_Game.elf 
   text	   data	    bss	    dec	    hex	filename
  18184	     24	   1928	  20136	   4ea8	LAB3_Game.elf
Finished building: default.size.stdout
 
03:16:14 **** Incremental Build of configuration Debug for project LAB3_Game ****
make -j16 all 
arm-none-eabi-gcc "../Core/Src/main.c" -mcpu=cortex-m4 -std=gnu11 -g3 -DDEBUG -DUSE_HAL_DRIVER -DSTM32G474xx -c -I../Core/Inc -I../Drivers/STM32G4xx_HAL_Driver/Inc -I../Drivers/STM32G4xx_HAL_Driver/Inc/Legacy -I../Drivers/CMSIS/Device/ST/STM32G4xx/Include -I../Drivers/CMSIS/Include -O0 -ffunction-sections -fdata-sections -Wall -fstack-usage -fcyclomatic-complexity -MMD -MP -MF"Core/Src/main.d" -MT"Core/Src/main.o" --specs=nano.specs -mfpu=fpv4-sp-d16 -mfloat-abi=hard -mthumb -o "Core/Src/main.o"
../Core/Src/main.c: In function 'main':
../Core/Src/main.c:109:3: warning: implicit declaration of function 'SPITxRx_Setup' [-Wimplicit-function-declaration]
  109 |   SPITxRx_Setup();
      |   ^~~~~~~~~~~~~
../Core/Src/main.c:110:3: warning: implicit declaration of function 'TikTokGame' [-Wimplicit-function-declaration]
  110 |   TikTokGame();
      |   ^~~~~~~~~~
../Core/Src/main.c:111:3: warning: implicit declaration of function 'LEDdisplay' [-Wimplicit-function-declaration]
  111 |   LEDdisplay();
      |   ^~~~~~~~~~
../Core/Src/main.c:121:11: warning: implicit declaration of function 'SPITxRx_readIO' [-Wimplicit-function-declaration]
  121 |           SPITxRx_readIO();
      |           ^~~~~~~~~~~~~~
../Core/Src/main.c: At top level:
../Core/Src/main.c:360:6: warning: conflicting types for 'SPITxRx_Setup'; have 'void()'
  360 | void SPITxRx_Setup()
      |      ^~~~~~~~~~~~~
../Core/Src/main.c:109:3: note: previous implicit declaration of 'SPITxRx_Setup' with type 'void()'
  109 |   SPITxRx_Setup();
      |   ^~~~~~~~~~~~~
../Core/Src/main.c:369:6: warning: conflicting types for 'SPITxRx_readIO'; have 'void()'
  369 | void SPITxRx_readIO()
      |      ^~~~~~~~~~~~~~
../Core/Src/main.c:121:11: note: previous implicit declaration of 'SPITxRx_readIO' with type 'void()'
  121 |           SPITxRx_readIO();
      |           ^~~~~~~~~~~~~~
../Core/Src/main.c:382:6: warning: conflicting types for 'TikTokGame'; have 'void()'
  382 | void TikTokGame()
      |      ^~~~~~~~~~
../Core/Src/main.c:110:3: note: previous implicit declaration of 'TikTokGame' with type 'void()'
  110 |   TikTokGame();
      |   ^~~~~~~~~~
../Core/Src/main.c:537:6: warning: conflicting types for 'LEDdisplay'; have 'void()'
  537 | void LEDdisplay() {
      |      ^~~~~~~~~~
../Core/Src/main.c:111:3: note: previous implicit declaration of 'LEDdisplay' with type 'void()'
  111 |   LEDdisplay();
      |   ^~~~~~~~~~
arm-none-eabi-gcc -o "LAB3_Game.elf" @"objects.list"   -mcpu=cortex-m4 -T"D:\UNIVERSITY\YR2\FRA222_MicroCon\FRA222_LAB3_SPIGAME\LAB2_Game\LAB3_Game\STM32G474RETX_FLASH.ld" --specs=nosys.specs -Wl,-Map="LAB3_Game.map" -Wl,--gc-sections -static --specs=nano.specs -mfpu=fpv4-sp-d16 -mfloat-abi=hard -mthumb -Wl,--start-group -lc -lm -Wl,--end-group
Finished building target: LAB3_Game.elf
 
arm-none-eabi-size   LAB3_Game.elf 
arm-none-eabi-objdump -h -S  LAB3_Game.elf  > "LAB3_Game.list"
   text	   data	    bss	    dec	    hex	filename
  18256	     24	   1928	  20208	   4ef0	LAB3_Game.elf
Finished building: default.size.stdout
 
Finished building: LAB3_Game.list
 
03:17:55 **** Incremental Build of configuration Debug for project LAB3_Game ****
make -j16 all 
arm-none-eabi-gcc "../Core/Src/main.c" -mcpu=cortex-m4 -std=gnu11 -g3 -DDEBUG -DUSE_HAL_DRIVER -DSTM32G474xx -c -I../Core/Inc -I../Drivers/STM32G4xx_HAL_Driver/Inc -I../Drivers/STM32G4xx_HAL_Driver/Inc/Legacy -I../Drivers/CMSIS/Device/ST/STM32G4xx/Include -I../Drivers/CMSIS/Include -O0 -ffunction-sections -fdata-sections -Wall -fstack-usage -fcyclomatic-complexity -MMD -MP -MF"Core/Src/main.d" -MT"Core/Src/main.o" --specs=nano.specs -mfpu=fpv4-sp-d16 -mfloat-abi=hard -mthumb -o "Core/Src/main.o"
../Core/Src/main.c: In function 'main':
../Core/Src/main.c:109:3: warning: implicit declaration of function 'SPITxRx_Setup' [-Wimplicit-function-declaration]
  109 |   SPITxRx_Setup();
      |   ^~~~~~~~~~~~~
../Core/Src/main.c:110:3: warning: implicit declaration of function 'TikTokGame' [-Wimplicit-function-declaration]
  110 |   TikTokGame();
      |   ^~~~~~~~~~
../Core/Src/main.c:111:3: warning: implicit declaration of function 'LEDdisplay' [-Wimplicit-function-declaration]
  111 |   LEDdisplay();
      |   ^~~~~~~~~~
../Core/Src/main.c:121:11: warning: implicit declaration of function 'SPITxRx_readIO' [-Wimplicit-function-declaration]
  121 |           SPITxRx_readIO();
      |           ^~~~~~~~~~~~~~
../Core/Src/main.c: At top level:
../Core/Src/main.c:360:6: warning: conflicting types for 'SPITxRx_Setup'; have 'void()'
  360 | void SPITxRx_Setup()
      |      ^~~~~~~~~~~~~
../Core/Src/main.c:109:3: note: previous implicit declaration of 'SPITxRx_Setup' with type 'void()'
  109 |   SPITxRx_Setup();
      |   ^~~~~~~~~~~~~
../Core/Src/main.c:369:6: warning: conflicting types for 'SPITxRx_readIO'; have 'void()'
  369 | void SPITxRx_readIO()
      |      ^~~~~~~~~~~~~~
../Core/Src/main.c:121:11: note: previous implicit declaration of 'SPITxRx_readIO' with type 'void()'
  121 |           SPITxRx_readIO();
      |           ^~~~~~~~~~~~~~
../Core/Src/main.c:382:6: warning: conflicting types for 'TikTokGame'; have 'void()'
  382 | void TikTokGame()
      |      ^~~~~~~~~~
../Core/Src/main.c:110:3: note: previous implicit declaration of 'TikTokGame' with type 'void()'
  110 |   TikTokGame();
      |   ^~~~~~~~~~
../Core/Src/main.c:537:6: warning: conflicting types for 'LEDdisplay'; have 'void()'
  537 | void LEDdisplay() {
      |      ^~~~~~~~~~
../Core/Src/main.c:111:3: note: previous implicit declaration of 'LEDdisplay' with type 'void()'
  111 |   LEDdisplay();
      |   ^~~~~~~~~~
arm-none-eabi-gcc -o "LAB3_Game.elf" @"objects.list"   -mcpu=cortex-m4 -T"D:\UNIVERSITY\YR2\FRA222_MicroCon\FRA222_LAB3_SPIGAME\LAB2_Game\LAB3_Game\STM32G474RETX_FLASH.ld" --specs=nosys.specs -Wl,-Map="LAB3_Game.map" -Wl,--gc-sections -static --specs=nano.specs -mfpu=fpv4-sp-d16 -mfloat-abi=hard -mthumb -Wl,--start-group -lc -lm -Wl,--end-group
Finished building target: LAB3_Game.elf
 
arm-none-eabi-size   LAB3_Game.elf 
arm-none-eabi-objdump -h -S  LAB3_Game.elf  > "LAB3_Game.list"
   text	   data	    bss	    dec	    hex	filename
  18112	     24	   1928	  20064	   4e60	LAB3_Game.elf
Finished building: default.size.stdout
 
Finished building: LAB3_Game.list
 
03:20:30 **** Incremental Build of configuration Debug for project LAB3_Game ****
make -j16 all 
arm-none-eabi-gcc "../Core/Src/main.c" -mcpu=cortex-m4 -std=gnu11 -g3 -DDEBUG -DUSE_HAL_DRIVER -DSTM32G474xx -c -I../Core/Inc -I../Drivers/STM32G4xx_HAL_Driver/Inc -I../Drivers/STM32G4xx_HAL_Driver/Inc/Legacy -I../Drivers/CMSIS/Device/ST/STM32G4xx/Include -I../Drivers/CMSIS/Include -O0 -ffunction-sections -fdata-sections -Wall -fstack-usage -fcyclomatic-complexity -MMD -MP -MF"Core/Src/main.d" -MT"Core/Src/main.o" --specs=nano.specs -mfpu=fpv4-sp-d16 -mfloat-abi=hard -mthumb -o "Core/Src/main.o"
../Core/Src/main.c: In function 'main':
../Core/Src/main.c:109:3: warning: implicit declaration of function 'SPITxRx_Setup' [-Wimplicit-function-declaration]
  109 |   SPITxRx_Setup();
      |   ^~~~~~~~~~~~~
../Core/Src/main.c:110:3: warning: implicit declaration of function 'TikTokGame' [-Wimplicit-function-declaration]
  110 |   TikTokGame();
      |   ^~~~~~~~~~
../Core/Src/main.c:111:3: warning: implicit declaration of function 'LEDdisplay' [-Wimplicit-function-declaration]
  111 |   LEDdisplay();
      |   ^~~~~~~~~~
../Core/Src/main.c:121:11: warning: implicit declaration of function 'SPITxRx_readIO' [-Wimplicit-function-declaration]
  121 |           SPITxRx_readIO();
      |           ^~~~~~~~~~~~~~
../Core/Src/main.c: At top level:
../Core/Src/main.c:360:6: warning: conflicting types for 'SPITxRx_Setup'; have 'void()'
  360 | void SPITxRx_Setup()
      |      ^~~~~~~~~~~~~
../Core/Src/main.c:109:3: note: previous implicit declaration of 'SPITxRx_Setup' with type 'void()'
  109 |   SPITxRx_Setup();
      |   ^~~~~~~~~~~~~
../Core/Src/main.c:369:6: warning: conflicting types for 'SPITxRx_readIO'; have 'void()'
  369 | void SPITxRx_readIO()
      |      ^~~~~~~~~~~~~~
../Core/Src/main.c:121:11: note: previous implicit declaration of 'SPITxRx_readIO' with type 'void()'
  121 |           SPITxRx_readIO();
      |           ^~~~~~~~~~~~~~
../Core/Src/main.c:382:6: warning: conflicting types for 'TikTokGame'; have 'void()'
  382 | void TikTokGame()
      |      ^~~~~~~~~~
../Core/Src/main.c:110:3: note: previous implicit declaration of 'TikTokGame' with type 'void()'
  110 |   TikTokGame();
      |   ^~~~~~~~~~
../Core/Src/main.c:537:6: warning: conflicting types for 'LEDdisplay'; have 'void()'
  537 | void LEDdisplay() {
      |      ^~~~~~~~~~
../Core/Src/main.c:111:3: note: previous implicit declaration of 'LEDdisplay' with type 'void()'
  111 |   LEDdisplay();
      |   ^~~~~~~~~~
arm-none-eabi-gcc -o "LAB3_Game.elf" @"objects.list"   -mcpu=cortex-m4 -T"D:\UNIVERSITY\YR2\FRA222_MicroCon\FRA222_LAB3_SPIGAME\LAB2_Game\LAB3_Game\STM32G474RETX_FLASH.ld" --specs=nosys.specs -Wl,-Map="LAB3_Game.map" -Wl,--gc-sections -static --specs=nano.specs -mfpu=fpv4-sp-d16 -mfloat-abi=hard -mthumb -Wl,--start-group -lc -lm -Wl,--end-group
Finished building target: LAB3_Game.elf
 
arm-none-eabi-size   LAB3_Game.elf 
arm-none-eabi-objdump -h -S  LAB3_Game.elf  > "LAB3_Game.list"
   text	   data	    bss	    dec	    hex	filename
  18124	     24	   1928	  20076	   4e6c	LAB3_Game.elf
Finished building: default.size.stdout
 
Finished building: LAB3_Game.list
 
03:21:37 **** Incremental Build of configuration Debug for project LAB3_Game ****
make -j16 all 
arm-none-eabi-gcc "../Core/Src/main.c" -mcpu=cortex-m4 -std=gnu11 -g3 -DDEBUG -DUSE_HAL_DRIVER -DSTM32G474xx -c -I../Core/Inc -I../Drivers/STM32G4xx_HAL_Driver/Inc -I../Drivers/STM32G4xx_HAL_Driver/Inc/Legacy -I../Drivers/CMSIS/Device/ST/STM32G4xx/Include -I../Drivers/CMSIS/Include -O0 -ffunction-sections -fdata-sections -Wall -fstack-usage -fcyclomatic-complexity -MMD -MP -MF"Core/Src/main.d" -MT"Core/Src/main.o" --specs=nano.specs -mfpu=fpv4-sp-d16 -mfloat-abi=hard -mthumb -o "Core/Src/main.o"
../Core/Src/main.c: In function 'main':
../Core/Src/main.c:109:3: warning: implicit declaration of function 'SPITxRx_Setup' [-Wimplicit-function-declaration]
  109 |   SPITxRx_Setup();
      |   ^~~~~~~~~~~~~
../Core/Src/main.c:110:3: warning: implicit declaration of function 'TikTokGame' [-Wimplicit-function-declaration]
  110 |   TikTokGame();
      |   ^~~~~~~~~~
../Core/Src/main.c:111:3: warning: implicit declaration of function 'LEDdisplay' [-Wimplicit-function-declaration]
  111 |   LEDdisplay();
      |   ^~~~~~~~~~
../Core/Src/main.c:121:11: warning: implicit declaration of function 'SPITxRx_readIO' [-Wimplicit-function-declaration]
  121 |           SPITxRx_readIO();
      |           ^~~~~~~~~~~~~~
../Core/Src/main.c: At top level:
../Core/Src/main.c:360:6: warning: conflicting types for 'SPITxRx_Setup'; have 'void()'
  360 | void SPITxRx_Setup()
      |      ^~~~~~~~~~~~~
../Core/Src/main.c:109:3: note: previous implicit declaration of 'SPITxRx_Setup' with type 'void()'
  109 |   SPITxRx_Setup();
      |   ^~~~~~~~~~~~~
../Core/Src/main.c:369:6: warning: conflicting types for 'SPITxRx_readIO'; have 'void()'
  369 | void SPITxRx_readIO()
      |      ^~~~~~~~~~~~~~
../Core/Src/main.c:121:11: note: previous implicit declaration of 'SPITxRx_readIO' with type 'void()'
  121 |           SPITxRx_readIO();
      |           ^~~~~~~~~~~~~~
../Core/Src/main.c:382:6: warning: conflicting types for 'TikTokGame'; have 'void()'
  382 | void TikTokGame()
      |      ^~~~~~~~~~
../Core/Src/main.c:110:3: note: previous implicit declaration of 'TikTokGame' with type 'void()'
  110 |   TikTokGame();
      |   ^~~~~~~~~~
../Core/Src/main.c:537:6: warning: conflicting types for 'LEDdisplay'; have 'void()'
  537 | void LEDdisplay() {
      |      ^~~~~~~~~~
../Core/Src/main.c:111:3: note: previous implicit declaration of 'LEDdisplay' with type 'void()'
  111 |   LEDdisplay();
      |   ^~~~~~~~~~
arm-none-eabi-gcc -o "LAB3_Game.elf" @"objects.list"   -mcpu=cortex-m4 -T"D:\UNIVERSITY\YR2\FRA222_MicroCon\FRA222_LAB3_SPIGAME\LAB2_Game\LAB3_Game\STM32G474RETX_FLASH.ld" --specs=nosys.specs -Wl,-Map="LAB3_Game.map" -Wl,--gc-sections -static --specs=nano.specs -mfpu=fpv4-sp-d16 -mfloat-abi=hard -mthumb -Wl,--start-group -lc -lm -Wl,--end-group
Finished building target: LAB3_Game.elf
 
arm-none-eabi-size   LAB3_Game.elf 
arm-none-eabi-objdump -h -S  LAB3_Game.elf  > "LAB3_Game.list"
   text	   data	    bss	    dec	    hex	filename
  18352	     24	   1928	  20304	   4f50	LAB3_Game.elf
Finished building: default.size.stdout
 
Finished building: LAB3_Game.list
 
03:23:53 **** Incremental Build of configuration Debug for project LAB3_Game ****
make -j16 all 
arm-none-eabi-gcc "../Core/Src/main.c" -mcpu=cortex-m4 -std=gnu11 -g3 -DDEBUG -DUSE_HAL_DRIVER -DSTM32G474xx -c -I../Core/Inc -I../Drivers/STM32G4xx_HAL_Driver/Inc -I../Drivers/STM32G4xx_HAL_Driver/Inc/Legacy -I../Drivers/CMSIS/Device/ST/STM32G4xx/Include -I../Drivers/CMSIS/Include -O0 -ffunction-sections -fdata-sections -Wall -fstack-usage -fcyclomatic-complexity -MMD -MP -MF"Core/Src/main.d" -MT"Core/Src/main.o" --specs=nano.specs -mfpu=fpv4-sp-d16 -mfloat-abi=hard -mthumb -o "Core/Src/main.o"
../Core/Src/main.c: In function 'main':
../Core/Src/main.c:109:3: warning: implicit declaration of function 'SPITxRx_Setup' [-Wimplicit-function-declaration]
  109 |   SPITxRx_Setup();
      |   ^~~~~~~~~~~~~
../Core/Src/main.c:110:3: warning: implicit declaration of function 'TikTokGame' [-Wimplicit-function-declaration]
  110 |   TikTokGame();
      |   ^~~~~~~~~~
../Core/Src/main.c:111:3: warning: implicit declaration of function 'LEDdisplay' [-Wimplicit-function-declaration]
  111 |   LEDdisplay();
      |   ^~~~~~~~~~
../Core/Src/main.c:121:11: warning: implicit declaration of function 'SPITxRx_readIO' [-Wimplicit-function-declaration]
  121 |           SPITxRx_readIO();
      |           ^~~~~~~~~~~~~~
../Core/Src/main.c: At top level:
../Core/Src/main.c:360:6: warning: conflicting types for 'SPITxRx_Setup'; have 'void()'
  360 | void SPITxRx_Setup()
      |      ^~~~~~~~~~~~~
../Core/Src/main.c:109:3: note: previous implicit declaration of 'SPITxRx_Setup' with type 'void()'
  109 |   SPITxRx_Setup();
      |   ^~~~~~~~~~~~~
../Core/Src/main.c:369:6: warning: conflicting types for 'SPITxRx_readIO'; have 'void()'
  369 | void SPITxRx_readIO()
      |      ^~~~~~~~~~~~~~
../Core/Src/main.c:121:11: note: previous implicit declaration of 'SPITxRx_readIO' with type 'void()'
  121 |           SPITxRx_readIO();
      |           ^~~~~~~~~~~~~~
../Core/Src/main.c:382:6: warning: conflicting types for 'TikTokGame'; have 'void()'
  382 | void TikTokGame()
      |      ^~~~~~~~~~
../Core/Src/main.c:110:3: note: previous implicit declaration of 'TikTokGame' with type 'void()'
  110 |   TikTokGame();
      |   ^~~~~~~~~~
../Core/Src/main.c:537:6: warning: conflicting types for 'LEDdisplay'; have 'void()'
  537 | void LEDdisplay() {
      |      ^~~~~~~~~~
../Core/Src/main.c:111:3: note: previous implicit declaration of 'LEDdisplay' with type 'void()'
  111 |   LEDdisplay();
      |   ^~~~~~~~~~
arm-none-eabi-gcc -o "LAB3_Game.elf" @"objects.list"   -mcpu=cortex-m4 -T"D:\UNIVERSITY\YR2\FRA222_MicroCon\FRA222_LAB3_SPIGAME\LAB2_Game\LAB3_Game\STM32G474RETX_FLASH.ld" --specs=nosys.specs -Wl,-Map="LAB3_Game.map" -Wl,--gc-sections -static --specs=nano.specs -mfpu=fpv4-sp-d16 -mfloat-abi=hard -mthumb -Wl,--start-group -lc -lm -Wl,--end-group
Finished building target: LAB3_Game.elf
 
arm-none-eabi-size   LAB3_Game.elf 
arm-none-eabi-objdump -h -S  LAB3_Game.elf  > "LAB3_Game.list"
   text	   data	    bss	    dec	    hex	filename
  18168	     24	   1928	  20120	   4e98	LAB3_Game.elf
Finished building: default.size.stdout
 
Finished building: LAB3_Game.list
 
03:24:43 **** Incremental Build of configuration Debug for project LAB3_Game ****
make -j16 all 
arm-none-eabi-gcc "../Core/Src/main.c" -mcpu=cortex-m4 -std=gnu11 -g3 -DDEBUG -DUSE_HAL_DRIVER -DSTM32G474xx -c -I../Core/Inc -I../Drivers/STM32G4xx_HAL_Driver/Inc -I../Drivers/STM32G4xx_HAL_Driver/Inc/Legacy -I../Drivers/CMSIS/Device/ST/STM32G4xx/Include -I../Drivers/CMSIS/Include -O0 -ffunction-sections -fdata-sections -Wall -fstack-usage -fcyclomatic-complexity -MMD -MP -MF"Core/Src/main.d" -MT"Core/Src/main.o" --specs=nano.specs -mfpu=fpv4-sp-d16 -mfloat-abi=hard -mthumb -o "Core/Src/main.o"
../Core/Src/main.c: In function 'main':
../Core/Src/main.c:109:3: warning: implicit declaration of function 'SPITxRx_Setup' [-Wimplicit-function-declaration]
  109 |   SPITxRx_Setup();
      |   ^~~~~~~~~~~~~
../Core/Src/main.c:110:3: warning: implicit declaration of function 'TikTokGame' [-Wimplicit-function-declaration]
  110 |   TikTokGame();
      |   ^~~~~~~~~~
../Core/Src/main.c:111:3: warning: implicit declaration of function 'LEDdisplay' [-Wimplicit-function-declaration]
  111 |   LEDdisplay();
      |   ^~~~~~~~~~
../Core/Src/main.c:121:11: warning: implicit declaration of function 'SPITxRx_readIO' [-Wimplicit-function-declaration]
  121 |           SPITxRx_readIO();
      |           ^~~~~~~~~~~~~~
../Core/Src/main.c: At top level:
../Core/Src/main.c:360:6: warning: conflicting types for 'SPITxRx_Setup'; have 'void()'
  360 | void SPITxRx_Setup()
      |      ^~~~~~~~~~~~~
../Core/Src/main.c:109:3: note: previous implicit declaration of 'SPITxRx_Setup' with type 'void()'
  109 |   SPITxRx_Setup();
      |   ^~~~~~~~~~~~~
../Core/Src/main.c:369:6: warning: conflicting types for 'SPITxRx_readIO'; have 'void()'
  369 | void SPITxRx_readIO()
      |      ^~~~~~~~~~~~~~
../Core/Src/main.c:121:11: note: previous implicit declaration of 'SPITxRx_readIO' with type 'void()'
  121 |           SPITxRx_readIO();
      |           ^~~~~~~~~~~~~~
../Core/Src/main.c:382:6: warning: conflicting types for 'TikTokGame'; have 'void()'
  382 | void TikTokGame()
      |      ^~~~~~~~~~
../Core/Src/main.c:110:3: note: previous implicit declaration of 'TikTokGame' with type 'void()'
  110 |   TikTokGame();
      |   ^~~~~~~~~~
../Core/Src/main.c:537:6: warning: conflicting types for 'LEDdisplay'; have 'void()'
  537 | void LEDdisplay() {
      |      ^~~~~~~~~~
../Core/Src/main.c:111:3: note: previous implicit declaration of 'LEDdisplay' with type 'void()'
  111 |   LEDdisplay();
      |   ^~~~~~~~~~
arm-none-eabi-gcc -o "LAB3_Game.elf" @"objects.list"   -mcpu=cortex-m4 -T"D:\UNIVERSITY\YR2\FRA222_MicroCon\FRA222_LAB3_SPIGAME\LAB2_Game\LAB3_Game\STM32G474RETX_FLASH.ld" --specs=nosys.specs -Wl,-Map="LAB3_Game.map" -Wl,--gc-sections -static --specs=nano.specs -mfpu=fpv4-sp-d16 -mfloat-abi=hard -mthumb -Wl,--start-group -lc -lm -Wl,--end-group
Finished building target: LAB3_Game.elf
 
arm-none-eabi-size   LAB3_Game.elf 
arm-none-eabi-objdump -h -S  LAB3_Game.elf  > "LAB3_Game.list"
   text	   data	    bss	    dec	    hex	filename
  18168	     24	   1928	  20120	   4e98	LAB3_Game.elf
Finished building: default.size.stdout
 
Finished building: LAB3_Game.list
 
03:25:35 **** Incremental Build of configuration Debug for project LAB3_Game ****
make -j16 all 
arm-none-eabi-gcc "../Core/Src/main.c" -mcpu=cortex-m4 -std=gnu11 -g3 -DDEBUG -DUSE_HAL_DRIVER -DSTM32G474xx -c -I../Core/Inc -I../Drivers/STM32G4xx_HAL_Driver/Inc -I../Drivers/STM32G4xx_HAL_Driver/Inc/Legacy -I../Drivers/CMSIS/Device/ST/STM32G4xx/Include -I../Drivers/CMSIS/Include -O0 -ffunction-sections -fdata-sections -Wall -fstack-usage -fcyclomatic-complexity -MMD -MP -MF"Core/Src/main.d" -MT"Core/Src/main.o" --specs=nano.specs -mfpu=fpv4-sp-d16 -mfloat-abi=hard -mthumb -o "Core/Src/main.o"
../Core/Src/main.c: In function 'main':
../Core/Src/main.c:109:3: warning: implicit declaration of function 'SPITxRx_Setup' [-Wimplicit-function-declaration]
  109 |   SPITxRx_Setup();
      |   ^~~~~~~~~~~~~
../Core/Src/main.c:110:3: warning: implicit declaration of function 'TikTokGame' [-Wimplicit-function-declaration]
  110 |   TikTokGame();
      |   ^~~~~~~~~~
../Core/Src/main.c:111:3: warning: implicit declaration of function 'LEDdisplay' [-Wimplicit-function-declaration]
  111 |   LEDdisplay();
      |   ^~~~~~~~~~
../Core/Src/main.c:121:11: warning: implicit declaration of function 'SPITxRx_readIO' [-Wimplicit-function-declaration]
  121 |           SPITxRx_readIO();
      |           ^~~~~~~~~~~~~~
../Core/Src/main.c: At top level:
../Core/Src/main.c:360:6: warning: conflicting types for 'SPITxRx_Setup'; have 'void()'
  360 | void SPITxRx_Setup()
      |      ^~~~~~~~~~~~~
../Core/Src/main.c:109:3: note: previous implicit declaration of 'SPITxRx_Setup' with type 'void()'
  109 |   SPITxRx_Setup();
      |   ^~~~~~~~~~~~~
../Core/Src/main.c:369:6: warning: conflicting types for 'SPITxRx_readIO'; have 'void()'
  369 | void SPITxRx_readIO()
      |      ^~~~~~~~~~~~~~
../Core/Src/main.c:121:11: note: previous implicit declaration of 'SPITxRx_readIO' with type 'void()'
  121 |           SPITxRx_readIO();
      |           ^~~~~~~~~~~~~~
../Core/Src/main.c:382:6: warning: conflicting types for 'TikTokGame'; have 'void()'
  382 | void TikTokGame()
      |      ^~~~~~~~~~
../Core/Src/main.c:110:3: note: previous implicit declaration of 'TikTokGame' with type 'void()'
  110 |   TikTokGame();
      |   ^~~~~~~~~~
../Core/Src/main.c:537:6: warning: conflicting types for 'LEDdisplay'; have 'void()'
  537 | void LEDdisplay() {
      |      ^~~~~~~~~~
../Core/Src/main.c:111:3: note: previous implicit declaration of 'LEDdisplay' with type 'void()'
  111 |   LEDdisplay();
      |   ^~~~~~~~~~
arm-none-eabi-gcc -o "LAB3_Game.elf" @"objects.list"   -mcpu=cortex-m4 -T"D:\UNIVERSITY\YR2\FRA222_MicroCon\FRA222_LAB3_SPIGAME\LAB2_Game\LAB3_Game\STM32G474RETX_FLASH.ld" --specs=nosys.specs -Wl,-Map="LAB3_Game.map" -Wl,--gc-sections -static --specs=nano.specs -mfpu=fpv4-sp-d16 -mfloat-abi=hard -mthumb -Wl,--start-group -lc -lm -Wl,--end-group
Finished building target: LAB3_Game.elf
 
arm-none-eabi-size   LAB3_Game.elf 
arm-none-eabi-objdump -h -S  LAB3_Game.elf  > "LAB3_Game.list"
   text	   data	    bss	    dec	    hex	filename
  18168	     24	   1928	  20120	   4e98	LAB3_Game.elf
Finished building: default.size.stdout
 
Finished building: LAB3_Game.list
 
03:26:21 **** Incremental Build of configuration Debug for project SPI ****
make -j16 all 
arm-none-eabi-size   SPI.elf 
   text	   data	    bss	    dec	    hex	filename
  18716	     24	   1920	  20660	   50b4	SPI.elf
Finished building: default.size.stdout
 
03:26:47 **** Incremental Build of configuration Debug for project SPI ****
make -j16 all 
arm-none-eabi-size   SPI.elf 
   text	   data	    bss	    dec	    hex	filename
  18716	     24	   1920	  20660	   50b4	SPI.elf
Finished building: default.size.stdout
 
03:32:59 **** Incremental Build of configuration Debug for project LAB3_Game ****
make -j16 all 
arm-none-eabi-gcc "../Core/Src/main.c" -mcpu=cortex-m4 -std=gnu11 -g3 -DDEBUG -DUSE_HAL_DRIVER -DSTM32G474xx -c -I../Core/Inc -I../Drivers/STM32G4xx_HAL_Driver/Inc -I../Drivers/STM32G4xx_HAL_Driver/Inc/Legacy -I../Drivers/CMSIS/Device/ST/STM32G4xx/Include -I../Drivers/CMSIS/Include -O0 -ffunction-sections -fdata-sections -Wall -fstack-usage -fcyclomatic-complexity -MMD -MP -MF"Core/Src/main.d" -MT"Core/Src/main.o" --specs=nano.specs -mfpu=fpv4-sp-d16 -mfloat-abi=hard -mthumb -o "Core/Src/main.o"
../Core/Src/main.c: In function 'main':
../Core/Src/main.c:109:3: warning: implicit declaration of function 'SPITxRx_Setup' [-Wimplicit-function-declaration]
  109 |   SPITxRx_Setup();
      |   ^~~~~~~~~~~~~
../Core/Src/main.c:110:3: warning: implicit declaration of function 'TikTokGame' [-Wimplicit-function-declaration]
  110 |   TikTokGame();
      |   ^~~~~~~~~~
../Core/Src/main.c:111:3: warning: implicit declaration of function 'LEDdisplay' [-Wimplicit-function-declaration]
  111 |   LEDdisplay();
      |   ^~~~~~~~~~
../Core/Src/main.c:121:11: warning: implicit declaration of function 'SPITxRx_readIO' [-Wimplicit-function-declaration]
  121 |           SPITxRx_readIO();
      |           ^~~~~~~~~~~~~~
../Core/Src/main.c: At top level:
../Core/Src/main.c:360:6: warning: conflicting types for 'SPITxRx_Setup'; have 'void()'
  360 | void SPITxRx_Setup()
      |      ^~~~~~~~~~~~~
../Core/Src/main.c:109:3: note: previous implicit declaration of 'SPITxRx_Setup' with type 'void()'
  109 |   SPITxRx_Setup();
      |   ^~~~~~~~~~~~~
../Core/Src/main.c:369:6: warning: conflicting types for 'SPITxRx_readIO'; have 'void()'
  369 | void SPITxRx_readIO()
      |      ^~~~~~~~~~~~~~
../Core/Src/main.c:121:11: note: previous implicit declaration of 'SPITxRx_readIO' with type 'void()'
  121 |           SPITxRx_readIO();
      |           ^~~~~~~~~~~~~~
../Core/Src/main.c:382:6: warning: conflicting types for 'TikTokGame'; have 'void()'
  382 | void TikTokGame()
      |      ^~~~~~~~~~
../Core/Src/main.c:110:3: note: previous implicit declaration of 'TikTokGame' with type 'void()'
  110 |   TikTokGame();
      |   ^~~~~~~~~~
../Core/Src/main.c:537:6: warning: conflicting types for 'LEDdisplay'; have 'void()'
  537 | void LEDdisplay() {
      |      ^~~~~~~~~~
../Core/Src/main.c:111:3: note: previous implicit declaration of 'LEDdisplay' with type 'void()'
  111 |   LEDdisplay();
      |   ^~~~~~~~~~
arm-none-eabi-gcc -o "LAB3_Game.elf" @"objects.list"   -mcpu=cortex-m4 -T"D:\UNIVERSITY\YR2\FRA222_MicroCon\FRA222_LAB3_SPIGAME\LAB2_Game\LAB3_Game\STM32G474RETX_FLASH.ld" --specs=nosys.specs -Wl,-Map="LAB3_Game.map" -Wl,--gc-sections -static --specs=nano.specs -mfpu=fpv4-sp-d16 -mfloat-abi=hard -mthumb -Wl,--start-group -lc -lm -Wl,--end-group
Finished building target: LAB3_Game.elf
 
arm-none-eabi-size   LAB3_Game.elf 
arm-none-eabi-objdump -h -S  LAB3_Game.elf  > "LAB3_Game.list"
   text	   data	    bss	    dec	    hex	filename
  18236	     24	   1928	  20188	   4edc	LAB3_Game.elf
Finished building: default.size.stdout
 
Finished building: LAB3_Game.list
 
03:33:15 **** Incremental Build of configuration Debug for project SPI ****
make -j16 all 
arm-none-eabi-size   SPI.elf 
   text	   data	    bss	    dec	    hex	filename
  18716	     24	   1920	  20660	   50b4	SPI.elf
Finished building: default.size.stdout
 
03:33:46 **** Incremental Build of configuration Debug for project LAB3_Game ****
make -j16 all 
arm-none-eabi-size   LAB3_Game.elf 
   text	   data	    bss	    dec	    hex	filename
  18236	     24	   1928	  20188	   4edc	LAB3_Game.elf
Finished building: default.size.stdout
 
03:34:05 **** Incremental Build of configuration Debug for project SPI ****
make -j16 all 
arm-none-eabi-size   SPI.elf 
   text	   data	    bss	    dec	    hex	filename
  18716	     24	   1920	  20660	   50b4	SPI.elf
Finished building: default.size.stdout
 
03:34:35 **** Incremental Build of configuration Debug for project LAB3_Game ****
make -j16 all 
arm-none-eabi-size   LAB3_Game.elf 
   text	   data	    bss	    dec	    hex	filename
  18236	     24	   1928	  20188	   4edc	LAB3_Game.elf
Finished building: default.size.stdout
 
03:34:43 **** Incremental Build of configuration Debug for project LAB3_Game ****
make -j16 all 
arm-none-eabi-size   LAB3_Game.elf 
   text	   data	    bss	    dec	    hex	filename
  18236	     24	   1928	  20188	   4edc	LAB3_Game.elf
Finished building: default.size.stdout
 
03:35:43 **** Incremental Build of configuration Debug for project LAB3_Game ****
make -j16 all 
arm-none-eabi-gcc "../Core/Src/main.c" -mcpu=cortex-m4 -std=gnu11 -g3 -DDEBUG -DUSE_HAL_DRIVER -DSTM32G474xx -c -I../Core/Inc -I../Drivers/STM32G4xx_HAL_Driver/Inc -I../Drivers/STM32G4xx_HAL_Driver/Inc/Legacy -I../Drivers/CMSIS/Device/ST/STM32G4xx/Include -I../Drivers/CMSIS/Include -O0 -ffunction-sections -fdata-sections -Wall -fstack-usage -fcyclomatic-complexity -MMD -MP -MF"Core/Src/main.d" -MT"Core/Src/main.o" --specs=nano.specs -mfpu=fpv4-sp-d16 -mfloat-abi=hard -mthumb -o "Core/Src/main.o"
../Core/Src/main.c: In function 'main':
../Core/Src/main.c:109:3: warning: implicit declaration of function 'SPITxRx_Setup' [-Wimplicit-function-declaration]
  109 |   SPITxRx_Setup();
      |   ^~~~~~~~~~~~~
../Core/Src/main.c:110:3: warning: implicit declaration of function 'TikTokGame' [-Wimplicit-function-declaration]
  110 |   TikTokGame();
      |   ^~~~~~~~~~
../Core/Src/main.c:111:3: warning: implicit declaration of function 'LEDdisplay' [-Wimplicit-function-declaration]
  111 |   LEDdisplay();
      |   ^~~~~~~~~~
../Core/Src/main.c:121:11: warning: implicit declaration of function 'SPITxRx_readIO' [-Wimplicit-function-declaration]
  121 |           SPITxRx_readIO();
      |           ^~~~~~~~~~~~~~
../Core/Src/main.c: At top level:
../Core/Src/main.c:360:6: warning: conflicting types for 'SPITxRx_Setup'; have 'void()'
  360 | void SPITxRx_Setup()
      |      ^~~~~~~~~~~~~
../Core/Src/main.c:109:3: note: previous implicit declaration of 'SPITxRx_Setup' with type 'void()'
  109 |   SPITxRx_Setup();
      |   ^~~~~~~~~~~~~
../Core/Src/main.c:369:6: warning: conflicting types for 'SPITxRx_readIO'; have 'void()'
  369 | void SPITxRx_readIO()
      |      ^~~~~~~~~~~~~~
../Core/Src/main.c:121:11: note: previous implicit declaration of 'SPITxRx_readIO' with type 'void()'
  121 |           SPITxRx_readIO();
      |           ^~~~~~~~~~~~~~
../Core/Src/main.c:382:6: warning: conflicting types for 'TikTokGame'; have 'void()'
  382 | void TikTokGame()
      |      ^~~~~~~~~~
../Core/Src/main.c:110:3: note: previous implicit declaration of 'TikTokGame' with type 'void()'
  110 |   TikTokGame();
      |   ^~~~~~~~~~
../Core/Src/main.c:537:6: warning: conflicting types for 'LEDdisplay'; have 'void()'
  537 | void LEDdisplay() {
      |      ^~~~~~~~~~
../Core/Src/main.c:111:3: note: previous implicit declaration of 'LEDdisplay' with type 'void()'
  111 |   LEDdisplay();
      |   ^~~~~~~~~~
arm-none-eabi-gcc -o "LAB3_Game.elf" @"objects.list"   -mcpu=cortex-m4 -T"D:\UNIVERSITY\YR2\FRA222_MicroCon\FRA222_LAB3_SPIGAME\LAB2_Game\LAB3_Game\STM32G474RETX_FLASH.ld" --specs=nosys.specs -Wl,-Map="LAB3_Game.map" -Wl,--gc-sections -static --specs=nano.specs -mfpu=fpv4-sp-d16 -mfloat-abi=hard -mthumb -Wl,--start-group -lc -lm -Wl,--end-group
Finished building target: LAB3_Game.elf
 
arm-none-eabi-size   LAB3_Game.elf 
arm-none-eabi-objdump -h -S  LAB3_Game.elf  > "LAB3_Game.list"
   text	   data	    bss	    dec	    hex	filename
  18236	     24	   1928	  20188	   4edc	LAB3_Game.elf
Finished building: default.size.stdout
 
Finished building: LAB3_Game.list
 
03:37:41 **** Incremental Build of configuration Debug for project LAB3_Game ****
make -j16 all 
arm-none-eabi-size   LAB3_Game.elf 
   text	   data	    bss	    dec	    hex	filename
  18236	     24	   1928	  20188	   4edc	LAB3_Game.elf
Finished building: default.size.stdout
 
03:38:37 **** Incremental Build of configuration Debug for project LAB3_Game ****
make -j16 all 
arm-none-eabi-gcc "../Core/Src/main.c" -mcpu=cortex-m4 -std=gnu11 -g3 -DDEBUG -DUSE_HAL_DRIVER -DSTM32G474xx -c -I../Core/Inc -I../Drivers/STM32G4xx_HAL_Driver/Inc -I../Drivers/STM32G4xx_HAL_Driver/Inc/Legacy -I../Drivers/CMSIS/Device/ST/STM32G4xx/Include -I../Drivers/CMSIS/Include -O0 -ffunction-sections -fdata-sections -Wall -fstack-usage -fcyclomatic-complexity -MMD -MP -MF"Core/Src/main.d" -MT"Core/Src/main.o" --specs=nano.specs -mfpu=fpv4-sp-d16 -mfloat-abi=hard -mthumb -o "Core/Src/main.o"
../Core/Src/main.c: In function 'main':
../Core/Src/main.c:109:3: warning: implicit declaration of function 'SPITxRx_Setup' [-Wimplicit-function-declaration]
  109 |   SPITxRx_Setup();
      |   ^~~~~~~~~~~~~
../Core/Src/main.c:110:3: warning: implicit declaration of function 'TikTokGame' [-Wimplicit-function-declaration]
  110 |   TikTokGame();
      |   ^~~~~~~~~~
../Core/Src/main.c:111:3: warning: implicit declaration of function 'LEDdisplay' [-Wimplicit-function-declaration]
  111 |   LEDdisplay();
      |   ^~~~~~~~~~
../Core/Src/main.c:121:11: warning: implicit declaration of function 'SPITxRx_readIO' [-Wimplicit-function-declaration]
  121 |           SPITxRx_readIO();
      |           ^~~~~~~~~~~~~~
../Core/Src/main.c: At top level:
../Core/Src/main.c:360:6: warning: conflicting types for 'SPITxRx_Setup'; have 'void()'
  360 | void SPITxRx_Setup()
      |      ^~~~~~~~~~~~~
../Core/Src/main.c:109:3: note: previous implicit declaration of 'SPITxRx_Setup' with type 'void()'
  109 |   SPITxRx_Setup();
      |   ^~~~~~~~~~~~~
../Core/Src/main.c:369:6: warning: conflicting types for 'SPITxRx_readIO'; have 'void()'
  369 | void SPITxRx_readIO()
      |      ^~~~~~~~~~~~~~
../Core/Src/main.c:121:11: note: previous implicit declaration of 'SPITxRx_readIO' with type 'void()'
  121 |           SPITxRx_readIO();
      |           ^~~~~~~~~~~~~~
../Core/Src/main.c:382:6: warning: conflicting types for 'TikTokGame'; have 'void()'
  382 | void TikTokGame()
      |      ^~~~~~~~~~
../Core/Src/main.c:110:3: note: previous implicit declaration of 'TikTokGame' with type 'void()'
  110 |   TikTokGame();
      |   ^~~~~~~~~~
../Core/Src/main.c:537:6: warning: conflicting types for 'LEDdisplay'; have 'void()'
  537 | void LEDdisplay() {
      |      ^~~~~~~~~~
../Core/Src/main.c:111:3: note: previous implicit declaration of 'LEDdisplay' with type 'void()'
  111 |   LEDdisplay();
      |   ^~~~~~~~~~
arm-none-eabi-gcc -o "LAB3_Game.elf" @"objects.list"   -mcpu=cortex-m4 -T"D:\UNIVERSITY\YR2\FRA222_MicroCon\FRA222_LAB3_SPIGAME\LAB2_Game\LAB3_Game\STM32G474RETX_FLASH.ld" --specs=nosys.specs -Wl,-Map="LAB3_Game.map" -Wl,--gc-sections -static --specs=nano.specs -mfpu=fpv4-sp-d16 -mfloat-abi=hard -mthumb -Wl,--start-group -lc -lm -Wl,--end-group
Finished building target: LAB3_Game.elf
 
arm-none-eabi-size   LAB3_Game.elf 
arm-none-eabi-objdump -h -S  LAB3_Game.elf  > "LAB3_Game.list"
   text	   data	    bss	    dec	    hex	filename
  18188	     24	   1928	  20140	   4eac	LAB3_Game.elf
Finished building: default.size.stdout
 
Finished building: LAB3_Game.list
 
03:40:03 **** Incremental Build of configuration Debug for project LAB3_Game ****
make -j16 all 
arm-none-eabi-gcc "../Core/Src/main.c" -mcpu=cortex-m4 -std=gnu11 -g3 -DDEBUG -DUSE_HAL_DRIVER -DSTM32G474xx -c -I../Core/Inc -I../Drivers/STM32G4xx_HAL_Driver/Inc -I../Drivers/STM32G4xx_HAL_Driver/Inc/Legacy -I../Drivers/CMSIS/Device/ST/STM32G4xx/Include -I../Drivers/CMSIS/Include -O0 -ffunction-sections -fdata-sections -Wall -fstack-usage -fcyclomatic-complexity -MMD -MP -MF"Core/Src/main.d" -MT"Core/Src/main.o" --specs=nano.specs -mfpu=fpv4-sp-d16 -mfloat-abi=hard -mthumb -o "Core/Src/main.o"
../Core/Src/main.c: In function 'main':
../Core/Src/main.c:109:3: warning: implicit declaration of function 'SPITxRx_Setup' [-Wimplicit-function-declaration]
  109 |   SPITxRx_Setup();
      |   ^~~~~~~~~~~~~
../Core/Src/main.c:110:3: warning: implicit declaration of function 'TikTokGame' [-Wimplicit-function-declaration]
  110 |   TikTokGame();
      |   ^~~~~~~~~~
../Core/Src/main.c:111:3: warning: implicit declaration of function 'LEDdisplay' [-Wimplicit-function-declaration]
  111 |   LEDdisplay();
      |   ^~~~~~~~~~
../Core/Src/main.c:121:11: warning: implicit declaration of function 'SPITxRx_readIO' [-Wimplicit-function-declaration]
  121 |           SPITxRx_readIO();
      |           ^~~~~~~~~~~~~~
../Core/Src/main.c: At top level:
../Core/Src/main.c:360:6: warning: conflicting types for 'SPITxRx_Setup'; have 'void()'
  360 | void SPITxRx_Setup()
      |      ^~~~~~~~~~~~~
../Core/Src/main.c:109:3: note: previous implicit declaration of 'SPITxRx_Setup' with type 'void()'
  109 |   SPITxRx_Setup();
      |   ^~~~~~~~~~~~~
../Core/Src/main.c:369:6: warning: conflicting types for 'SPITxRx_readIO'; have 'void()'
  369 | void SPITxRx_readIO()
      |      ^~~~~~~~~~~~~~
../Core/Src/main.c:121:11: note: previous implicit declaration of 'SPITxRx_readIO' with type 'void()'
  121 |           SPITxRx_readIO();
      |           ^~~~~~~~~~~~~~
../Core/Src/main.c:382:6: warning: conflicting types for 'TikTokGame'; have 'void()'
  382 | void TikTokGame()
      |      ^~~~~~~~~~
../Core/Src/main.c:110:3: note: previous implicit declaration of 'TikTokGame' with type 'void()'
  110 |   TikTokGame();
      |   ^~~~~~~~~~
../Core/Src/main.c:537:6: warning: conflicting types for 'LEDdisplay'; have 'void()'
  537 | void LEDdisplay() {
      |      ^~~~~~~~~~
../Core/Src/main.c:111:3: note: previous implicit declaration of 'LEDdisplay' with type 'void()'
  111 |   LEDdisplay();
      |   ^~~~~~~~~~
arm-none-eabi-gcc -o "LAB3_Game.elf" @"objects.list"   -mcpu=cortex-m4 -T"D:\UNIVERSITY\YR2\FRA222_MicroCon\FRA222_LAB3_SPIGAME\LAB2_Game\LAB3_Game\STM32G474RETX_FLASH.ld" --specs=nosys.specs -Wl,-Map="LAB3_Game.map" -Wl,--gc-sections -static --specs=nano.specs -mfpu=fpv4-sp-d16 -mfloat-abi=hard -mthumb -Wl,--start-group -lc -lm -Wl,--end-group
Finished building target: LAB3_Game.elf
 
arm-none-eabi-size   LAB3_Game.elf 
arm-none-eabi-objdump -h -S  LAB3_Game.elf  > "LAB3_Game.list"
   text	   data	    bss	    dec	    hex	filename
  18188	     24	   1928	  20140	   4eac	LAB3_Game.elf
Finished building: default.size.stdout
 
Finished building: LAB3_Game.list
 
